Sandbox logs:
0 0   {}
best_bid_volume:  1
SELL 1x 9998
100 952.5238095238095   {}
best_bid_volume:  1
SELL 1x 9996
200 1814.092970521542   {}
best_bid_volume:  1
SELL 1x 9996
300 2593.7031638052044   {}
best_bid_volume:  2
SELL 2x 9996
400 3298.7790529666136   {}
best_bid_volume:  5
SELL 5x 9998
500 3937.085809826936   {}
best_bid_volume:  1
SELL 1x 10002
600 4514.791923176752   {'PEARLS': 1}
best_bid_volume:  2
SELL 2x 9996
700 5037.097454302775   {'PEARLS': 1}
best_bid_volume:  7
SELL 7x 9998
800 5509.897696750129   {'PEARLS': 1}
900 5937.526487535832   {'PEARLS': 1}
1000 6324.428726818133   {'PEARLS': 1}
1100 6674.483133787835   {'PEARLS': 1}
1200 6991.199025808041   {'PEARLS': 1}
1300 7277.846737635848   {'PEARLS': 1}
1400 7537.099429289577   {'PEARLS': 1}
1500 7771.661388404855   {'PEARLS': 1}
1600 7984.169827604393   {'PEARLS': 1}
1700 8176.153653546831   {'PEARLS': 1}
1800 8349.85330558999   {'PEARLS': 1}
1900 8507.010133629039   {'PEARLS': 1}
2000 8649.199644711987   {'PEARLS': 1}
2100 8777.752059501321   {'PEARLS': 1}
2200 8894.1566252631   {'PEARLS': 1}
2300 8999.475041904709   {'PEARLS': 1}
2400 9094.763133151879   {'PEARLS': 1}
2500 9181.071406185034   {'PEARLS': 1}
2600 9259.064605595982   {'PEARLS': 1}
2700 9329.629881253508   {'PEARLS': 1}
2800 9393.569892562698   {'PEARLS': 1}
2900 9451.467998032917   {'PEARLS': 1}
3000 9503.994855363115   {'PEARLS': 1}
3100 9551.233440566628   {'PEARLS': 1}
3200 9593.973112893616   {'PEARLS': 1}
3300 9632.547102141843   {'PEARLS': 1}
3400 9667.542616223573   {'PEARLS': 1}
3500 9699.20522420228   {'PEARLS': 1}
3600 9727.757107611586   {'PEARLS': 1}
3700 9753.351668791434   {'PEARLS': 1}
3800 9776.651509858915   {'PEARLS': 1}
3900 9798.20850891997   {'PEARLS': 1}
4000 9817.569603308544   {'PEARLS': 1}
4100 9835.229641088683   {'PEARLS': 1}
4200 9850.922056223095   {'PEARLS': 1}
4300 9865.11995563042   {'PEARLS': 1}
4400 9877.96567414181   {'PEARLS': 1}
4500 9889.302276604494   {'PEARLS': 1}
4600 9899.844916927876   {'PEARLS': 1}
4700 9909.383496268078   {'PEARLS': 1}
4800 9918.10887757588   {'PEARLS': 1}
4900 9926.193746378176   {'PEARLS': 1}
5000 9932.889580056444   {'PEARLS': 1}
5100 9939.376286717736   {'PEARLS': 1}
5200 9945.483307030332   {'PEARLS': 1}
5300 9950.675373027443   {'PEARLS': 1}
5400 9955.37295654864   {'PEARLS': 1}
5500 9959.385055924959   {'PEARLS': 1}
5600 9963.253145836867   {'PEARLS': 1}
5700 9967.03856051907   {'PEARLS': 1}
5800 9970.272983326777   {'PEARLS': 1}
5900 9973.437461105179   {'PEARLS': 1}
6000 9976.157702904686   {'PEARLS': 1}
6100 9978.14268358043   {'PEARLS': 1}
6200 9980.033856572769   {'PEARLS': 1}
6300 9981.93539404203   {'PEARLS': 1}
6400 9983.655832704693   {'PEARLS': 1}
6500 9985.450515304246   {'PEARLS': 1}
6600 9986.836180513366   {'PEARLS': 1}
6700 9988.089877607332   {'PEARLS': 1}
6800 9989.509889263776   {'PEARLS': 1}
6900 9990.60418552437   {'PEARLS': 1}
7000 9991.499024998238   {'PEARLS': 1}
7100 9992.49911785555   {'PEARLS': 1}
7200 9993.213487583593   {'PEARLS': 1}
7300 9993.85982209944   {'PEARLS': 1}
7400 9994.349362851875   {'PEARLS': 1}
7500 9995.173233056457   {'PEARLS': 1}
7600 9995.63292514632   {'PEARLS': 1}
7700 9996.048837037146   {'PEARLS': 1}
7800 9996.425138271703   {'PEARLS': 1}
7900 9996.765601293446   {'PEARLS': 1}
8000 9996.97840117026   {'PEARLS': 1}
8100 9997.266172487378   {'PEARLS': 1}
8200 9997.526537012389   {'PEARLS': 1}
8300 9997.428771582638   {'PEARLS': 1}
8400 9997.959364765244   {'PEARLS': 1}
8500 9998.153710978078   {'PEARLS': 1}
8600 9998.329548027785   {'PEARLS': 1}
8700 9998.488638691806   {'PEARLS': 1}
8800 9998.632577864015   {'PEARLS': 1}
best_ask_volume:  -12
BUY 12x 9998
8900 9998.429475210298   {'PEARLS': 13}
9000 9998.864763285506   {'PEARLS': 13}
9100 9998.830023924982   {'PEARLS': 13}
9200 9998.94145021784   {'PEARLS': 13}
9300 9998.899407339952   {'PEARLS': 13}
9400 9999.004225688528   {'PEARLS': 13}
9500 9999.09906133724   {'PEARLS': 13}
9600 9999.280103114646   {'PEARLS': 13}
9700 9999.348664722775   {'PEARLS': 13}
9800 9999.553553796795   {'PEARLS': 13}
9900 9999.453215339958   {'PEARLS': 13}
10000 9999.505290069486   {'PEARLS': 13}
10100 9999.647643396202   {'PEARLS': 13}
10200 9999.681201167992   {'PEARLS': 13}
10300 9999.711562961516   {'PEARLS': 13}
10400 9999.739033155658   {'PEARLS': 13}
10500 9999.763887140833   {'PEARLS': 13}
10600 9999.881612175039   {'PEARLS': 13}
best_ask_volume:  -2
BUY 2x 9998
10700 9999.559553872654   {'PEARLS': 15}
10800 9999.744358265734   {'PEARLS': 15}
10900 10000.102038430903   {'PEARLS': 15}
11000 10000.092320485102   {'PEARLS': 15}
11100 10000.08352805795   {'PEARLS': 15}
11200 9999.980334909575   {'PEARLS': 15}
11300 10000.267922061043   {'PEARLS': 15}
11400 10000.242405674277   {'PEARLS': 15}
11500 10000.314557514823   {'PEARLS': 15}
11600 10000.379837751507   {'PEARLS': 15}
11700 10000.343662727553   {'PEARLS': 15}
11800 10000.310932943978   {'PEARLS': 15}
11900 10000.281320282646   {'PEARLS': 15}
12000 10000.254527874775   {'PEARLS': 15}
12100 10000.230287124796   {'PEARLS': 15}
12200 10000.113116922434   {'PEARLS': 15}
12300 10000.19758197744   {'PEARLS': 15}
12400 9999.988288455777   {'PEARLS': 15}
12500 9999.989403840942   {'PEARLS': 15}
12600 10000.276127284662   {'PEARLS': 15}
12700 10000.345067543267   {'PEARLS': 15}
12800 10000.312203967718   {'PEARLS': 15}
12900 10000.187232161268   {'PEARLS': 15}
13000 10000.169400526862   {'PEARLS': 15}
13100 10000.15326714335   {'PEARLS': 15}
13200 10000.138670272556   {'PEARLS': 15}
13300 10000.125463579932   {'PEARLS': 15}
13400 10000.113514667557   {'PEARLS': 15}
13500 10000.388418032551   {'PEARLS': 15}
13600 10000.256187743737   {'PEARLS': 15}
13700 10000.231788911   {'PEARLS': 15}
13800 10000.304951871858   {'PEARLS': 15}
13900 10000.275908836444   {'PEARLS': 15}
14000 10000.106774661544   {'PEARLS': 15}
14100 10000.096605646158   {'PEARLS': 15}
14200 10000.277881298905   {'PEARLS': 15}
14300 10000.251416413295   {'PEARLS': 15}
14400 10000.227471992981   {'PEARLS': 15}
14500 10000.301046088887   {'PEARLS': 15}
best_ask_volume:  -2
BUY 2x 10000
14600 10000.081898842327   {'PEARLS': 17}
14700 9999.931241809725   {'PEARLS': 17}
14800 10000.033028304037   {'PEARLS': 17}
14900 10000.02988275127   {'PEARLS': 17}
15000 9999.931798679721   {'PEARLS': 17}
15100 9999.938294043557   {'PEARLS': 17}
15200 10000.229885087027   {'PEARLS': 17}
best_ask_volume:  -4
BUY 4x 10000
15300 10000.112753173977   {'PEARLS': 17}
15400 10000.197252871694   {'PEARLS': 17}
15500 10000.083228788675   {'PEARLS': 17}
15600 10000.218159380229   {'PEARLS': 17}
15700 10000.197382296397   {'PEARLS': 17}
15800 10000.178583982455   {'PEARLS': 17}
15900 10000.256814079365   {'PEARLS': 17}
16000 10000.375212738472   {'PEARLS': 17}
16100 10000.244240096712   {'PEARLS': 17}
16200 10000.363836277977   {'PEARLS': 17}
16300 10000.329185203884   {'PEARLS': 17}
16400 10000.202596136847   {'PEARLS': 17}
best_ask_volume:  -1
BUY 1x 9998
16500 9999.897586980958   {'PEARLS': 18}
16600 9999.90734060182   {'PEARLS': 18}
16700 9999.916165306407   {'PEARLS': 18}
16800 10000.209863848653   {'PEARLS': 18}
16900 10000.09463872021   {'PEARLS': 18}
17000 10000.08562550876   {'PEARLS': 18}
17100 10000.077470698401   {'PEARLS': 18}
17200 10000.165330631888   {'PEARLS': 18}
17300 10000.24482295266   {'PEARLS': 18}
best_ask_volume:  -1
BUY 1x 9998
17400 9999.888173147645   {'PEARLS': 19}
17500 9999.89882332406   {'PEARLS': 19}
17600 9999.908459197959   {'PEARLS': 19}
17700 9999.917177369582   {'PEARLS': 19}
17800 9999.925065239146   {'PEARLS': 19}
17900 9999.932201883037   {'PEARLS': 19}
18000 10000.033896941795   {'PEARLS': 19}
18100 10000.125906756863   {'PEARLS': 19}
18200 10000.113915637161   {'PEARLS': 19}
18300 10000.10306652886   {'PEARLS': 19}
18400 10000.093250668968   {'PEARLS': 19}
18500 10000.084369652875   {'PEARLS': 19}
18600 10000.171572543079   {'PEARLS': 19}
18700 10000.059994205641   {'PEARLS': 19}
18800 10000.339994757485   {'PEARLS': 19}
18900 10000.30761430439   {'PEARLS': 19}
19000 10000.278317703973   {'PEARLS': 19}
19100 10000.108954113119   {'PEARLS': 19}
19200 9999.90810134044   {'PEARLS': 19}
19300 9999.821615498493   {'PEARLS': 19}
19400 9999.838604498636   {'PEARLS': 19}
19500 9999.758737403528   {'PEARLS': 19}
19600 9999.78171479367   {'PEARLS': 19}
19700 9999.80250386094   {'PEARLS': 19}
19800 9999.726074921802   {'PEARLS': 19}
19900 10000.085496357822   {'PEARLS': 19}
20000 10000.077353847553   {'PEARLS': 19}
20100 9999.974748719214   {'PEARLS': 19}
20200 10000.072391698337   {'PEARLS': 19}
20300 10000.065497250876   {'PEARLS': 19}
20400 10000.05925941746   {'PEARLS': 19}
20500 10000.053615663415   {'PEARLS': 19}
20600 10000.048509409757   {'PEARLS': 19}
20700 10000.043889465971   {'PEARLS': 19}
20800 9999.944471421592   {'PEARLS': 19}
20900 9999.94975985763   {'PEARLS': 19}
21000 9999.954544633094   {'PEARLS': 19}
21100 9999.958873715657   {'PEARLS': 19}
21200 10000.05802859988   {'PEARLS': 19}
21300 10000.05250206656   {'PEARLS': 19}
21400 10000.047501869743   {'PEARLS': 19}
21500 10000.042977882149   {'PEARLS': 19}
21600 10000.038884750516   {'PEARLS': 19}
21700 10000.368514774278   {'PEARLS': 19}
21800 10000.23818003387   {'PEARLS': 19}
21900 10000.31073431636   {'PEARLS': 19}
22000 10000.281140571944   {'PEARLS': 19}
best_ask_volume:  -2
BUY 2x 10000
22100 10000.063889088902   {'PEARLS': 19}
22200 10000.05780441377   {'PEARLS': 19}
22300 9999.957061136267   {'PEARLS': 19}
22400 9999.96115055186   {'PEARLS': 19}
22500 10000.250564785016   {'PEARLS': 19}
22600 10000.56003480549   {'PEARLS': 19}
22700 10000.41146006211   {'PEARLS': 19}
22800 10000.372273389528   {'PEARLS': 19}
best_ask_volume:  -3
BUY 3x 9998
22900 10000.051104495287   {'PEARLS': 19}
best_ask_volume:  -1
BUY 1x 9998
23000 9999.760523114785   {'PEARLS': 20}
23100 9999.878568532424   {'PEARLS': 20}
23200 9999.794895338859   {'PEARLS': 20}
best_ask_volume:  -1
BUY 1x 9998
23300 9999.481095782776   {'PEARLS': 20}
23400 9999.530515232036   {'PEARLS': 20}
23500 9999.718085209937   {'PEARLS': 20}
23600 9999.744934237562   {'PEARLS': 20}
23700 9999.62636907208   {'PEARLS': 20}
23800 9999.661952969978   {'PEARLS': 20}
23900 9999.694147925218   {'PEARLS': 20}
24000 9999.723276694245   {'PEARLS': 20}
24100 9999.654393199555   {'PEARLS': 20}
24200 9999.68730813293   {'PEARLS': 20}
24300 9999.812326405985   {'PEARLS': 20}
24400 10000.11591436732   {'PEARLS': 20}
24500 10000.104874903765   {'PEARLS': 20}
best_ask_volume:  -2
BUY 2x 9998
24600 9999.761553484359   {'PEARLS': 20}
24700 9999.784262676325   {'PEARLS': 20}
24800 9999.804809088104   {'PEARLS': 20}
24900 9999.82339869876   {'PEARLS': 20}
25000 9999.935455965546   {'PEARLS': 20}
25100 9999.846364921208   {'PEARLS': 20}
25200 9999.860996833473   {'PEARLS': 20}
25300 9999.874235230285   {'PEARLS': 20}
25400 9999.790974732163   {'PEARLS': 20}
25500 9999.906119995767   {'PEARLS': 20}
25600 10000.01029904379   {'PEARLS': 20}
25700 10000.009318182476   {'PEARLS': 20}
25800 10000.008430736525   {'PEARLS': 20}
25900 10000.007627809237   {'PEARLS': 20}
26000 10000.006901351215   {'PEARLS': 20}
26100 9999.863386936813   {'PEARLS': 20}
26200 9999.73354056188   {'PEARLS': 20}
26300 9999.758917651225   {'PEARLS': 20}
26400 9999.781877874917   {'PEARLS': 20}
26500 10000.135984743973   {'PEARLS': 20}
26600 10000.027795720736   {'PEARLS': 20}
26700 10000.310862794951   {'PEARLS': 20}
best_ask_volume:  -6
BUY 6x 10000
26800 10000.043161576385   {'PEARLS': 20}
26900 10000.039050950063   {'PEARLS': 20}
best_ask_volume:  -1
BUY 1x 9998
27000 9999.701998478628   {'PEARLS': 20}
27100 9999.635141480663   {'PEARLS': 20}
27200 9999.574651815838   {'PEARLS': 20}
27300 9999.710399261949   {'PEARLS': 20}
27400 9999.928456475098   {'PEARLS': 20}
27500 9999.935270144137   {'PEARLS': 20}
27600 9999.846196797076   {'PEARLS': 20}
best_ask_volume:  -1
BUY 1x 9998
27700 9999.57513043545   {'PEARLS': 20}
27800 9999.615594203504   {'PEARLS': 20}
27900 9999.65220427936   {'PEARLS': 20}
best_ask_volume:  -4
BUY 4x 9998
28000 9999.399613395612   {'PEARLS': 20}
28100 9999.313935929364   {'PEARLS': 20}
28200 9999.379275364663   {'PEARLS': 20}
28300 9999.4383919966   {'PEARLS': 20}
28400 9999.396640377876   {'PEARLS': 20}
28500 9999.311246056173   {'PEARLS': 20}
28600 9999.376841669871   {'PEARLS': 20}
28700 9999.531428177503   {'PEARLS': 20}
28800 9999.57605406536   {'PEARLS': 20}
28900 9999.616429868658   {'PEARLS': 20}
29000 9999.652960357358   {'PEARLS': 20}
29100 9999.686011751895   {'PEARLS': 20}
29200 9999.81115348981   {'PEARLS': 20}
29300 9999.686281728877   {'PEARLS': 20}
29400 9999.71615965946   {'PEARLS': 20}
29500 9999.743192072845   {'PEARLS': 20}
29600 10000.053364256382   {'PEARLS': 20}
best_ask_volume:  -1
BUY 1x 9998
29700 9999.714948612916   {'PEARLS': 20}
29800 9999.742096364067   {'PEARLS': 20}
29900 9999.861896710347   {'PEARLS': 20}
30000 9999.779811309361   {'PEARLS': 20}
30100 9999.705543565613   {'PEARLS': 20}
30200 9999.49549179746   {'PEARLS': 20}
30300 9999.543540197701   {'PEARLS': 20}
30400 9999.491774464586   {'PEARLS': 20}
30500 9999.540176896531   {'PEARLS': 20}
30600 9999.583969573052   {'PEARLS': 20}
30700 9999.623591518475   {'PEARLS': 20}
30800 9999.659439945288   {'PEARLS': 20}
30900 9999.691874236212   {'PEARLS': 20}
31000 9999.864076689906   {'PEARLS': 20}
31100 9999.877021767057   {'PEARLS': 20}
31200 9999.888733979718   {'PEARLS': 20}
31300 9999.899330743554   {'PEARLS': 20}
31400 9999.908918291787   {'PEARLS': 20}
31500 9999.917592740188   {'PEARLS': 20}
31600 9999.925441050647   {'PEARLS': 20}
31700 10000.027779998205   {'PEARLS': 20}
best_ask_volume:  -4
BUY 4x 9998
31800 9999.691800950757   {'PEARLS': 20}
31900 9999.721153241162   {'PEARLS': 20}
32000 9999.842948170575   {'PEARLS': 20}
32100 9999.667429297187   {'PEARLS': 20}
32200 9999.699102697456   {'PEARLS': 20}
32300 9999.632521488174   {'PEARLS': 20}
32400 9999.572281346444   {'PEARLS': 20}
32500 9999.517778361067   {'PEARLS': 20}
32600 9999.563704231441   {'PEARLS': 20}
32700 9999.6052562094   {'PEARLS': 20}
32800 9999.928565141838   {'PEARLS': 20}
32900 9999.935368461664   {'PEARLS': 20}
33000 9999.846285751028   {'PEARLS': 20}
33100 10000.146639489025   {'PEARLS': 20}
33200 10000.132673823404   {'PEARLS': 20}
33300 9999.977181078319   {'PEARLS': 20}
33400 9999.884116213716   {'PEARLS': 20}
33500 9999.895152764791   {'PEARLS': 20}
33600 10000.04799535862   {'PEARLS': 20}
33700 10000.043424372085   {'PEARLS': 20}
33800 10000.134526812839   {'PEARLS': 20}
33900 10000.45504806876   {'PEARLS': 20}
34000 10000.411710157448   {'PEARLS': 20}
34100 10000.658213951976   {'PEARLS': 20}
34200 10000.59552690893   {'PEARLS': 20}
34300 10000.53881006046   {'PEARLS': 20}
34400 10000.487494816607   {'PEARLS': 20}
34500 10000.441066738835   {'PEARLS': 20}
34600 10000.256203239898   {'PEARLS': 20}
34700 10000.231802931337   {'PEARLS': 20}
best_ask_volume:  -5
BUY 5x 9998
34800 9999.876393128352   {'PEARLS': 20}
34900 10000.2214985447   {'PEARLS': 20}
35000 10000.200403445206   {'PEARLS': 20}
35100 10000.086079307566   {'PEARLS': 20}
35200 10000.077881278274   {'PEARLS': 20}
35300 10000.070464013676   {'PEARLS': 20}
35400 10000.206610298088   {'PEARLS': 20}
35500 10000.18693312684   {'PEARLS': 20}
35600 10000.502463305238   {'PEARLS': 20}
35700 10000.549847752358   {'PEARLS': 20}
35800 10000.783195585465   {'PEARLS': 20}
35900 10000.708605529706   {'PEARLS': 20}
36000 10000.545881193542   {'PEARLS': 20}
best_ask_volume:  -1
BUY 1x 9998
36100 10000.160559175109   {'PEARLS': 20}
best_ask_volume:  -4
BUY 4x 9998
36200 9999.811934491765   {'PEARLS': 20}
36300 9999.734607397311   {'PEARLS': 20}
best_ask_volume:  -1
BUY 1x 9998
36400 9999.426549549948   {'PEARLS': 20}
36500 9999.385925783285   {'PEARLS': 20}
36600 9999.349170946782   {'PEARLS': 20}
36700 9999.74448799947   {'PEARLS': 20}
36800 10000.102155809043   {'PEARLS': 20}
36900 10000.378140970086   {'PEARLS': 20}
37000 10000.246889449125   {'PEARLS': 20}
37100 10000.366233311113   {'PEARLS': 20}
37200 10000.33135394815   {'PEARLS': 20}
37300 10000.442653572136   {'PEARLS': 20}
37400 10000.73382942241   {'PEARLS': 20}
37500 10000.66394090599   {'PEARLS': 20}
37600 10000.934041772087   {'PEARLS': 20}
37700 10000.84508541284   {'PEARLS': 20}
37800 10000.764601087809   {'PEARLS': 20}
37900 10000.691781936588   {'PEARLS': 20}
best_ask_volume:  -3
BUY 3x 10000
38000 10000.43542175215   {'PEARLS': 20}
38100 10000.251095870994   {'PEARLS': 20}
38200 10000.227181978518   {'PEARLS': 20}
best_ask_volume:  -2
BUY 2x 9998
38300 9999.872212266278   {'PEARLS': 20}
38400 9999.884382526632   {'PEARLS': 20}
38500 10000.228727047906   {'PEARLS': 20}
38600 10000.492657805247   {'PEARLS': 20}
38700 10000.779071347606   {'PEARLS': 20}
38800 10000.704874076406   {'PEARLS': 20}
38900 10000.637743211986   {'PEARLS': 20}
39000 10000.577005763225   {'PEARLS': 20}
39100 10000.522052833394   {'PEARLS': 20}
39200 10000.377095420688   {'PEARLS': 20}
39300 10000.341181571099   {'PEARLS': 20}
39400 10000.403926183375   {'PEARLS': 20}
39500 10000.365457023054   {'PEARLS': 20}
39600 10000.330651592287   {'PEARLS': 20}
39700 10000.29916096445   {'PEARLS': 20}
39800 10000.270669444026   {'PEARLS': 20}
39900 10000.149653306498   {'PEARLS': 20}
40000 10000.23063870588   {'PEARLS': 20}
40100 10000.303911210081   {'PEARLS': 20}
40200 10000.608300618645   {'PEARLS': 20}
40300 10000.455129131155   {'PEARLS': 20}
best_ask_volume:  -4
BUY 4x 10000
40400 10000.22130730914   {'PEARLS': 20}
40500 10000.104992327317   {'PEARLS': 20}
40600 10000.094993058048   {'PEARLS': 20}
best_ask_volume:  -7
BUY 7x 9998
40700 9999.800231814424   {'PEARLS': 20}
40800 9999.819257355908   {'PEARLS': 20}
40900 9999.83647094106   {'PEARLS': 20}
41000 9999.85204513715   {'PEARLS': 20}
41100 10000.008993219326   {'PEARLS': 20}
41200 10000.008136722246   {'PEARLS': 20}
best_ask_volume:  -8
BUY 8x 9998
41300 9999.721647510605   {'PEARLS': 20}
41400 9999.557681081023   {'PEARLS': 20}
41500 9999.599806692355   {'PEARLS': 20}
41600 9999.780777483558   {'PEARLS': 20}
best_ask_volume:  -5
BUY 5x 9998
41700 9999.515941532743   {'PEARLS': 20}
41800 9999.562042339148   {'PEARLS': 20}
41900 9999.508514497324   {'PEARLS': 20}
42000 9999.650560735674   {'PEARLS': 20}
42100 9999.68384066561   {'PEARLS': 20}
42200 9999.713951078409   {'PEARLS': 20}
42300 9999.598336689989   {'PEARLS': 20}
42400 9999.874685576657   {'PEARLS': 20}
best_ask_volume:  -5
BUY 5x 9998
42500 9999.600905997928   {'PEARLS': 20}
42600 9999.638914950507   {'PEARLS': 20}
42700 9999.530446859982   {'PEARLS': 20}
42800 9999.57516620665   {'PEARLS': 20}
42900 9999.615626567922   {'PEARLS': 20}
43000 9999.652233561454   {'PEARLS': 20}
43100 9999.971068460361   {'PEARLS': 20}
43200 9999.87858574985   {'PEARLS': 20}
43300 9999.699672821294   {'PEARLS': 20}
43400 9999.728275409743   {'PEARLS': 20}
43500 9999.65891584691   {'PEARLS': 20}
43600 9999.596161956728   {'PEARLS': 20}
43700 9999.491765579896   {'PEARLS': 20}
43800 9999.540168858002   {'PEARLS': 20}
best_ask_volume:  -1
BUY 1x 9998
43900 9999.250628966764   {'PEARLS': 20}
44000 9999.321997636596   {'PEARLS': 20}
44100 9999.672283575968   {'PEARLS': 20}
44200 9999.70349466397   {'PEARLS': 20}
44300 9999.82697136264   {'PEARLS': 20}
44400 9999.843450280483   {'PEARLS': 20}
44500 9999.85835977758   {'PEARLS': 20}
44600 9999.871849322572   {'PEARLS': 20}
44700 9999.884054148994   {'PEARLS': 20}
44800 9999.799858515755   {'PEARLS': 20}
44900 9999.723681514253   {'PEARLS': 20}
45000 9999.607140417658   {'PEARLS': 20}
45100 9999.644555615976   {'PEARLS': 20}
best_ask_volume:  -1
BUY 1x 9998
45200 9999.39269317636   {'PEARLS': 20}
45300 9999.450531921468   {'PEARLS': 20}
best_ask_volume:  -1
BUY 1x 9998
45400 9999.217147928948   {'PEARLS': 20}
45500 9999.291705269048   {'PEARLS': 20}
45600 9999.359161910092   {'PEARLS': 20}
45700 9999.42019410913   {'PEARLS': 20}
45800 9999.808747051118   {'PEARLS': 20}
45900 9999.826961617679   {'PEARLS': 20}
46000 9999.748203368375   {'PEARLS': 20}
best_ask_volume:  -5
BUY 5x 9998
46100 9999.486469714246   {'PEARLS': 20}
46200 9999.535377360507   {'PEARLS': 20}
46300 9999.579627135698   {'PEARLS': 20}
46400 9999.619662646584   {'PEARLS': 20}
46500 9999.655885251672   {'PEARLS': 20}
46600 9999.593419989607   {'PEARLS': 20}
46700 9999.53690380012   {'PEARLS': 20}
46800 9999.58100820011   {'PEARLS': 20}
46900 9999.71615027629   {'PEARLS': 20}
47000 9999.74318358331   {'PEARLS': 20}
47100 9999.624785146805   {'PEARLS': 20}
47200 9999.803377037586   {'PEARLS': 20}
47300 9999.822103034006   {'PEARLS': 20}
47400 9999.839045602197   {'PEARLS': 20}
47500 9999.759136497225   {'PEARLS': 20}
47600 9999.782075878442   {'PEARLS': 20}
47700 9999.802830556686   {'PEARLS': 20}
best_ask_volume:  -1
BUY 1x 9998
47800 9999.535894313192   {'PEARLS': 20}
best_ask_volume:  -1
BUY 1x 9998
47900 9999.24676152146   {'PEARLS': 20}
48000 9999.461355662272   {'PEARLS': 20}
48100 9999.607893218246   {'PEARLS': 20}
48200 9999.64523672127   {'PEARLS': 20}
48300 9999.679023700197   {'PEARLS': 20}
48400 9999.709592871606   {'PEARLS': 20}
48500 9999.737250693359   {'PEARLS': 20}
48600 9999.76227443685   {'PEARLS': 20}
48700 9999.689676871434   {'PEARLS': 20}
48800 10000.05256478844   {'PEARLS': 20}
48900 10000.142796713351   {'PEARLS': 20}
49000 10000.224435121603   {'PEARLS': 20}
49100 10000.203060348118   {'PEARLS': 20}
49200 10000.326578410202   {'PEARLS': 20}
49300 10000.295475704468   {'PEARLS': 20}
49400 10000.267335161185   {'PEARLS': 20}
49500 10000.337112764882   {'PEARLS': 20}
49600 10000.305006787275   {'PEARLS': 20}
49700 10000.275958521821   {'PEARLS': 20}
49800 10000.1544386626   {'PEARLS': 20}
best_ask_volume:  -1
BUY 1x 9998
49900 9999.854015932828   {'PEARLS': 20}
50000 9999.86791917732   {'PEARLS': 20}
50100 9999.88049830329   {'PEARLS': 20}
50200 9999.891879417262   {'PEARLS': 20}
50300 9999.997414710857   {'PEARLS': 20}
50400 9999.902422833631   {'PEARLS': 20}
50500 10000.197430182809   {'PEARLS': 20}
50600 10000.46434159397   {'PEARLS': 20}
50700 10000.42011858502   {'PEARLS': 20}
50800 10000.237250148351   {'PEARLS': 20}
best_ask_volume:  -1
BUY 1x 9998
50900 9999.881321562794   {'PEARLS': 20}
51000 9999.8926242711   {'PEARLS': 20}
51100 9999.902850530996   {'PEARLS': 20}
51200 9999.912102861377   {'PEARLS': 20}
51300 9999.920474017437   {'PEARLS': 20}
51400 9999.928047920539   {'PEARLS': 20}
51500 9999.934900499535   {'PEARLS': 20}
51600 9999.94110045196   {'PEARLS': 20}
51700 9999.946709932727   {'PEARLS': 20}
51800 9999.85654708199   {'PEARLS': 20}
51900 9999.870209264658   {'PEARLS': 20}
52000 9999.787332191832   {'PEARLS': 20}
52100 9999.998062459277   {'PEARLS': 20}
52200 9999.998246986965   {'PEARLS': 20}
52300 9999.855556797731   {'PEARLS': 20}
52400 9999.726456150329   {'PEARLS': 20}
52500 9999.942984136012   {'PEARLS': 20}
52600 9999.948414218297   {'PEARLS': 20}
best_ask_volume:  -2
BUY 2x 9998
52700 9999.667612864174   {'PEARLS': 20}
best_ask_volume:  -1
BUY 1x 9998
52800 9999.365935448537   {'PEARLS': 20}
best_ask_volume:  -1
BUY 1x 9998
52900 9999.092989215342   {'PEARLS': 20}
53000 9999.179371194832   {'PEARLS': 20}
53100 9999.257526319134   {'PEARLS': 20}
53200 9999.328238098264   {'PEARLS': 20}
best_ask_volume:  -1
BUY 1x 9998
53300 9999.106501136524   {'PEARLS': 20}
53400 9999.191596266379   {'PEARLS': 20}
53500 9999.268587098153   {'PEARLS': 20}
53600 9999.24300737452   {'PEARLS': 20}
53700 9999.457959053138   {'PEARLS': 20}
53800 9999.414343905219   {'PEARLS': 20}
best_ask_volume:  -13
BUY 13x 9998
53900 9999.184406390437   {'PEARLS': 20}
54000 9999.2620819723   {'PEARLS': 20}
54100 9999.3323598797   {'PEARLS': 20}
54200 9999.39594465306   {'PEARLS': 20}
54300 9999.453473733722   {'PEARLS': 20}
54400 9999.648380997176   {'PEARLS': 20}
54500 9999.681868521255   {'PEARLS': 20}
54600 9999.56930961447   {'PEARLS': 20}
54700 9999.705565841663   {'PEARLS': 20}
54800 9999.876464332932   {'PEARLS': 20}
54900 9999.888229634558   {'PEARLS': 20}
55000 9999.898874431266   {'PEARLS': 20}
best_ask_volume:  -5
BUY 5x 9998
55100 9999.575172104478   {'PEARLS': 20}
55200 9999.901346189765   {'PEARLS': 20}
55300 9999.91074179074   {'PEARLS': 20}
55400 9999.824004477336   {'PEARLS': 20}
55500 9999.840765955685   {'PEARLS': 20}
55600 9999.855931102762   {'PEARLS': 20}
55700 9999.964890045356   {'PEARLS': 20}
55800 9999.825376707704   {'PEARLS': 20}
55900 9999.842007497446   {'PEARLS': 20}
best_ask_volume:  -11
BUY 11x 9998
56000 9999.523721069118   {'PEARLS': 20}
56100 9999.569080967296   {'PEARLS': 20}
56200 9999.610120875173   {'PEARLS': 20}
56300 9999.647252220395   {'PEARLS': 20}
56400 9999.537990104167   {'PEARLS': 20}
56500 9999.724848189484   {'PEARLS': 20}
56600 9999.751053123819   {'PEARLS': 20}
56700 9999.774762350122   {'PEARLS': 20}
56800 9999.796213554871   {'PEARLS': 20}
56900 9999.81562178774   {'PEARLS': 20}
57000 9999.976038760336   {'PEARLS': 20}
57100 9999.978320783162   {'PEARLS': 20}
57200 9999.98038547048   {'PEARLS': 20}
57300 9999.982253520911   {'PEARLS': 20}
57400 10000.31727699511   {'PEARLS': 20}
57500 10000.191822043194   {'PEARLS': 20}
57600 10000.078315181938   {'PEARLS': 20}
best_ask_volume:  -1
BUY 1x 9998
57700 9999.737523259848   {'PEARLS': 20}
57800 9999.667282949385   {'PEARLS': 20}
57900 9999.69897028754   {'PEARLS': 20}
58000 10000.013354069679   {'PEARLS': 20}
58100 10000.154939396376   {'PEARLS': 20}
58200 10000.140183263387   {'PEARLS': 20}
58300 10000.126832476399   {'PEARLS': 20}
best_ask_volume:  -1
BUY 1x 9998
58400 9999.829038907219   {'PEARLS': 20}
58500 9999.60722567796   {'PEARLS': 20}
best_ask_volume:  -1
BUY 1x 9998
58600 9999.358918470536   {'PEARLS': 20}
58700 9999.515211949532   {'PEARLS': 20}
58800 9999.561382240054   {'PEARLS': 20}
58900 9999.698393455286   {'PEARLS': 20}
best_ask_volume:  -1
BUY 1x 9998
59000 9999.393784554783   {'PEARLS': 20}
59100 9999.451519359089   {'PEARLS': 20}
best_ask_volume:  -2
BUY 2x 9998
59200 9999.17042227727   {'PEARLS': 20}
59300 9999.439905869911   {'PEARLS': 20}
best_ask_volume:  -13
BUY 13x 9998
59400 9999.207533882302   {'PEARLS': 20}
59500 9999.283006845892   {'PEARLS': 20}
59600 9999.446530003426   {'PEARLS': 20}
59700 9999.499241431671   {'PEARLS': 20}
59800 9999.642170819132   {'PEARLS': 20}
59900 9999.676249788738   {'PEARLS': 20}
60000 9999.992797427905   {'PEARLS': 20}
60100 10000.08872148239   {'PEARLS': 20}
best_ask_volume:  -1
BUY 1x 9998
60200 9999.746938484068   {'PEARLS': 20}
60300 9999.9615157713   {'PEARLS': 20}
60400 9999.965180935938   {'PEARLS': 20}
60500 10000.158973227755   {'PEARLS': 20}
60600 10000.14383292035   {'PEARLS': 20}
60700 9999.987277404127   {'PEARLS': 20}
60800 9999.893250984685   {'PEARLS': 20}
60900 9999.903417557573   {'PEARLS': 20}
61000 9999.912615885423   {'PEARLS': 20}
61100 9999.92093818205   {'PEARLS': 20}
61200 9999.928467878997   {'PEARLS': 20}
61300 9999.93528046195   {'PEARLS': 20}
61400 9999.94144422748   {'PEARLS': 20}
61500 10000.232735253434   {'PEARLS': 20}
61600 10000.543903324537   {'PEARLS': 20}
61700 10000.492103007915   {'PEARLS': 20}
61800 10000.44523605478   {'PEARLS': 20}
61900 10000.402832620992   {'PEARLS': 20}
best_ask_volume:  -1
BUY 1x 9998
62000 10000.078753323754   {'PEARLS': 20}
62100 10000.071253007207   {'PEARLS': 20}
62200 10000.064467006521   {'PEARLS': 20}
62300 10000.20118443447   {'PEARLS': 20}
62400 10000.18202401214   {'PEARLS': 20}
62500 10000.164688391937   {'PEARLS': 20}
62600 10000.14900378318   {'PEARLS': 20}
62700 10000.134812946688   {'PEARLS': 20}
62800 9999.979116475575   {'PEARLS': 20}
62900 9999.981105382663   {'PEARLS': 20}
63000 9999.982904870029   {'PEARLS': 20}
63100 9999.984532977645   {'PEARLS': 20}
63200 9999.843148884536   {'PEARLS': 20}
63300 9999.85808708601   {'PEARLS': 20}
63400 9999.871602601628   {'PEARLS': 20}
63500 9999.788592830044   {'PEARLS': 20}
best_ask_volume:  -1
BUY 1x 9998
63600 9999.523012560516   {'PEARLS': 20}
63700 9999.473201840467   {'PEARLS': 20}
63800 9999.618611188995   {'PEARLS': 20}
63900 9999.6549339329   {'PEARLS': 20}
64000 9999.544940225005   {'PEARLS': 20}
64100 9999.588279251195   {'PEARLS': 20}
64200 9999.627490751081   {'PEARLS': 20}
64300 9999.567729727169   {'PEARLS': 20}
64400 9999.60889832458   {'PEARLS': 20}
64500 9999.646146103192   {'PEARLS': 20}
64600 9999.775084569555   {'PEARLS': 20}
64700 9999.79650508674   {'PEARLS': 20}
64800 9999.720647459431   {'PEARLS': 20}
64900 9999.652014368057   {'PEARLS': 20}
65000 9999.685155856814   {'PEARLS': 20}
65100 9999.572283870451   {'PEARLS': 20}
65200 9999.70825683517   {'PEARLS': 20}
65300 10000.069375231822   {'PEARLS': 20}
65400 10000.3484823526   {'PEARLS': 20}
best_ask_volume:  -1
BUY 1x 9998
65500 10000.0295792714   {'PEARLS': 20}
65600 9999.931524102696   {'PEARLS': 20}
65700 10000.080902759582   {'PEARLS': 20}
65800 10000.07319773486   {'PEARLS': 20}
65900 10000.066226522016   {'PEARLS': 20}
66000 10000.059919234205   {'PEARLS': 20}
best_ask_volume:  -2
BUY 2x 9998
66100 9999.768498354757   {'PEARLS': 20}
66200 9999.790546130494   {'PEARLS': 20}
66300 9999.810494118066   {'PEARLS': 20}
best_ask_volume:  -1
BUY 1x 9998
66400 9999.495208963965   {'PEARLS': 20}
66500 9999.44804620549   {'PEARLS': 20}
66600 9999.500613233538   {'PEARLS': 20}
66700 9999.405316735107   {'PEARLS': 20}
66800 9999.604810379382   {'PEARLS': 20}
best_ask_volume:  -1
BUY 1x 9998
66900 9999.356733200393   {'PEARLS': 20}
67000 9999.417996705117   {'PEARLS': 20}
67100 9999.759139876058   {'PEARLS': 20}
67200 9999.686840840242   {'PEARLS': 20}
67300 9999.716665522124   {'PEARLS': 20}
67400 9999.648411662874   {'PEARLS': 20}
best_ask_volume:  -5
BUY 5x 9998
67500 9999.396181980697   {'PEARLS': 20}
67600 9999.453688458727   {'PEARLS': 20}
67700 9999.505718129325   {'PEARLS': 20}
67800 9999.886125926532   {'PEARLS': 20}
best_ask_volume:  -1
BUY 1x 9998
67900 9999.611256790673   {'PEARLS': 20}
68000 9999.553041858228   {'PEARLS': 20}
68100 9999.5956093003   {'PEARLS': 20}
68200 9999.634122700272   {'PEARLS': 20}
68300 9999.66896815739   {'PEARLS': 20}
68400 9999.700494999543   {'PEARLS': 20}
68500 9999.871876428157   {'PEARLS': 20}
68600 9999.979316768333   {'PEARLS': 20}
68700 9999.886048504683   {'PEARLS': 20}
68800 10000.182615313759   {'PEARLS': 20}
68900 10000.165223379116   {'PEARLS': 20}
69000 10000.1494878192   {'PEARLS': 20}
69100 10000.230488979278   {'PEARLS': 20}
69200 10000.208537647917   {'PEARLS': 20}
69300 10000.093438824306   {'PEARLS': 20}
69400 10000.084539888658   {'PEARLS': 20}
69500 10000.362202756403   {'PEARLS': 20}
69600 10000.661040589128   {'PEARLS': 20}
69700 10000.502846247306   {'PEARLS': 20}
69800 10000.454956128515   {'PEARLS': 20}
69900 10000.411626973419   {'PEARLS': 20}
70000 10000.372424404522   {'PEARLS': 20}
70100 10000.432193508854   {'PEARLS': 20}
70200 10000.24817507944   {'PEARLS': 20}
best_ask_volume:  -3
BUY 3x 10000
70300 10000.034063167113   {'PEARLS': 20}
70400 10000.030819055959   {'PEARLS': 20}
70500 9999.932645812534   {'PEARLS': 20}
70600 9999.939060497054   {'PEARLS': 20}
70700 9999.94486425924   {'PEARLS': 20}
70800 9999.807258139312   {'PEARLS': 20}
best_ask_volume:  -1
BUY 1x 9998
70900 9999.539900221282   {'PEARLS': 20}
71000 9999.583719247827   {'PEARLS': 20}
71100 9999.623365033747   {'PEARLS': 20}
71200 9999.659235030533   {'PEARLS': 20}
71300 9999.691688837149   {'PEARLS': 20}
71400 9999.72105180504   {'PEARLS': 20}
71500 9999.890475442655   {'PEARLS': 20}
71600 9999.900906352877   {'PEARLS': 20}
71700 9999.91034384308   {'PEARLS': 20}
71800 9999.918882524691   {'PEARLS': 20}
71900 9999.92660799853   {'PEARLS': 20}
72000 9999.933597712956   {'PEARLS': 20}
72100 9999.797064597436   {'PEARLS': 20}
72200 9999.721153683395   {'PEARLS': 20}
72300 9999.747710475453   {'PEARLS': 20}
72400 9999.77173804922   {'PEARLS': 20}
72500 9999.793477282627   {'PEARLS': 20}
72600 9999.813146112852   {'PEARLS': 20}
72700 9999.830941721151   {'PEARLS': 20}
72800 9999.847042509613   {'PEARLS': 20}
72900 9999.86160988965   {'PEARLS': 20}
73000 9999.87478990016   {'PEARLS': 20}
73100 9999.886714671573   {'PEARLS': 20}
73200 9999.802265655233   {'PEARLS': 20}
73300 9999.821097497592   {'PEARLS': 20}
73400 9999.838135831154   {'PEARLS': 20}
best_ask_volume:  -1
BUY 1x 9998
73500 9999.567837180568   {'PEARLS': 20}
best_ask_volume:  -1
BUY 1x 9998
73600 9999.27566221099   {'PEARLS': 20}
73700 9999.677980095657   {'PEARLS': 20}
best_ask_volume:  -10
BUY 10x 9998
73800 9999.375315324642   {'PEARLS': 20}
73900 9999.768142436582   {'PEARLS': 20}
74000 9999.885462204527   {'PEARLS': 20}
74100 9999.896370566   {'PEARLS': 20}
74200 10000.001478131144   {'PEARLS': 20}
74300 10000.001337356749   {'PEARLS': 20}
74400 10000.00120998944   {'PEARLS': 20}
74500 
74600 10000.000990490222   {'PEARLS': 20}
74700 10000.00089615782   {'PEARLS': 20}
best_ask_volume:  -1
BUY 1x 9998
74800 9999.715096523743   {'PEARLS': 20}
best_ask_volume:  -2
BUY 2x 9998
74900 9999.456515902435   {'PEARLS': 20}
best_ask_volume:  -1
BUY 1x 9998
75000 9999.222562006966   {'PEARLS': 20}
75100 9999.296603720588   {'PEARLS': 20}
75200 9999.64930812815   {'PEARLS': 20}
75300 9999.68270735404   {'PEARLS': 20}
75400 9999.712925701275   {'PEARLS': 20}
75500 9999.740266110677   {'PEARLS': 20}
75600 9999.765002671566   {'PEARLS': 20}
75700 9999.644526226655   {'PEARLS': 20}
75800 9999.535523728879   {'PEARLS': 20}
75900 9999.579759564223   {'PEARLS': 20}
76000 9999.619782462869   {'PEARLS': 20}
76100 9999.75123175212   {'PEARLS': 20}
76200 9999.774923966203   {'PEARLS': 20}
76300 9999.796359778946   {'PEARLS': 20}
best_ask_volume:  -12
BUY 12x 9998
76400 9999.5300398   {'PEARLS': 20}
76500 9999.574797914285   {'PEARLS': 20}
76600 9999.61529335102   {'PEARLS': 20}
76700 9999.651932079494   {'PEARLS': 20}
76800 9999.780319500494   {'PEARLS': 20}
76900 9999.801241452828   {'PEARLS': 20}
77000 9999.820170838273   {'PEARLS': 20}
77100 9999.837297425103   {'PEARLS': 20}
77200 9999.852792908427   {'PEARLS': 20}
77300 9999.866812631433   {'PEARLS': 20}
77400 9999.879497142725   {'PEARLS': 20}
77500 9999.890973605323   {'PEARLS': 20}
best_ask_volume:  -3
BUY 3x 9998
77600 9999.61564278577   {'PEARLS': 20}
77700 9999.652248234745   {'PEARLS': 20}
77800 9999.82822459334   {'PEARLS': 20}
77900 9999.844584155879   {'PEARLS': 20}
best_ask_volume:  -1
BUY 1x 9998
78000 9999.573671379128   {'PEARLS': 20}
78100 9999.709512200165   {'PEARLS': 20}
78200 10000.022891990624   {'PEARLS': 20}
78300 10000.115949896279   {'PEARLS': 20}
78400 10000.24776419187   {'PEARLS': 20}
78500 10000.224167602168   {'PEARLS': 20}
78600 10000.202818306723   {'PEARLS': 20}
78700 10000.183502277512   {'PEARLS': 20}
78800 10000.16602587013   {'PEARLS': 20}
78900 10000.435928168212   {'PEARLS': 20}
79000 10000.39441119981   {'PEARLS': 20}
79100 10000.356848228399   {'PEARLS': 20}
79200 10000.322862682837   {'PEARLS': 20}
79300 10000.2921138559   {'PEARLS': 20}
79400 10000.264293488672   {'PEARLS': 20}
79500 10000.239122680227   {'PEARLS': 20}
79600 10000.216349091634   {'PEARLS': 20}
79700 10000.19574441624   {'PEARLS': 20}
79800 10000.462816376597   {'PEARLS': 20}
79900 10000.418738626446   {'PEARLS': 20}
80000 10000.474096852498   {'PEARLS': 20}
80100 10000.428944771307   {'PEARLS': 20}
80200 10000.24523574547   {'PEARLS': 20}
80300 10000.221879960187   {'PEARLS': 20}
80400 10000.200748535408   {'PEARLS': 20}
best_ask_volume:  -1
BUY 1x 9998
80500 9999.89591534156   {'PEARLS': 20}
80600 10000.191542451887   {'PEARLS': 20}
best_ask_volume:  -1
BUY 1x 9998
80700 9999.839966980278   {'PEARLS': 20}
best_ask_volume:  -1
BUY 1x 9998
80800 9999.569493934538   {'PEARLS': 20}
80900 9999.70573260744   {'PEARLS': 20}
81000 9999.828996168635   {'PEARLS': 20}
81100 9999.845282247812   {'PEARLS': 20}
81200 9999.86001727183   {'PEARLS': 20}
81300 9999.873348960227   {'PEARLS': 20}
81400 9999.885410964016   {'PEARLS': 20}
81500 9999.896324205538   {'PEARLS': 20}
81600 10000.191912376438   {'PEARLS': 20}
81700 10000.173635007253   {'PEARLS': 20}
81800 10000.299955482753   {'PEARLS': 20}
81900 10000.271388293919   {'PEARLS': 20}
82000 10000.245541789736   {'PEARLS': 20}
82100 10000.22215685738   {'PEARLS': 20}
82200 10000.296237156677   {'PEARLS': 20}
82300 10000.268024094137   {'PEARLS': 20}
82400 10000.38535513279   {'PEARLS': 20}
82500 10000.49151178681   {'PEARLS': 20}
82600 10000.444701140446   {'PEARLS': 20}
82700 10000.688062936593   {'PEARLS': 20}
82800 10000.622533133108   {'PEARLS': 20}
82900 10000.563244263289   {'PEARLS': 20}
83000 10000.41436385726   {'PEARLS': 20}
83100 10000.517757775617   {'PEARLS': 20}
best_ask_volume:  -1
BUY 1x 9998
83200 10000.135114177938   {'PEARLS': 20}
83300 10000.265103303847   {'PEARLS': 20}
83400 10000.09699822729   {'PEARLS': 20}
83500 10000.373474586597   {'PEARLS': 20}
83600 10000.242667483111   {'PEARLS': 20}
83700 10000.219556294243   {'PEARLS': 20}
83800 10000.531979504316   {'PEARLS': 20}
83900 10000.481314789618   {'PEARLS': 20}
84000 10000.292618142988   {'PEARLS': 20}
84100 10000.264749748418   {'PEARLS': 20}
84200 10000.525249772378   {'PEARLS': 20}
84300 10000.379987889293   {'PEARLS': 20}
84400 10000.343798566504   {'PEARLS': 20}
84500 10000.215817750646   {'PEARLS': 20}
84600 10000.100025583917   {'PEARLS': 20}
84700 10000.09049933783   {'PEARLS': 20}
84800 10000.177118448513   {'PEARLS': 20}
84900 10000.445964310558   {'PEARLS': 20}
85000 10000.403491519077   {'PEARLS': 20}
85100 10000.365063755355   {'PEARLS': 20}
85200 10000.235057683416   {'PEARLS': 20}
85300 10000.117433142137   {'PEARLS': 20}
85400 9999.963391890506   {'PEARLS': 20}
85500 9999.966878377125   {'PEARLS': 20}
85600 10000.065270912637   {'PEARLS': 20}
85700 9999.963816540005   {'PEARLS': 20}
85800 9999.967262583814   {'PEARLS': 20}
85900 10000.256094718688   {'PEARLS': 20}
86000 10000.23170474548   {'PEARLS': 20}
86100 10000.209637626862   {'PEARLS': 20}
86200 10000.18967213859   {'PEARLS': 20}
best_ask_volume:  -2
BUY 2x 9998
86300 9999.838274792057   {'PEARLS': 20}
86400 9999.948915288052   {'PEARLS': 20}
86500 9999.953780498714   {'PEARLS': 20}
86600 10000.053420451219   {'PEARLS': 20}
86700 9999.905475646341   {'PEARLS': 20}
86800 9999.914477965736   {'PEARLS': 20}
best_ask_volume:  -2
BUY 2x 9998
86900 9999.636908635666   {'PEARLS': 20}
87000 9999.576250670365   {'PEARLS': 20}
87100 9999.426131558903   {'PEARLS': 20}
best_ask_volume:  -1
BUY 1x 9998
87200 9999.195071410437   {'PEARLS': 20}
87300 9999.271731276109   {'PEARLS': 20}
87400 9999.341090202193   {'PEARLS': 20}
87500 9999.546700659126   {'PEARLS': 20}
87600 9999.589872024924   {'PEARLS': 20}
87700 9999.628931832074   {'PEARLS': 20}
87800 9999.664271657592   {'PEARLS': 20}
87900 9999.69624578544   {'PEARLS': 20}
88000 9999.725174758256   {'PEARLS': 20}
88100 9999.84658668604   {'PEARLS': 20}
88200 9999.861197477847   {'PEARLS': 20}
88300 9999.874416765671   {'PEARLS': 20}
88400 9999.886377073703   {'PEARLS': 20}
88500 9999.80196020954   {'PEARLS': 20}
88600 10000.106535427678   {'PEARLS': 20}
88700 10000.382103482185   {'PEARLS': 20}
88800 10000.345712674358   {'PEARLS': 20}
88900 10000.312787657753   {'PEARLS': 20}
89000 10000.568712642727   {'PEARLS': 20}
89100 10000.514549533897   {'PEARLS': 20}
89200 10000.465544816383   {'PEARLS': 20}
89300 10000.421207214822   {'PEARLS': 20}
89400 10000.381092241982   {'PEARLS': 20}
89500 10000.344797742746   {'PEARLS': 20}
89600 10000.311959862483   {'PEARLS': 20}
89700 10000.377487494628   {'PEARLS': 20}
89800 10000.198679161807   {'PEARLS': 20}
89900 10000.37023352735   {'PEARLS': 20}
90000 10000.43021128665   {'PEARLS': 20}
90100 10000.38923878316   {'PEARLS': 20}
90200 10000.35216842286   {'PEARLS': 20}
90300 10000.413866668303   {'PEARLS': 20}
90400 10000.517307937987   {'PEARLS': 20}
90500 10000.468040515321   {'PEARLS': 20}
90600 10000.423465228148   {'PEARLS': 20}
90700 10000.38313520642   {'PEARLS': 20}
best_ask_volume:  -4
BUY 4x 9998
90800 10000.060931853428   {'PEARLS': 20}
90900 10000.055128819768   {'PEARLS': 20}
91000 9999.907021313124   {'PEARLS': 20}
91100 9999.91587642616   {'PEARLS': 20}
91200 9999.923888195097   {'PEARLS': 20}
91300 9999.740660747946   {'PEARLS': 20}
best_ask_volume:  -2
BUY 2x 9998
91400 9999.479645438618   {'PEARLS': 20}
91500 9999.862536349227   {'PEARLS': 20}
91600 9999.87562812549   {'PEARLS': 20}
best_ask_volume:  -1
BUY 1x 9998
91700 9999.554139732585   {'PEARLS': 20}
91800 9999.596602615196   {'PEARLS': 20}
best_ask_volume:  -3
BUY 3x 9998
91900 9999.349307128035   {'PEARLS': 20}
92000 9999.554135020604   {'PEARLS': 20}
92100 9999.691836447213   {'PEARLS': 20}
92200 9999.721185357002   {'PEARLS': 20}
92300 9999.747739132526   {'PEARLS': 20}
92400 10000.105097310381   {'PEARLS': 20}
92500 10000.095088042726   {'PEARLS': 20}
92600 9999.990793943418   {'PEARLS': 20}
92700 9999.991670710711   {'PEARLS': 20}
92800 9999.992463976358   {'PEARLS': 20}
92900 9999.993181692895   {'PEARLS': 20}
93000 9999.850973912618   {'PEARLS': 20}
93100 9999.769928778083   {'PEARLS': 20}
93200 9999.791840323027   {'PEARLS': 20}
93300 10000.09737933988   {'PEARLS': 20}
93400 9999.992867021796   {'PEARLS': 20}
93500 9999.993546353053   {'PEARLS': 20}
93600 9999.85130384324   {'PEARLS': 20}
93700 9999.674989191502   {'PEARLS': 20}
93800 9999.705942601835   {'PEARLS': 20}
93900 9999.733948068328   {'PEARLS': 20}
94000 10000.045000633248   {'PEARLS': 20}
94100 10000.040714858653   {'PEARLS': 20}
94200 10000.036837253067   {'PEARLS': 20}
94300 10000.12856703849   {'PEARLS': 20}
94400 9999.973465415776   {'PEARLS': 20}
94500 10000.071230614274   {'PEARLS': 20}
94600 10000.064446746248   {'PEARLS': 20}
94700 10000.058308960892   {'PEARLS': 20}
94800 10000.052755726521   {'PEARLS': 20}
94900 10000.047731371615   {'PEARLS': 20}
95000 10000.328899812414   {'PEARLS': 20}
95100 10000.297576020756   {'PEARLS': 20}
best_ask_volume:  -1
BUY 1x 9998
95200 9999.983521161637   {'PEARLS': 20}
95300 10000.080328670054   {'PEARLS': 20}
95400 10000.072678320525   {'PEARLS': 20}
95500 10000.065756575712   {'PEARLS': 20}
95600 10000.15473213993   {'PEARLS': 20}
95700 10000.13999574565   {'PEARLS': 20}
best_ask_volume:  -1
BUY 1x 9998
95800 9999.840948531779   {'PEARLS': 20}
best_ask_volume:  -1
BUY 1x 9998
95900 9999.570382004944   {'PEARLS': 20}
best_ask_volume:  -1
BUY 1x 9998
96000 9999.277964671139   {'PEARLS': 20}
96100 9999.346729940555   {'PEARLS': 20}
96200 9999.313708041454   {'PEARLS': 20}
96300 9999.379069180364   {'PEARLS': 20}
96400 9999.771538782235   {'PEARLS': 20}
96500 9999.793296993452   {'PEARLS': 20}
96600 9999.955840136932   {'PEARLS': 20}
96700 10000.293379171511   {'PEARLS': 20}
96800 10000.265438298034   {'PEARLS': 20}
96900 10000.240158460127   {'PEARLS': 20}
97000 10000.217286225829   {'PEARLS': 20}
97100 10000.291830394797   {'PEARLS': 20}
97200 10000.264037023864   {'PEARLS': 20}
97300 10000.143652545401   {'PEARLS': 20}
97400 10000.22520944584   {'PEARLS': 20}
97500 10000.203760927188   {'PEARLS': 20}
97600 10000.184355124598   {'PEARLS': 20}
97700 10000.166797493684   {'PEARLS': 20}
97800 10000.150912018096   {'PEARLS': 20}
97900 10000.136539444944   {'PEARLS': 20}
98000 10000.26639283114   {'PEARLS': 20}
best_ask_volume:  -1
BUY 1x 9998
98100 9999.955307799602   {'PEARLS': 20}
98200 10000.054802294879   {'PEARLS': 20}
best_ask_volume:  -5
BUY 5x 9998
98300 9999.763868742986   {'PEARLS': 20}
98400 9999.78635743413   {'PEARLS': 20}
98500 9999.949561488022   {'PEARLS': 20}
98600 9999.954365155829   {'PEARLS': 20}
98700 10000.244425617178   {'PEARLS': 20}
98800 10000.22114698697   {'PEARLS': 20}
best_ask_volume:  -1
BUY 1x 9998
98900 9999.91437108345   {'PEARLS': 20}
99000 9999.92252621836   {'PEARLS': 20}
99100 9999.929904673754   {'PEARLS': 20}
99200 10000.03181851435   {'PEARLS': 20}
best_ask_volume:  -3
BUY 3x 9998
99300 9999.743073893937   {'PEARLS': 20}
99400 9999.624685904038   {'PEARLS': 20}
best_ask_volume:  -5
BUY 5x 9998
99500 9999.32709677032   {'PEARLS': 20}
99600 9999.391182792193   {'PEARLS': 20}
99700 9999.592022526269   {'PEARLS': 20}
99800 9999.91659180948   {'PEARLS': 20}
99900 10000.019773541911   {'PEARLS': 20}
100000 10000.017890347444   {'PEARLS': 20}
100100 10000.159043647687   {'PEARLS': 20}
100200 10000.14389663362   {'PEARLS': 20}
100300 10000.130192192324   {'PEARLS': 20}
100400 10000.117792935913   {'PEARLS': 20}
best_ask_volume:  -9
BUY 9x 9998
100500 9999.82086027535   {'PEARLS': 20}
100600 9999.837921201506   {'PEARLS': 20}
best_ask_volume:  -1
BUY 1x 9998
100700 9999.567642991839   {'PEARLS': 20}
100800 9999.608819849758   {'PEARLS': 20}
100900 9999.550837006924   {'PEARLS': 20}
101000 9999.45075729198   {'PEARLS': 20}
101100 9999.598304216554   {'PEARLS': 20}
101200 9999.636560957833   {'PEARLS': 20}
101300 9999.671174199944   {'PEARLS': 20}
101400 9999.702490942807   {'PEARLS': 20}
best_ask_volume:  -2
BUY 2x 9998
101500 9999.397491805397   {'PEARLS': 20}
101600 9999.550111633454   {'PEARLS': 20}
101700 9999.497720049316   {'PEARLS': 20}
101800 9999.831270520808   {'PEARLS': 20}
101900 9999.752101899778   {'PEARLS': 20}
102000 9999.775711242655   {'PEARLS': 20}
102100 9999.797072076688   {'PEARLS': 20}
102200 9999.625922355099   {'PEARLS': 20}
102300 9999.66154879747   {'PEARLS': 20}
102400 9999.836639388188   {'PEARLS': 20}
102500 9999.852197541693   {'PEARLS': 20}
102600 9999.866273966294   {'PEARLS': 20}
102700 10000.021866921885   {'PEARLS': 20}
102800 10000.162641500752   {'PEARLS': 20}
102900 10000.147151834013   {'PEARLS': 20}
103000 10000.037899278392   {'PEARLS': 20}
103100 10000.034289823307   {'PEARLS': 20}
103200 9999.840547935371   {'PEARLS': 20}
103300 9999.855733846289   {'PEARLS': 20}
103400 9999.869473479976   {'PEARLS': 20}
103500 9999.881904577122   {'PEARLS': 20}
103600 9999.893151760252   {'PEARLS': 20}
best_ask_volume:  -4
BUY 4x 9998
103700 9999.617613497372   {'PEARLS': 20}
best_ask_volume:  -1
BUY 1x 9998
103800 9999.320697926194   {'PEARLS': 20}
103900 9999.385393361794   {'PEARLS': 20}
104000 9999.539165422575   {'PEARLS': 20}
best_ask_volume:  -2
BUY 2x 9998
104100 9999.297340144236   {'PEARLS': 20}
104200 9999.3642601305   {'PEARLS': 20}
104300 9999.424806784738   {'PEARLS': 20}
104400 9999.479587090953   {'PEARLS': 20}
104500 9999.338674034672   {'PEARLS': 20}
104600 9999.40165745994   {'PEARLS': 20}
104700 9999.458642463756   {'PEARLS': 20}
104800 9999.510200324352   {'PEARLS': 20}
104900 9999.699705055365   {'PEARLS': 20}
105000 9999.82354266914   {'PEARLS': 20}
105100 9999.840348129223   {'PEARLS': 20}
105200 10000.188886402631   {'PEARLS': 20}
105300 10000.17089722143   {'PEARLS': 20}
105400 10000.154621295578   {'PEARLS': 20}
105500 10000.139895457904   {'PEARLS': 20}
105600 10000.12657208096   {'PEARLS': 20}
105700 10000.11451759706   {'PEARLS': 20}
105800 9999.960754016387   {'PEARLS': 20}
105900 9999.964491729112   {'PEARLS': 20}
106000 10000.301206802531   {'PEARLS': 20}
106100 10000.367758535624   {'PEARLS': 20}
106200 10000.237495817944   {'PEARLS': 20}
106300 10000.214877168617   {'PEARLS': 20}
106400 10000.194412676368   {'PEARLS': 20}
106500 10000.17589718338   {'PEARLS': 20}
106600 10000.302002213535   {'PEARLS': 20}
106700 10000.130382955103   {'PEARLS': 20}
106800 10000.117965530808   {'PEARLS': 20}
106900 10000.201968813588   {'PEARLS': 20}
107000 10000.32559083134   {'PEARLS': 20}
107100 10000.389820275976   {'PEARLS': 20}
107200 10000.63840882112   {'PEARLS': 20}
107300 10000.577607981013   {'PEARLS': 20}
107400 10000.427359601868   {'PEARLS': 20}
107500 10000.719992020739   {'PEARLS': 20}
107600 10000.651421352097   {'PEARLS': 20}
107700 10000.44652408047   {'PEARLS': 20}
107800 10000.403997977568   {'PEARLS': 20}
107900 10000.365521979704   {'PEARLS': 20}
108000 10000.187853219732   {'PEARLS': 20}
108100 10000.265200532138   {'PEARLS': 20}
108200 10000.239943338602   {'PEARLS': 20}
108300 10000.217091592069   {'PEARLS': 20}
108400 10000.529749535683   {'PEARLS': 20}
108500 10000.622154341809   {'PEARLS': 20}
108600 10000.562901547351   {'PEARLS': 20}
best_ask_volume:  -1
BUY 1x 9998
108700 10000.223577590461   {'PEARLS': 20}
108800 10000.202284486608   {'PEARLS': 20}
108900 10000.183019297407   {'PEARLS': 20}
109000 10000.070350792892   {'PEARLS': 20}
109100 10000.158888812617   {'PEARLS': 20}
109200 10000.04851844951   {'PEARLS': 20}
109300 10000.043897644795   {'PEARLS': 20}
109400 10000.325431202433   {'PEARLS': 20}
109500 10000.199199659344   {'PEARLS': 20}
109600 10000.323085406073   {'PEARLS': 20}
109700 10000.435172510257   {'PEARLS': 20}
109800 10000.39372750928   {'PEARLS': 20}
109900 10000.356229651254   {'PEARLS': 20}
110000 10000.322303017801   {'PEARLS': 20}
110100 10000.291607492296   {'PEARLS': 20}
110200 10000.263835350173   {'PEARLS': 20}
110300 10000.238708173967   {'PEARLS': 20}
110400 10000.120735966922   {'PEARLS': 20}
110500 10000.109237303406   {'PEARLS': 20}
110600 10000.0988337507   {'PEARLS': 20}
best_ask_volume:  -1
BUY 1x 9998
110700 9999.803706726825   {'PEARLS': 20}
110800 10000.108115609984   {'PEARLS': 20}
110900 10000.097818885224   {'PEARLS': 20}
111000 9999.945645658061   {'PEARLS': 20}
111100 9999.950822262055   {'PEARLS': 20}
111200 9999.955505856145   {'PEARLS': 20}
111300 10000.054981488895   {'PEARLS': 20}
111400 9999.95450706138   {'PEARLS': 20}
best_ask_volume:  -1
BUY 1x 9998
111500 9999.625506388868   {'PEARLS': 20}
111600 9999.946886732785   {'PEARLS': 20}
111700 9999.856707043948   {'PEARLS': 20}
111800 9999.870353992143   {'PEARLS': 20}
111900 9999.882701230987   {'PEARLS': 20}
112000 9999.893872542321   {'PEARLS': 20}
112100 9999.903979919243   {'PEARLS': 20}
112200 9999.91312468884   {'PEARLS': 20}
112300 9999.921398527997   {'PEARLS': 20}
112400 9999.928884382472   {'PEARLS': 20}
112500 9999.935657298427   {'PEARLS': 20}
112600 10000.037023270006   {'PEARLS': 20}
112700 10000.03349724429   {'PEARLS': 20}
112800 10000.030307030549   {'PEARLS': 20}
112900 9999.88456350383   {'PEARLS': 20}
113000 9999.895557455846   {'PEARLS': 20}
113100 9999.905504364813   {'PEARLS': 20}
113200 9999.771646806259   {'PEARLS': 20}
113300 9999.793394729473   {'PEARLS': 20}
113400 9999.717833326666   {'PEARLS': 20}
113500 10000.078039676508   {'PEARLS': 20}
113600 10000.165845421603   {'PEARLS': 20}
113700 10000.00719347669   {'PEARLS': 20}
113800 9999.911270288432   {'PEARLS': 20}
113900 9999.919720737153   {'PEARLS': 20}
114000 9999.927366381233   {'PEARLS': 20}
114100 9999.934283868735   {'PEARLS': 20}
114200 9999.940542547904   {'PEARLS': 20}
114300 9999.946205162389   {'PEARLS': 20}
114400 9999.951328480256   {'PEARLS': 20}
114500 9999.955963863089   {'PEARLS': 20}
114600 9999.96015778089   {'PEARLS': 20}
114700 9999.963952277947   {'PEARLS': 20}
114800 9999.967385394333   {'PEARLS': 20}
114900 9999.970491547254   {'PEARLS': 20}
115000 9999.878063780849   {'PEARLS': 20}
115100 9999.794438658862   {'PEARLS': 20}
115200 9999.814015929447   {'PEARLS': 20}
115300 9999.92696679331   {'PEARLS': 20}
115400 10000.219636622518   {'PEARLS': 20}
115500 10000.293956944184   {'PEARLS': 20}
best_ask_volume:  -4
BUY 4x 9998
115600 9999.980246759023   {'PEARLS': 20}
115700 9999.982128020069   {'PEARLS': 20}
115800 10000.079068208634   {'PEARLS': 20}
115900 10000.07153790305   {'PEARLS': 20}
116000 10000.207581912284   {'PEARLS': 20}
116100 10000.092574111113   {'PEARLS': 20}
116200 10000.083757529103   {'PEARLS': 20}
116300 10000.218637764427   {'PEARLS': 20}
best_ask_volume:  -1
BUY 1x 9998
116400 9999.912100834481   {'PEARLS': 20}
best_ask_volume:  -1
BUY 1x 9998
116500 9999.634757897864   {'PEARLS': 20}
116600 9999.669542859972   {'PEARLS': 20}
116700 9999.701014968547   {'PEARLS': 20}
116800 9999.729489733447   {'PEARLS': 20}
116900 9999.755252615976   {'PEARLS': 20}
117000 9999.778561890646   {'PEARLS': 20}
117100 9999.799651234394   {'PEARLS': 20}
117200 9999.723493973976   {'PEARLS': 20}
117300 9999.749827881216   {'PEARLS': 20}
117400 9999.77365379729   {'PEARLS': 20}
117500 9999.699972483262   {'PEARLS': 20}
117600 9999.633308437236   {'PEARLS': 20}
117700 9999.763469538453   {'PEARLS': 20}
117800 9999.785996249077   {'PEARLS': 20}
117900 9999.71113946345   {'PEARLS': 20}
best_ask_volume:  -1
BUY 1x 9998
118000 9999.452935705027   {'PEARLS': 20}
118100 9999.505037066452   {'PEARLS': 20}
118200 9999.885509726791   {'PEARLS': 20}
118300 9999.801175467097   {'PEARLS': 20}
118400 10000.153444470232   {'PEARLS': 20}
118500 10000.138830711163   {'PEARLS': 20}
118600 10000.268465881529   {'PEARLS': 20}
118700 10000.338135797574   {'PEARLS': 20}
118800 10000.30593238828   {'PEARLS': 20}
118900 10000.276795970349   {'PEARLS': 20}
119000 10000.536148735076   {'PEARLS': 20}
best_ask_volume:  -1
BUY 1x 9998
119100 10000.199372665069   {'PEARLS': 20}
119200 10000.51371812554   {'PEARLS': 20}
119300 10000.464792589773   {'PEARLS': 20}
119400 10000.420526628843   {'PEARLS': 20}
119500 10000.380476473714   {'PEARLS': 20}
119600 10000.344240619075   {'PEARLS': 20}
119700 10000.311455798212   {'PEARLS': 20}
119800 10000.281793341239   {'PEARLS': 20}
119900 10000.25495588017   {'PEARLS': 20}
120000 10000.135436272534   {'PEARLS': 20}
120100 10000.122537579911   {'PEARLS': 20}
120200 10000.110867334206   {'PEARLS': 20}
120300 10000.433641873806   {'PEARLS': 20}
120400 10000.249485504872   {'PEARLS': 20}
120500 10000.368582123456   {'PEARLS': 20}
120600 10000.333479064078   {'PEARLS': 20}
120700 10000.396957248453   {'PEARLS': 20}
best_ask_volume:  -1
BUY 1x 9998
120800 10000.073437510506   {'PEARLS': 20}
120900 10000.066443461887   {'PEARLS': 20}
121000 10000.345829798849   {'PEARLS': 20}
121100 10000.31289362753   {'PEARLS': 20}
121200 10000.283094234432   {'PEARLS': 20}
121300 10000.256132878772   {'PEARLS': 20}
121400 10000.23173927127   {'PEARLS': 20}
121500 10000.209668864483   {'PEARLS': 20}
121600 10000.523033734533   {'PEARLS': 20}
121700 10000.377982902672   {'PEARLS': 20}
121800 10000.341984530989   {'PEARLS': 20}
121900 10000.1665574328   {'PEARLS': 20}
122000 10000.436409105867   {'PEARLS': 20}
122100 10000.299608238642   {'PEARLS': 20}
122200 10000.366312215914   {'PEARLS': 20}
122300 10000.331425338209   {'PEARLS': 20}
122400 10000.299861020285   {'PEARLS': 20}
122500 10000.271302827878   {'PEARLS': 20}
122600 10000.15022636808   {'PEARLS': 20}
122700 10000.231157190168   {'PEARLS': 20}
122800 10000.54247555301   {'PEARLS': 20}
122900 10000.490811214628   {'PEARLS': 20}
123000 10000.301210146568   {'PEARLS': 20}
123100 10000.272523465943   {'PEARLS': 20}
123200 10000.579902183472   {'PEARLS': 20}
best_ask_volume:  -1
BUY 1x 9998
123300 10000.23895911838   {'PEARLS': 20}
123400 10000.216201107105   {'PEARLS': 20}
123500 10000.195610525476   {'PEARLS': 20}
123600 10000.27221904686   {'PEARLS': 20}
123700 10000.246293423348   {'PEARLS': 20}
123800 10000.222836906838   {'PEARLS': 20}
123900 10000.201614344282   {'PEARLS': 20}
124000 10000.18241297816   {'PEARLS': 20}
124100 10000.498373646908   {'PEARLS': 20}
best_ask_volume:  -3
BUY 3x 9998
124200 10000.117576156725   {'PEARLS': 20}
best_ask_volume:  -5
BUY 5x 9998
124300 9999.820664141798   {'PEARLS': 20}
124400 9999.980600890198   {'PEARLS': 20}
124500 9999.982448424465   {'PEARLS': 20}
124600 9999.984120003088   {'PEARLS': 20}
124700 9999.985632383747   {'PEARLS': 20}
124800 9999.987000728152   {'PEARLS': 20}
124900 9999.988238754042   {'PEARLS': 20}
125000 9999.989358872705   {'PEARLS': 20}
125100 9999.9903723134   {'PEARLS': 20}
best_ask_volume:  -5
BUY 5x 9998
125200 9999.70557495022   {'PEARLS': 20}
125300 9999.82885352639   {'PEARLS': 20}
125400 9999.9880103334   {'PEARLS': 20}
125500 9999.98915220641   {'PEARLS': 20}
best_ask_volume:  -1
BUY 1x 9998
125600 9999.656851996275   {'PEARLS': 20}
125700 9999.594294663295   {'PEARLS': 20}
125800 9999.728171362029   {'PEARLS': 20}
125900 9999.6588217085   {'PEARLS': 20}
126000 9999.881791069596   {'PEARLS': 20}
126100 9999.893049062968   {'PEARLS': 20}
126200 9999.903234866495   {'PEARLS': 20}
126300 10000.007688688735   {'PEARLS': 20}
126400 10000.006956432664   {'PEARLS': 20}
best_ask_volume:  -5
BUY 5x 9998
126500 9999.720579629553   {'PEARLS': 20}
126600 9999.842429188644   {'PEARLS': 20}
126700 9999.952674027822   {'PEARLS': 20}
best_ask_volume:  -2
BUY 2x 9998
126800 9999.671466977554   {'PEARLS': 20}
126900 9999.988470122547   {'PEARLS': 20}
127000 9999.846711063257   {'PEARLS': 20}
127100 10000.147024295327   {'PEARLS': 20}
best_ask_volume:  -1
BUY 1x 9998
127200 9999.847307695773   {'PEARLS': 20}
127300 10000.004706962842   {'PEARLS': 20}
127400 10000.004258680667   {'PEARLS': 20}
127500 10000.289567377746   {'PEARLS': 20}
127600 10000.166751437007   {'PEARLS': 20}
127700 10000.246108443007   {'PEARLS': 20}
127800 10000.317907638911   {'PEARLS': 20}
best_ask_volume:  -5
BUY 5x 10000
127900 10000.097154530446   {'PEARLS': 20}
128000 10000.087901718021   {'PEARLS': 20}
128100 10000.412863459163   {'PEARLS': 20}
best_ask_volume:  -2
BUY 2x 10000
128200 10000.27830503448   {'PEARLS': 20}
128300 10000.2517997931   {'PEARLS': 20}
128400 10000.227818860425   {'PEARLS': 20}
128500 10000.491836111813   {'PEARLS': 20}
128600 10000.444994577354   {'PEARLS': 20}
128700 10000.497852236655   {'PEARLS': 20}
128800 10000.450437737925   {'PEARLS': 20}
128900 10000.550396048598   {'PEARLS': 20}
129000 10000.497977377303   {'PEARLS': 20}
129100 10000.450550960417   {'PEARLS': 20}
129200 10000.407641345138   {'PEARLS': 20}
129300 10000.225961217031   {'PEARLS': 20}
129400 10000.34729824398   {'PEARLS': 20}
best_ask_volume:  -1
BUY 1x 9998
129500 9999.98088888741   {'PEARLS': 20}
best_ask_volume:  -1
BUY 1x 9998
129600 9999.696994707658   {'PEARLS': 20}
129700 9999.821090449786   {'PEARLS': 20}
129800 9999.647653264092   {'PEARLS': 20}
129900 9999.681210096083   {'PEARLS': 20}
130000 9999.711571039314   {'PEARLS': 20}
130100 9999.739040464141   {'PEARLS': 20}
130200 9999.668655658032   {'PEARLS': 20}
130300 9999.700212262029   {'PEARLS': 20}
130400 9999.728763475168   {'PEARLS': 20}
130500 10000.040309810865   {'PEARLS': 20}
130600 9999.94123268602   {'PEARLS': 20}
130700 10000.23254385878   {'PEARLS': 20}
130800 10000.21039682461   {'PEARLS': 20}
130900 10000.28559712703   {'PEARLS': 20}
131000 10000.258397400645   {'PEARLS': 20}
131100 10000.233788124393   {'PEARLS': 20}
131200 10000.211522588737   {'PEARLS': 20}
131300 10000.191377580286   {'PEARLS': 20}
131400 10000.173151144068   {'PEARLS': 20}
131500 10000.15666055892   {'PEARLS': 20}
131600 10000.141740505689   {'PEARLS': 20}
131700 10000.318717600387   {'PEARLS': 20}
131800 10000.288363543206   {'PEARLS': 20}
131900 10000.403757491473   {'PEARLS': 20}
132000 10000.365304397046   {'PEARLS': 20}
132100 10000.33051350209   {'PEARLS': 20}
132200 10000.584750311413   {'PEARLS': 20}
132300 10000.529059805564   {'PEARLS': 20}
best_ask_volume:  -3
BUY 3x 9998
132400 10000.145339824081   {'PEARLS': 20}
132500 10000.131497936074   {'PEARLS': 20}
132600 10000.261831465972   {'PEARLS': 20}
132700 10000.379752278737   {'PEARLS': 20}
132800 10000.343585395049   {'PEARLS': 20}
132900 10000.310862976472   {'PEARLS': 20}
133000 10000.281256978713   {'PEARLS': 20}
best_ask_volume:  -1
BUY 1x 9998
133100 9999.968756314074   {'PEARLS': 20}
133200 9999.97173190321   {'PEARLS': 20}
133300 10000.069662198142   {'PEARLS': 20}
133400 10000.063027703081   {'PEARLS': 20}
133500 10000.24750125517   {'PEARLS': 20}
133600 10000.366786849914   {'PEARLS': 20}
133700 10000.236616673732   {'PEARLS': 20}
133800 10000.214081752425   {'PEARLS': 20}
133900 10000.193693014098   {'PEARLS': 20}
134000 10000.175246060375   {'PEARLS': 20}
134100 10000.158555959386   {'PEARLS': 20}
134200 10000.143455391826   {'PEARLS': 20}
134300 10000.272650116414   {'PEARLS': 20}
134400 10000.151445343423   {'PEARLS': 20}
134500 10000.137021977383   {'PEARLS': 20}
134600 9999.981115122395   {'PEARLS': 20}
134700 9999.982913682166   {'PEARLS': 20}
134800 10000.07977904577   {'PEARLS': 20}
134900 9999.976942946172   {'PEARLS': 20}
135000 9999.883900760822   {'PEARLS': 20}
135100 10000.180672116934   {'PEARLS': 20}
135200 10000.44917953437   {'PEARLS': 20}
135300 10000.311162435857   {'PEARLS': 20}
135400 10000.281527918156   {'PEARLS': 20}
135500 10000.159477640236   {'PEARLS': 20}
135600 10000.144289293547   {'PEARLS': 20}
135700 10000.130547456067   {'PEARLS': 20}
135800 10000.118114365012   {'PEARLS': 20}
135900 10000.011627282629   {'PEARLS': 20}
136000 10000.296234208092   {'PEARLS': 20}
136100 10000.17278333113   {'PEARLS': 20}
136200 10000.156327775785   {'PEARLS': 20}
136300 10000.141439416186   {'PEARLS': 20}
136400 10000.127968995597   {'PEARLS': 20}
136500 10000.115781472206   {'PEARLS': 20}
136600 10000.009516570091   {'PEARLS': 20}
136700 10000.008610230083   {'PEARLS': 20}
136800 10000.00779020817   {'PEARLS': 20}
136900 10000.007048283582   {'PEARLS': 20}
137000 10000.149234161336   {'PEARLS': 20}
137100 10000.468354717399   {'PEARLS': 20}
137200 10000.709463791933   {'PEARLS': 20}
137300 10000.641895811748   {'PEARLS': 20}
137400 10000.580762877296   {'PEARLS': 20}
137500 10000.525452127078   {'PEARLS': 20}
best_ask_volume:  -2
BUY 2x 9998
137600 10000.189694781642   {'PEARLS': 20}
137700 10000.076390516724   {'PEARLS': 20}
137800 10000.069115229417   {'PEARLS': 20}
137900 10000.062532826614   {'PEARLS': 20}
138000 10000.056577319318   {'PEARLS': 20}
best_ask_volume:  -8
BUY 8x 9998
138100 9999.717855669858   {'PEARLS': 20}
138200 9999.744726558443   {'PEARLS': 20}
best_ask_volume:  -1
BUY 1x 9998
138300 9999.483324029068   {'PEARLS': 20}
138400 9999.532531264394   {'PEARLS': 20}
138500 9999.86276638207   {'PEARLS': 20}
138600 9999.875836250445   {'PEARLS': 20}
138700 9999.88766136945   {'PEARLS': 20}
138800 9999.803122191406   {'PEARLS': 20}
138900 9999.821872458891   {'PEARLS': 20}
139000 9999.838836986615   {'PEARLS': 20}
139100 9999.854185845033   {'PEARLS': 20}
139200 10000.058549097888   {'PEARLS': 20}
139300 10000.052972993328   {'PEARLS': 20}
139400 10000.047927946343   {'PEARLS': 20}
best_ask_volume:  -1
BUY 1x 9998
139500 9999.757649094312   {'PEARLS': 20}
139600 9999.780730132949   {'PEARLS': 20}
139700 9999.80161297743   {'PEARLS': 20}
139800 9999.820506979579   {'PEARLS': 20}
139900 9999.837601552952   {'PEARLS': 20}
140000 9999.853068071718   {'PEARLS': 20}
140100 9999.867061588697   {'PEARLS': 20}
140200 9999.974960485011   {'PEARLS': 20}
140300 9999.977345200725   {'PEARLS': 20}
140400 10000.122359943512   {'PEARLS': 20}
140500 10000.205944710797   {'PEARLS': 20}
best_ask_volume:  -1
BUY 1x 9998
140600 9999.900616643103   {'PEARLS': 20}
140700 9999.910081724713   {'PEARLS': 20}
140800 9999.918645369979   {'PEARLS': 20}
best_ask_volume:  -1
BUY 1x 9998
140900 9999.640679144266   {'PEARLS': 20}
141000 9999.674900178145   {'PEARLS': 20}
best_ask_volume:  -1
BUY 1x 9998
141100 9999.420147780227   {'PEARLS': 20}
141200 9999.475371801158   {'PEARLS': 20}
141300 9999.525336391524   {'PEARLS': 20}
141400 9999.665780544712   {'PEARLS': 20}
best_ask_volume:  -1
BUY 1x 9998
141500 9999.364277635692   {'PEARLS': 20}
141600 9999.424822622768   {'PEARLS': 20}
141700 9999.384363325362   {'PEARLS': 20}
141800 9999.776328722946   {'PEARLS': 20}
141900 9999.797630749332   {'PEARLS': 20}
142000 9999.91214210654   {'PEARLS': 20}
142100 9999.920509524964   {'PEARLS': 20}
142200 9999.785222903538   {'PEARLS': 20}
142300 9999.805677865106   {'PEARLS': 20}
142400 9999.824184735096   {'PEARLS': 20}
142500 9999.84092904604   {'PEARLS': 20}
best_ask_volume:  -1
BUY 1x 9998
142600 9999.52274532737   {'PEARLS': 20}
142700 9999.568198153334   {'PEARLS': 20}
142800 9999.609322138731   {'PEARLS': 20}
142900 9999.789386696946   {'PEARLS': 20}
143000 9999.80944510676   {'PEARLS': 20}
143100 9999.82759319183   {'PEARLS': 20}
143200 9999.844012887846   {'PEARLS': 20}
143300 9999.85886880329   {'PEARLS': 20}
143400 10000.015167012501   {'PEARLS': 20}
143500 10000.01372253512   {'PEARLS': 20}
143600 10000.107653722253   {'PEARLS': 20}
143700 10000.0974009868   {'PEARLS': 20}
143800 10000.088124702343   {'PEARLS': 20}
143900 10000.174969968786   {'PEARLS': 20}
144000 10000.348782352712   {'PEARLS': 20}
144100 10000.220326890549   {'PEARLS': 20}
144200 10000.199343377162   {'PEARLS': 20}
144300 10000.275596388861   {'PEARLS': 20}
144400 10000.106491970875   {'PEARLS': 20}
144500 10000.096349878411   {'PEARLS': 20}
144600 10000.087173699514   {'PEARLS': 20}
144700 10000.174109537656   {'PEARLS': 20}
144800 10000.157527676927   {'PEARLS': 20}
144900 10000.475858374364   {'PEARLS': 20}
145000 10000.430538529186   {'PEARLS': 20}
145100 10000.38953485974   {'PEARLS': 20}
145200 10000.495293444526   {'PEARLS': 20}
145300 10000.448122640286   {'PEARLS': 20}
145400 10000.405444293592   {'PEARLS': 20}
145500 10000.366830551346   {'PEARLS': 20}
145600 10000.236656213121   {'PEARLS': 20}
145700 10000.0712603833   {'PEARLS': 20}
145800 9999.96923558489   {'PEARLS': 20}
145900 10000.115022672042   {'PEARLS': 20}
146000 10000.437401465182   {'PEARLS': 20}
146100 10000.395744182784   {'PEARLS': 20}
146200 10000.215197117757   {'PEARLS': 20}
146300 10000.099464058923   {'PEARLS': 20}
146400 10000.089991291406   {'PEARLS': 20}
146500 10000.176658787463   {'PEARLS': 20}
best_ask_volume:  -2
BUY 2x 9998
146600 9999.874119855323   {'PEARLS': 20}
146700 9999.88610844053   {'PEARLS': 20}
146800 9999.89695525572   {'PEARLS': 20}
146900 10000.049626183745   {'PEARLS': 20}
147000 10000.044899880531   {'PEARLS': 20}
147100 10000.326337987148   {'PEARLS': 20}
147200 10000.438115321705   {'PEARLS': 20}
147300 10000.396390052972   {'PEARLS': 20}
147400 10000.358638619356   {'PEARLS': 20}
147500 10000.32448256037   {'PEARLS': 20}
147600 10000.293579459383   {'PEARLS': 20}
147700 10000.26561951087   {'PEARLS': 20}
147800 10000.57365574793   {'PEARLS': 20}
147900 10000.519021867176   {'PEARLS': 20}
148000 10000.46959121316   {'PEARLS': 20}
148100 10000.758201573812   {'PEARLS': 20}
best_ask_volume:  -1
BUY 1x 9998
148200 10000.35265856678   {'PEARLS': 20}
best_ask_volume:  -4
BUY 4x 9998
148300 10000.033357750897   {'PEARLS': 20}
148400 10000.315895107955   {'PEARLS': 20}
148500 10000.285809859579   {'PEARLS': 20}
148600 10000.35382796819   {'PEARLS': 20}
148700 10000.320130066459   {'PEARLS': 20}
148800 10000.2896414887   {'PEARLS': 20}
148900 10000.166818489775   {'PEARLS': 20}
149000 10000.15093101456   {'PEARLS': 20}
149100 10000.041318536982   {'PEARLS': 20}
149200 10000.13262153346   {'PEARLS': 20}
149300 10000.215229006464   {'PEARLS': 20}
149400 10000.289969101086   {'PEARLS': 20}
149500 10000.26235299622   {'PEARLS': 20}
149600 10000.094509853723   {'PEARLS': 20}
149700 10000.22836605813   {'PEARLS': 20}
149800 10000.349474052595   {'PEARLS': 20}
149900 10000.220952714251   {'PEARLS': 20}
150000 10000.199909598608   {'PEARLS': 20}
150100 10000.323727732073   {'PEARLS': 20}
150200 10000.197658424257   {'PEARLS': 20}
150300 10000.274071907661   {'PEARLS': 20}
150400 10000.533684106931   {'PEARLS': 20}
150500 10000.578095144367   {'PEARLS': 20}
150600 10000.856371797285   {'PEARLS': 20}
150700 10001.10814591183   {'PEARLS': 20}
150800 10001.002608205941   {'PEARLS': 20}
150900 10001.049978852994   {'PEARLS': 20}
151000 10000.807123724138   {'PEARLS': 20}
151100 10000.82549289327   {'PEARLS': 20}
151200 10000.604017379625   {'PEARLS': 20}
151300 10000.641730010137   {'PEARLS': 20}
151400 10000.580612866313   {'PEARLS': 20}
best_ask_volume:  -1
BUY 1x 9998
151500 10000.23960211714   {'PEARLS': 20}
151600 10000.216782867888   {'PEARLS': 20}
151700 10000.196136880471   {'PEARLS': 20}
151800 10000.17745717757   {'PEARLS': 20}
151900 10000.160556493991   {'PEARLS': 20}
152000 10000.145265399326   {'PEARLS': 20}
152100 10000.369525837485   {'PEARLS': 20}
152200 10000.620047186296   {'PEARLS': 20}
152300 10000.656233168555   {'PEARLS': 20}
152400 10000.59373477155   {'PEARLS': 20}
best_ask_volume:  -1
BUY 1x 9998
152500 10000.251474317118   {'PEARLS': 20}
152600 10000.227524382155   {'PEARLS': 20}
152700 10000.301093488617   {'PEARLS': 20}
152800 10000.272417918273   {'PEARLS': 20}
152900 10000.151235259389   {'PEARLS': 20}
153000 10000.136831901353   {'PEARLS': 20}
best_ask_volume:  -1
BUY 1x 9998
153100 9999.838086005986   {'PEARLS': 20}
153200 9999.85350638637   {'PEARLS': 20}
153300 10000.20079149243   {'PEARLS': 20}
best_ask_volume:  -1
BUY 1x 9998
153400 9999.895954207437   {'PEARLS': 20}
153500 9999.905863330538   {'PEARLS': 20}
153600 10000.057685870486   {'PEARLS': 20}
153700 10000.052191978059   {'PEARLS': 20}
153800 10000.047221313482   {'PEARLS': 20}
153900 10000.042724045532   {'PEARLS': 20}
154000 10000.038655088814   {'PEARLS': 20}
154100 10000.034973651784   {'PEARLS': 20}
154200 10000.031642827804   {'PEARLS': 20}
154300 10000.028629225157   {'PEARLS': 20}
154400 9999.883045489427   {'PEARLS': 20}
154500 9999.894184014243   {'PEARLS': 20}
154600 9999.904261727173   {'PEARLS': 20}
154700 10000.056236800776   {'PEARLS': 20}
154800 10000.050880914987   {'PEARLS': 20}
154900 10000.046035113559   {'PEARLS': 20}
155000 9999.94641272179   {'PEARLS': 20}
155100 9999.951516272096   {'PEARLS': 20}
155200 10000.241848055706   {'PEARLS': 20}
155300 10000.314053002783   {'PEARLS': 20}
best_ask_volume:  -3
BUY 3x 9998
155400 9999.99842890728   {'PEARLS': 20}
155500 9999.998578535158   {'PEARLS': 20}
155600 9999.998713912762   {'PEARLS': 20}
155700 9999.99883639726   {'PEARLS': 20}
155800 10000.094185311807   {'PEARLS': 20}
155900 10000.085215282112   {'PEARLS': 20}
156000 9999.98186144572   {'PEARLS': 20}
156100 10000.269303212794   {'PEARLS': 20}
156200 10000.5769886211   {'PEARLS': 20}
156300 10000.522037323852   {'PEARLS': 20}
156400 10000.472319483484   {'PEARLS': 20}
156500 10000.522574770772   {'PEARLS': 20}
156600 10000.377567649746   {'PEARLS': 20}
156700 10000.436846921199   {'PEARLS': 20}
156800 10000.49048054775   {'PEARLS': 20}
156900 10000.586625257489   {'PEARLS': 20}
best_ask_volume:  -1
BUY 1x 9998
157000 10000.197422852014   {'PEARLS': 20}
157100 10000.416715913727   {'PEARLS': 20}
157200 10000.28179058861   {'PEARLS': 20}
157300 10000.254953389694   {'PEARLS': 20}
157400 10000.325910209724   {'PEARLS': 20}
157500 10000.29487114213   {'PEARLS': 20}
157600 10000.266788176214   {'PEARLS': 20}
157700 10000.24137977848   {'PEARLS': 20}
157800 10000.218391228147   {'PEARLS': 20}
157900 10000.102353968323   {'PEARLS': 20}
158000 10000.187844066579   {'PEARLS': 20}
best_ask_volume:  -1
BUY 1x 9998
158100 9999.836620822141   {'PEARLS': 20}
158200 9999.756942648604   {'PEARLS': 20}
158300 9999.684852872546   {'PEARLS': 20}
158400 9999.810104979922   {'PEARLS': 20}
158500 9999.82819021993   {'PEARLS': 20}
158600 10000.177886389461   {'PEARLS': 20}
158700 10000.16094482856   {'PEARLS': 20}
best_ask_volume:  -1
BUY 1x 9998
158800 9999.812283416315   {'PEARLS': 20}
158900 9999.83016118619   {'PEARLS': 20}
159000 9999.846336311315   {'PEARLS': 20}
best_ask_volume:  -4
BUY 4x 9998
159100 9999.57525666262   {'PEARLS': 20}
159200 9999.520470313799   {'PEARLS': 20}
159300 9999.423282664866   {'PEARLS': 20}
159400 9999.478208125354   {'PEARLS': 20}
best_ask_volume:  -1
BUY 1x 9998
159500 9999.242188303893   {'PEARLS': 20}
159600 9999.31436084638   {'PEARLS': 20}
159700 9999.37965981339   {'PEARLS': 20}
159800 9999.438739831163   {'PEARLS': 20}
159900 9999.77790746629   {'PEARLS': 20}
160000 9999.799059136167   {'PEARLS': 20}
160100 10000.056291599389   {'PEARLS': 20}
160200 10000.241406685162   {'PEARLS': 20}
160300 10000.21841557229   {'PEARLS': 20}
160400 10000.197614089215   {'PEARLS': 20}
160500 10000.178793699766   {'PEARLS': 20}
160600 10000.066527633122   {'PEARLS': 20}
160700 10000.060191668063   {'PEARLS': 20}
160800 10000.054459128247   {'PEARLS': 20}
160900 10000.049272544604   {'PEARLS': 20}
161000 9999.94934182607   {'PEARLS': 20}
161100 9999.954166414063   {'PEARLS': 20}
161200 9999.863293422248   {'PEARLS': 20}
161300 9999.87631309632   {'PEARLS': 20}
161400 9999.792854706193   {'PEARLS': 20}
161500 9999.812582829412   {'PEARLS': 20}
161600 9999.687574940897   {'PEARLS': 20}
161700 10000.050663041764   {'PEARLS': 20}
161800 10000.045837990167   {'PEARLS': 20}
161900 10000.18432961015   {'PEARLS': 20}
162000 10000.166774409185   {'PEARLS': 20}
162100 10000.15089113212   {'PEARLS': 20}
162200 10000.136520548109   {'PEARLS': 20}
162300 10000.266375734003   {'PEARLS': 20}
162400 10000.14576852124   {'PEARLS': 20}
162500 10000.227123900171   {'PEARLS': 20}
162600 10000.205493052536   {'PEARLS': 20}
162700 10000.185922285627   {'PEARLS': 20}
162800 10000.168215401281   {'PEARLS': 20}
162900 10000.152194886874   {'PEARLS': 20}
163000 10000.137700135743   {'PEARLS': 20}
best_ask_volume:  -6
BUY 6x 10000
163100 10000.029347741862   {'PEARLS': 20}
163200 9999.931314623589   {'PEARLS': 20}
163300 9999.937856088009   {'PEARLS': 20}
163400 9999.943774555817   {'PEARLS': 20}
163500 9999.949129360026   {'PEARLS': 20}
163600 9999.953974182881   {'PEARLS': 20}
163700 10000.29169092737   {'PEARLS': 20}
163800 10000.121053696192   {'PEARLS': 20}
163900 10000.014286677506   {'PEARLS': 20}
164000 10000.20340223203   {'PEARLS': 20}
164100 10000.184030590885   {'PEARLS': 20}
164200 10000.499837201278   {'PEARLS': 20}
164300 10000.4522336583   {'PEARLS': 20}
164400 10000.40916378608   {'PEARLS': 20}
164500 10000.370195806454   {'PEARLS': 20}
164600 10000.430177158221   {'PEARLS': 20}
best_ask_volume:  -1
BUY 1x 9998
164700 10000.103493619343   {'PEARLS': 20}
164800 10000.093637084166   {'PEARLS': 20}
164900 10000.084719266626   {'PEARLS': 20}
165000 10000.076650765042   {'PEARLS': 20}
best_ask_volume:  -1
BUY 1x 9998
165100 9999.783636406468   {'PEARLS': 20}
165200 9999.804242462995   {'PEARLS': 20}
165300 10000.108600323661   {'PEARLS': 20}
165400 10000.003019340455   {'PEARLS': 20}
165500 10000.002731784221   {'PEARLS': 20}
165600 10000.002471614296   {'PEARLS': 20}
165700 9999.764140984364   {'PEARLS': 20}
165800 9999.786603747758   {'PEARLS': 20}
165900 9999.90216529559   {'PEARLS': 20}
166000 9999.911482886488   {'PEARLS': 20}
166100 9999.919913087775   {'PEARLS': 20}
166200 9999.92754041275   {'PEARLS': 20}
166300 10000.267774659154   {'PEARLS': 20}
166400 10000.242272310663   {'PEARLS': 20}
166500 10000.314436852505   {'PEARLS': 20}
166600 10000.2844904856   {'PEARLS': 20}
166700 10000.1621580584   {'PEARLS': 20}
166800 10000.14671443379   {'PEARLS': 20}
166900 10000.037503535334   {'PEARLS': 20}
167000 10000.033931770064   {'PEARLS': 20}
167100 9999.935462077676   {'PEARLS': 20}
167200 9999.941608546469   {'PEARLS': 20}
167300 9999.804312494425   {'PEARLS': 20}
167400 9999.680092256862   {'PEARLS': 20}
167500 9999.615321565732   {'PEARLS': 20}
167600 9999.556719511853   {'PEARLS': 20}
167700 9999.5989367012   {'PEARLS': 20}
167800 9999.732371301086   {'PEARLS': 20}
167900 9999.757859748603   {'PEARLS': 20}
168000 9999.780920724927   {'PEARLS': 20}
168100 9999.80178541779   {'PEARLS': 20}
168200 9999.820662997048   {'PEARLS': 20}
168300 9999.837742711616   {'PEARLS': 20}
168400 9999.8531957867   {'PEARLS': 20}
168500 9999.962415235586   {'PEARLS': 20}
168600 9999.965994736958   {'PEARLS': 20}
168700 10000.064471428677   {'PEARLS': 20}
168800 9999.915474149755   {'PEARLS': 20}
168900 10000.066381373588   {'PEARLS': 20}
169000 10000.060059338008   {'PEARLS': 20}
best_ask_volume:  -1
BUY 1x 9998
169100 9999.768625115341   {'PEARLS': 20}
169200 9999.790660818642   {'PEARLS': 20}
169300 9999.810597883534   {'PEARLS': 20}
169400 9999.733398085102   {'PEARLS': 20}
169500 10000.044503029378   {'PEARLS': 20}
169600 10000.040264645628   {'PEARLS': 20}
169700 10000.036429917473   {'PEARLS': 20}
169800 10000.12819849676   {'PEARLS': 20}
169900 10000.115989116117   {'PEARLS': 20}
170000 10000.10494253363   {'PEARLS': 20}
best_ask_volume:  -5
BUY 5x 9998
170100 9999.761614673283   {'PEARLS': 20}
170200 9999.784318037733   {'PEARLS': 20}
best_ask_volume:  -1
BUY 1x 9998
170300 9999.519144891283   {'PEARLS': 20}
170400 9999.374464425448   {'PEARLS': 20}
170500 9999.576896384928   {'PEARLS': 20}
170600 9999.617191967316   {'PEARLS': 20}
170700 9999.558411779952   {'PEARLS': 20}
170800 9999.600467800909   {'PEARLS': 20}
170900 9999.733756581774   {'PEARLS': 20}
171000 9999.759113097796   {'PEARLS': 20}
171100 9999.78205470753   {'PEARLS': 20}
171200 9999.80281140205   {'PEARLS': 20}
171300 9999.821591268523   {'PEARLS': 20}
171400 9999.981439719139   {'PEARLS': 20}
171500 9999.983207364934   {'PEARLS': 20}
171600 9999.984806663511   {'PEARLS': 20}
best_ask_volume:  -1
BUY 1x 9998
171700 9999.700539362226   {'PEARLS': 20}
171800 10000.0623927563   {'PEARLS': 20}
171900 10000.056450589032   {'PEARLS': 20}
172000 10000.146312437697   {'PEARLS': 20}
172100 10000.132377919821   {'PEARLS': 20}
172200 10000.119770498886   {'PEARLS': 20}
172300 10000.203601879944   {'PEARLS': 20}
172400 10000.184211224712   {'PEARLS': 20}
172500 10000.023810155692   {'PEARLS': 20}
172600 10000.021542521816   {'PEARLS': 20}
172700 10000.019490853072   {'PEARLS': 20}
172800 9999.922396486112   {'PEARLS': 20}
172900 9999.929787296958   {'PEARLS': 20}
best_ask_volume:  -2
BUY 2x 9998
173000 9999.603140887724   {'PEARLS': 20}
173100 9999.783794136512   {'PEARLS': 20}
173200 9999.661528028273   {'PEARLS': 20}
173300 9999.598525358913   {'PEARLS': 20}
173400 9999.636761039017   {'PEARLS': 20}
173500 9999.671355225777   {'PEARLS': 20}
173600 9999.607416632845   {'PEARLS': 20}
173700 9999.740043620193   {'PEARLS': 20}
173800 9999.764801370651   {'PEARLS': 20}
173900 9999.787201240113   {'PEARLS': 20}
174000 9999.807467788674   {'PEARLS': 20}
174100 9999.825804189753   {'PEARLS': 20}
174200 9999.84239426692   {'PEARLS': 20}
174300 9999.762166241499   {'PEARLS': 20}
174400 9999.784817075642   {'PEARLS': 20}
174500 10000.0910249732   {'PEARLS': 20}
174600 10000.368070213848   {'PEARLS': 20}
174700 10000.19015876491   {'PEARLS': 20}
174800 10000.076810311108   {'PEARLS': 20}
174900 10000.069495043383   {'PEARLS': 20}
175000 10000.062876467822   {'PEARLS': 20}
175100 10000.056888232792   {'PEARLS': 20}
175200 9999.908613163003   {'PEARLS': 20}
best_ask_volume:  -4
BUY 4x 9998
175300 9999.631602385574   {'PEARLS': 20}
175400 9999.666687872663   {'PEARLS': 20}
175500 9999.69843188479   {'PEARLS': 20}
175600 9999.727152657668   {'PEARLS': 20}
175700 9999.753138118842   {'PEARLS': 20}
175800 9999.77664877419   {'PEARLS': 20}
175900 9999.797920319505   {'PEARLS': 20}
176000 9999.674308860504   {'PEARLS': 20}
176100 9999.800565159503   {'PEARLS': 20}
176200 9999.819558953835   {'PEARLS': 20}
176300 9999.836743815375   {'PEARLS': 20}
176400 9999.99514916629   {'PEARLS': 20}
176500 10000.090849245691   {'PEARLS': 20}
best_ask_volume:  -4
BUY 4x 9998
176600 9999.796482650863   {'PEARLS': 20}
best_ask_volume:  -1
BUY 1x 9998
176700 9999.53015096983   {'PEARLS': 20}
176800 9999.67013659175   {'PEARLS': 20}
176900 9999.701552154442   {'PEARLS': 20}
177000 9999.72997575878   {'PEARLS': 20}
177100 9999.755692353183   {'PEARLS': 20}
177200 9999.68372165288   {'PEARLS': 20}
177300 9999.713843400225   {'PEARLS': 20}
best_ask_volume:  -1
BUY 1x 9998
177400 9999.407763076393   {'PEARLS': 20}
177500 9999.464166592927   {'PEARLS': 20}
177600 9999.419960250743   {'PEARLS': 20}
177700 9999.475202131625   {'PEARLS': 20}
177800 9999.525182880994   {'PEARLS': 20}
177900 9999.570403558995   {'PEARLS': 20}
178000 9999.611317505758   {'PEARLS': 20}
178100 9999.648334886162   {'PEARLS': 20}
178200 9999.681826801765   {'PEARLS': 20}
178300 9999.569271868264   {'PEARLS': 20}
178400 9999.610293595097   {'PEARLS': 20}
178500 9999.647408490802   {'PEARLS': 20}
178600 9999.680988634535   {'PEARLS': 20}
178700 9999.806608764578   {'PEARLS': 20}
178800 9999.920265072715   {'PEARLS': 20}
178900 9999.927858875313   {'PEARLS': 20}
179000 10000.077586601474   {'PEARLS': 20}
179100 9999.974959306095   {'PEARLS': 20}
179200 9999.977344134086   {'PEARLS': 20}
179300 9999.979501835602   {'PEARLS': 20}
179400 9999.981454041736   {'PEARLS': 20}
179500 10000.173696513952   {'PEARLS': 20}
179600 10000.442868274527   {'PEARLS': 20}
179700 10000.40069034362   {'PEARLS': 20}
179800 10000.362529358514   {'PEARLS': 20}
179900 10000.328002752942   {'PEARLS': 20}
180000 10000.582478681232   {'PEARLS': 20}
best_ask_volume:  -1
BUY 1x 9998
180100 10000.2412902354   {'PEARLS': 20}
180200 10000.218310212982   {'PEARLS': 20}
180300 10000.197518764127   {'PEARLS': 20}
best_ask_volume:  -1
BUY 1x 9998
180400 9999.845374119925   {'PEARLS': 20}
180500 9999.860100394217   {'PEARLS': 20}
180600 9999.873424166197   {'PEARLS': 20}
180700 10000.171193293225   {'PEARLS': 20}
180800 10000.15488917006   {'PEARLS': 20}
180900 10000.14013782053   {'PEARLS': 20}
181000 10000.126791361432   {'PEARLS': 20}
181100 10000.257573136534   {'PEARLS': 20}
181200 10000.233042361626   {'PEARLS': 20}
181300 10000.210847850994   {'PEARLS': 20}
181400 10000.19076710328   {'PEARLS': 20}
181500 10000.17259880773   {'PEARLS': 20}
181600 10000.156160826042   {'PEARLS': 20}
181700 10000.427002652132   {'PEARLS': 20}
181800 10000.48157382812   {'PEARLS': 20}
181900 10000.340471558775   {'PEARLS': 20}
182000 10000.308045696034   {'PEARLS': 20}
182100 10000.183469915459   {'PEARLS': 20}
182200 10000.165996590176   {'PEARLS': 20}
182300 10000.293044533968   {'PEARLS': 20}
best_ask_volume:  -2
BUY 2x 10000
182400 10000.027040292638   {'PEARLS': 20}
182500 10000.024465026672   {'PEARLS': 20}
182600 10000.307849309846   {'PEARLS': 20}
182700 10000.278530327956   {'PEARLS': 20}
182800 10000.252003630056   {'PEARLS': 20}
best_ask_volume:  -5
BUY 5x 10000
182900 10000.03752709386   {'PEARLS': 20}
183000 10000.033953084921   {'PEARLS': 20}
183100 10000.3164337435   {'PEARLS': 20}
183200 10000.429154339356   {'PEARLS': 20}
best_ask_volume:  -4
BUY 4x 9998
183300 10000.102568211798   {'PEARLS': 20}
183400 10000.092799810674   {'PEARLS': 20}
best_ask_volume:  -2
BUY 2x 9998
183500 9999.798247447754   {'PEARLS': 20}
183600 9999.81746197654   {'PEARLS': 20}
183700 9999.691989407345   {'PEARLS': 20}
183800 9999.721323749503   {'PEARLS': 20}
183900 9999.747864344788   {'PEARLS': 20}
184000 9999.771877264333   {'PEARLS': 20}
184100 9999.69836514392   {'PEARLS': 20}
184200 9999.584235130214   {'PEARLS': 20}
184300 9999.62383178448   {'PEARLS': 20}
184400 9999.659657328815   {'PEARLS': 20}
184500 9999.692070916548   {'PEARLS': 20}
184600 9999.721397495925   {'PEARLS': 20}
184700 9999.652692972502   {'PEARLS': 20}
184800 9999.685769832264   {'PEARLS': 20}
184900 9999.810934610145   {'PEARLS': 20}
185000 9999.924178932988   {'PEARLS': 20}
185100 9999.93139998699   {'PEARLS': 20}
185200 9999.937933321562   {'PEARLS': 20}
185300 9999.943844433794   {'PEARLS': 20}
185400 9999.949192582957   {'PEARLS': 20}
185500 10000.096888527438   {'PEARLS': 20}
185600 10000.087661048634   {'PEARLS': 20}
185700 9999.984074282096   {'PEARLS': 20}
185800 10000.128448159992   {'PEARLS': 20}
185900 10000.020976906659   {'PEARLS': 20}
186000 10000.018979106024   {'PEARLS': 20}
186100 10000.017171572117   {'PEARLS': 20}
186200 9999.920298089059   {'PEARLS': 20}
186300 9999.832650652004   {'PEARLS': 20}
186400 9999.943826780385   {'PEARLS': 20}
best_ask_volume:  -1
BUY 1x 9998
186500 9999.66346232511   {'PEARLS': 20}
186600 9999.695513532242   {'PEARLS': 20}
186700 9999.724512243458   {'PEARLS': 20}
best_ask_volume:  -2
BUY 2x 9998
186800 9999.465034886938   {'PEARLS': 20}
186900 9999.515983945324   {'PEARLS': 20}
187000 9999.562080712436   {'PEARLS': 20}
187100 9999.603787311251   {'PEARLS': 20}
187200 9999.546283757798   {'PEARLS': 20}
best_ask_volume:  -2
BUY 2x 9998
187300 9999.25616149515   {'PEARLS': 20}
187400 9999.18414611466   {'PEARLS': 20}
187500 9999.118989341836   {'PEARLS': 20}
187600 9999.298133214043   {'PEARLS': 20}
187700 9999.650691955561   {'PEARLS': 20}
187800 9999.683959388365   {'PEARLS': 20}
187900 9999.856915637092   {'PEARLS': 20}
188000 9999.965780814513   {'PEARLS': 20}
188100 9999.969039784559   {'PEARLS': 20}
188200 9999.971988376506   {'PEARLS': 20}
best_ask_volume:  -1
BUY 1x 9998
188300 9999.688941864459   {'PEARLS': 20}
188400 9999.718566448795   {'PEARLS': 20}
188500 9999.745369644148   {'PEARLS': 20}
188600 9999.76962015423   {'PEARLS': 20}
188700 9999.791561091923   {'PEARLS': 20}
188800 9999.811412416502   {'PEARLS': 20}
188900 9999.972230281597   {'PEARLS': 20}
best_ask_volume:  -5
BUY 5x 9998
189000 9999.68916073097   {'PEARLS': 20}
189100 9999.718764470877   {'PEARLS': 20}
189200 9999.745548806985   {'PEARLS': 20}
189300 9999.769782253938   {'PEARLS': 20}
189400 9999.791707753562   {'PEARLS': 20}
189500 9999.811545110366   {'PEARLS': 20}
189600 9999.829493195093   {'PEARLS': 20}
189700 10000.179065271752   {'PEARLS': 20}
best_ask_volume:  -1
BUY 1x 9998
189800 9999.876297150633   {'PEARLS': 20}
best_ask_volume:  -1
BUY 1x 9998
189900 9999.554745041049   {'PEARLS': 20}
190000 9999.501912179996   {'PEARLS': 20}
best_ask_volume:  -1
BUY 1x 9998
190100 9999.26363482952   {'PEARLS': 20}
190200 9999.1909077029   {'PEARLS': 20}
best_ask_volume:  -1
BUY 1x 9998
190300 9998.934630778813   {'PEARLS': 20}
190400 9999.036094514164   {'PEARLS': 20}
190500 9999.223133131864   {'PEARLS': 20}
190600 9999.297120452638   {'PEARLS': 20}
190700 9999.364061361912   {'PEARLS': 20}
190800 9999.424626946491   {'PEARLS': 20}
190900 9999.38418628492   {'PEARLS': 20}
191000 9999.299978067309   {'PEARLS': 20}
191100 9999.366646822804   {'PEARLS': 20}
191200 9999.426966173012   {'PEARLS': 20}
191300 9999.4815408232   {'PEARLS': 20}
191400 9999.626155982896   {'PEARLS': 20}
191500 9999.804617317859   {'PEARLS': 20}
191600 9999.918463287588   {'PEARLS': 20}
191700 9999.92622868877   {'PEARLS': 20}
191800 9999.933254527934   {'PEARLS': 20}
191900 9999.796754096702   {'PEARLS': 20}
192000 9999.816110849397   {'PEARLS': 20}
192100 9999.833624101835   {'PEARLS': 20}
192200 9999.84946942547   {'PEARLS': 20}
192300 9999.863805670662   {'PEARLS': 20}
192400 9999.876776559171   {'PEARLS': 20}
192500 9999.888512124964   {'PEARLS': 20}
192600 9999.899130017824   {'PEARLS': 20}
192700 9999.908736682793   {'PEARLS': 20}
192800 9999.82219033205   {'PEARLS': 20}
192900 9999.83912458614   {'PEARLS': 20}
193000 10000.092541292222   {'PEARLS': 20}
193100 9999.845632597724   {'PEARLS': 20}
193200 9999.860334255083   {'PEARLS': 20}
193300 9999.730778611742   {'PEARLS': 20}
193400 9999.661180648718   {'PEARLS': 20}
193500 9999.693449158363   {'PEARLS': 20}
193600 9999.722644476615   {'PEARLS': 20}
193700 9999.749059288366   {'PEARLS': 20}
193800 9999.772958403759   {'PEARLS': 20}
193900 9999.889819508164   {'PEARLS': 20}
194000 9999.900312888338   {'PEARLS': 20}
194100 9999.909806898972   {'PEARLS': 20}
194200 9999.82315862288   {'PEARLS': 20}
194300 10000.12571494451   {'PEARLS': 20}
194400 10000.113742092652   {'PEARLS': 20}
194500 10000.388623798113   {'PEARLS': 20}
194600 10000.351612007817   {'PEARLS': 20}
194700 10000.31812514993   {'PEARLS': 20}
194800 10000.287827516604   {'PEARLS': 20}
194900 10000.260415372166   {'PEARLS': 20}
195000 10000.23561390815   {'PEARLS': 20}
195100 10000.49888877404   {'PEARLS': 20}
195200 10000.451375557464   {'PEARLS': 20}
best_ask_volume:  -9
BUY 9x 9998
195300 10000.0750540758   {'PEARLS': 20}
195400 10000.067906068582   {'PEARLS': 20}
195500 10000.204295966812   {'PEARLS': 20}
195600 10000.470553493782   {'PEARLS': 20}
195700 10000.520976970565   {'PEARLS': 20}
195800 10000.566598211464   {'PEARLS': 20}
195900 10000.4173983818   {'PEARLS': 20}
196000 10000.377646154962   {'PEARLS': 20}
196100 10000.34167985449   {'PEARLS': 20}
196200 10000.309138915967   {'PEARLS': 20}
196300 10000.184459019209   {'PEARLS': 20}
196400 10000.262129588808   {'PEARLS': 20}
best_ask_volume:  -6
BUY 6x 10000
196500 10000.141926770826   {'PEARLS': 20}
196600 10000.128409935509   {'PEARLS': 20}
196700 10000.116180417841   {'PEARLS': 20}
196800 10000.20035371138   {'PEARLS': 20}
196900 10000.371748596011   {'PEARLS': 20}
197000 10000.33634396782   {'PEARLS': 20}
best_ask_volume:  -1
BUY 1x 9998
197100 10000.018596923266   {'PEARLS': 20}
197200 10000.302540073431   {'PEARLS': 20}
197300 10000.273726733105   {'PEARLS': 20}
197400 10000.342895615668   {'PEARLS': 20}
best_ask_volume:  -1
BUY 1x 9998
197500 10000.024524604652   {'PEARLS': 20}
197600 10000.117427023257   {'PEARLS': 20}
197700 10000.011005401993   {'PEARLS': 20}
197800 9999.867100125613   {'PEARLS': 20}
197900 9999.879757256507   {'PEARLS': 20}
198000 9999.891208946363   {'PEARLS': 20}
198100 9999.90156999909   {'PEARLS': 20}
198200 9999.815706189653   {'PEARLS': 20}
198300 9999.738019885875   {'PEARLS': 20}
198400 9999.667732277696   {'PEARLS': 20}
198500 9999.842233965534   {'PEARLS': 20}
198600 9999.76202120691   {'PEARLS': 20}
198700 9999.78468585387   {'PEARLS': 20}
198800 9999.948049105882   {'PEARLS': 20}
198900 9999.952996810083   {'PEARLS': 20}
199000 9999.862235209122   {'PEARLS': 20}
199100 9999.875355665397   {'PEARLS': 20}
199200 9999.887226554407   {'PEARLS': 20}
199300 9999.897966882558   {'PEARLS': 20}
199400 9999.907684322314   {'PEARLS': 20}
199500 10000.249809624951   {'PEARLS': 20}
best_ask_volume:  -2
BUY 2x 9998
199600 9999.940303946385   {'PEARLS': 20}
199700 9999.945989284824   {'PEARLS': 20}
199800 10000.236847448174   {'PEARLS': 20}
199900 10000.214290548347   {'PEARLS': 20}


Submission logs:
2023-03-06T01:57:13Z Orders for product PEARLS exceeded limit of 20 set
2023-03-06T01:57:14Z Orders for product PEARLS exceeded limit of 20 set
2023-03-06T01:57:15Z Orders for product PEARLS exceeded limit of 20 set
2023-03-06T01:57:16Z Orders for product PEARLS exceeded limit of 20 set
2023-03-06T01:57:17Z Orders for product PEARLS exceeded limit of 20 set
2023-03-06T01:57:18Z Orders for product PEARLS exceeded limit of 20 set
2023-03-06T01:57:19Z Orders for product PEARLS exceeded limit of 20 set
2023-03-06T01:57:20Z Orders for product PEARLS exceeded limit of 20 set
2023-03-06T01:57:21Z Orders for product PEARLS exceeded limit of 20 set
2023-03-06T01:57:22Z Orders for product PEARLS exceeded limit of 20 set
2023-03-06T01:57:23Z Orders for product PEARLS exceeded limit of 20 set
2023-03-06T01:57:24Z Orders for product PEARLS exceeded limit of 20 set
2023-03-06T01:57:25Z Orders for product PEARLS exceeded limit of 20 set
2023-03-06T01:57:26Z Orders for product PEARLS exceeded limit of 20 set
2023-03-06T01:57:27Z Orders for product PEARLS exceeded limit of 20 set
2023-03-06T01:57:28Z Orders for product PEARLS exceeded limit of 20 set
2023-03-06T01:57:29Z Orders for product PEARLS exceeded limit of 20 set
2023-03-06T01:57:30Z Orders for product PEARLS exceeded limit of 20 set
2023-03-06T01:57:31Z Orders for product PEARLS exceeded limit of 20 set
2023-03-06T01:57:33Z Orders for product PEARLS exceeded limit of 20 set
2023-03-06T01:57:34Z Orders for product PEARLS exceeded limit of 20 set
2023-03-06T01:57:35Z Orders for product PEARLS exceeded limit of 20 set
2023-03-06T01:57:36Z Orders for product PEARLS exceeded limit of 20 set
2023-03-06T01:57:37Z Orders for product PEARLS exceeded limit of 20 set
2023-03-06T01:57:38Z Orders for product PEARLS exceeded limit of 20 set
2023-03-06T01:57:39Z Orders for product PEARLS exceeded limit of 20 set
2023-03-06T01:57:40Z Orders for product PEARLS exceeded limit of 20 set
2023-03-06T01:57:41Z Orders for product PEARLS exceeded limit of 20 set
2023-03-06T01:57:42Z Orders for product PEARLS exceeded limit of 20 set
2023-03-06T01:57:43Z Orders for product PEARLS exceeded limit of 20 set
2023-03-06T01:57:44Z Orders for product PEARLS exceeded limit of 20 set
2023-03-06T01:57:45Z Orders for product PEARLS exceeded limit of 20 set
2023-03-06T01:57:46Z Orders for product PEARLS exceeded limit of 20 set
2023-03-06T01:57:47Z Orders for product PEARLS exceeded limit of 20 set
2023-03-06T01:57:48Z Orders for product PEARLS exceeded limit of 20 set
2023-03-06T01:57:49Z Orders for product PEARLS exceeded limit of 20 set
2023-03-06T01:57:50Z Orders for product PEARLS exceeded limit of 20 set
2023-03-06T01:57:51Z Orders for product PEARLS exceeded limit of 20 set
2023-03-06T01:57:52Z Orders for product PEARLS exceeded limit of 20 set