Sandbox logs:
0 
100 10001.5 {}
200 10001.26 {}
300 10001.14 {}
best_ask_volume:  -3
BUY 3 at 9998
400 10000.75 {'PEARLS': 3}
500 10000.77 {'PEARLS': 3}
best_bid_volume:  1
SELL 1 at 10002
600 10000.98 {'PEARLS': 2}
700 10000.79 {'PEARLS': 2}
800 10000.86 {'PEARLS': 2}
900 10000.78 {'PEARLS': 2}
1000 10000.71 {'PEARLS': 2}
1100 10000.64 {'PEARLS': 2}
1200 10000.58 {'PEARLS': 2}
1300 10000.62 {'PEARLS': 2}
1400 10000.56 {'PEARLS': 2}
1500 10000.51 {'PEARLS': 2}
best_bid_volume:  1
SELL 1 at 10002
1600 10000.74 {'PEARLS': 1}
1700 10000.67 {'PEARLS': 1}
1800 10000.61 {'PEARLS': 1}
1900 10000.55 {'PEARLS': 1}
2000 10000.5 {'PEARLS': 1}
2100 10000.36 {'PEARLS': 1}
2200 10000.32 {'PEARLS': 1}
2300 10000.29 {'PEARLS': 1}
2400 10000.26 {'PEARLS': 1}
2500 10000.33 {'PEARLS': 1}
2600 10000.3 {'PEARLS': 1}
2700 10000.27 {'PEARLS': 1}
2800 10000.34 {'PEARLS': 1}
2900 10000.45 {'PEARLS': 1}
best_bid_volume:  10
SELL 10 at 10002
3000 10000.7 {'PEARLS': -9}
3100 10000.63 {'PEARLS': -9}
3200 10000.57 {'PEARLS': -9}
3300 10000.42 {'PEARLS': -9}
3400 10000.38 {'PEARLS': -9}
3500 10000.34 {'PEARLS': -9}
3600 10000.22 {'PEARLS': -9}
best_ask_volume:  -1
BUY 1 at 9998
3700 9999.86 {'PEARLS': -8}
3800 9999.68 {'PEARLS': -8}
best_bid_volume:  1
SELL 1 at 10002
3900 10000.0 {'PEARLS': -9}
4000 10000.14 {'PEARLS': -9}
best_bid_volume:  9
SELL 9 at 10002
4100 10000.42 {'PEARLS': -18}
4200 10000.38 {'PEARLS': -18}
4300 10000.34 {'PEARLS': -18}
4400 10000.31 {'PEARLS': -18}
best_ask_volume:  -1
BUY 1 at 9998
4500 9999.99 {'PEARLS': -17}
4600 9999.99 {'PEARLS': -17}
4700 9999.99 {'PEARLS': -17}
4800 10000.09 {'PEARLS': -17}
best_bid_volume:  3
SELL 3 at 10002
4900 10000.37 {'PEARLS': -20}
best_ask_volume:  -4
BUY 4 at 9998
5000 10000.0 {'PEARLS': -16}
5100 10000.09 {'PEARLS': -16}
best_bid_volume:  1
SELL 1 at 10002
5200 10000.42 {'PEARLS': -17}
5300 10000.38 {'PEARLS': -17}
5400 10000.34 {'PEARLS': -17}
best_ask_volume:  -6
BUY 6 at 10000
5500 10000.07 {'PEARLS': -11}
5600 10000.06 {'PEARLS': -11}
best_bid_volume:  1
SELL 1 at 10002
5700 10000.34 {'PEARLS': -12}
5800 10000.41 {'PEARLS': -12}
best_bid_volume:  1
SELL 1 at 10002
5900 10000.7 {'PEARLS': -13}
6000 10000.83 {'PEARLS': -13}
best_ask_volume:  -4
BUY 4 at 9998
6100 10000.46 {'PEARLS': -9}
best_ask_volume:  -5
BUY 5 at 10000
6200 10000.23 {'PEARLS': -4}
6300 10000.2 {'PEARLS': -4}
6400 10000.19 {'PEARLS': -4}
6500 10000.41 {'PEARLS': -4}
6600 10000.37 {'PEARLS': -4}
6700 10000.33 {'PEARLS': -4}
best_bid_volume:  4
SELL 4 at 10002
6800 10000.59 {'PEARLS': -8}
6900 10000.63 {'PEARLS': -8}
7000 10000.57 {'PEARLS': -8}
7100 10000.7 {'PEARLS': -8}
7200 10000.64 {'PEARLS': -8}
7300 10000.58 {'PEARLS': -8}
7400 10000.43 {'PEARLS': -8}
best_bid_volume:  1
SELL 1 at 10002
7500 10000.67 {'PEARLS': -9}
7600 10000.61 {'PEARLS': -9}
7700 10000.55 {'PEARLS': -9}
7800 10000.5 {'PEARLS': -9}
7900 10000.45 {'PEARLS': -9}
8000 10000.31 {'PEARLS': -9}
8100 10000.28 {'PEARLS': -9}
8200 10000.25 {'PEARLS': -9}
best_ask_volume:  -1
BUY 1 at 9998
8300 9999.9 {'PEARLS': -8}
best_bid_volume:  1
SELL 1 at 10002
8400 10000.19 {'PEARLS': -9}
8500 10000.17 {'PEARLS': -9}
8600 10000.16 {'PEARLS': -9}
8700 10000.14 {'PEARLS': -9}
8800 10000.13 {'PEARLS': -9}
best_ask_volume:  -12
BUY 12 at 9998
8900 9999.78 {'PEARLS': 3}
best_bid_volume:  5
SELL 5 at 10002
9000 10000.09 {'PEARLS': -2}
9100 9999.94 {'PEARLS': -2}
9200 9999.94 {'PEARLS': -2}
9300 9999.81 {'PEARLS': -2}
9400 9999.83 {'PEARLS': -2}
9500 9999.84 {'PEARLS': -2}
9600 9999.95 {'PEARLS': -2}
9700 9999.96 {'PEARLS': -2}
9800 10000.1 {'PEARLS': -2}
9900 9999.95 {'PEARLS': -2}
10000 9999.96 {'PEARLS': -2}
10100 10000.06 {'PEARLS': -2}
10200 10000.05 {'PEARLS': -2}
10300 10000.05 {'PEARLS': -2}
10400 10000.04 {'PEARLS': -2}
10500 10000.04 {'PEARLS': -2}
10600 10000.13 {'PEARLS': -2}
best_ask_volume:  -2
BUY 2 at 9998
10700 9999.78 {'PEARLS': 0}
10800 9999.95 {'PEARLS': 0}
best_bid_volume:  1
SELL 1 at 10002
10900 10000.28 {'PEARLS': -1}
11000 10000.26 {'PEARLS': -1}
11100 10000.23 {'PEARLS': -1}
11200 10000.12 {'PEARLS': -1}
best_bid_volume:  1
SELL 1 at 10002
11300 10000.39 {'PEARLS': -2}
11400 10000.35 {'PEARLS': -2}
11500 10000.41 {'PEARLS': -2}
11600 10000.47 {'PEARLS': -2}
11700 10000.43 {'PEARLS': -2}
11800 10000.39 {'PEARLS': -2}
11900 10000.35 {'PEARLS': -2}
12000 10000.32 {'PEARLS': -2}
12100 10000.29 {'PEARLS': -2}
12200 10000.16 {'PEARLS': -2}
12300 10000.24 {'PEARLS': -2}
best_ask_volume:  -5
BUY 5 at 10000
12400 10000.03 {'PEARLS': 3}
12500 10000.03 {'PEARLS': 3}
best_bid_volume:  5
SELL 5 at 10002
12600 10000.31 {'PEARLS': -2}
12700 10000.38 {'PEARLS': -2}
12800 10000.34 {'PEARLS': -2}
12900 10000.21 {'PEARLS': -2}
13000 10000.19 {'PEARLS': -2}
13100 10000.17 {'PEARLS': -2}
13200 10000.16 {'PEARLS': -2}
13300 10000.14 {'PEARLS': -2}
13400 10000.13 {'PEARLS': -2}
best_bid_volume:  1
SELL 1 at 10002
13500 10000.4 {'PEARLS': -3}
13600 10000.27 {'PEARLS': -3}
13700 10000.24 {'PEARLS': -3}
13800 10000.31 {'PEARLS': -3}
13900 10000.28 {'PEARLS': -3}
14000 10000.11 {'PEARLS': -3}
14100 10000.1 {'PEARLS': -3}
14200 10000.28 {'PEARLS': -3}
14300 10000.26 {'PEARLS': -3}
14400 10000.23 {'PEARLS': -3}
14500 10000.31 {'PEARLS': -3}
best_ask_volume:  -2
BUY 2 at 10000
14600 10000.09 {'PEARLS': -1}
14700 9999.94 {'PEARLS': -1}
14800 10000.04 {'PEARLS': -1}
14900 10000.03 {'PEARLS': -1}
15000 9999.93 {'PEARLS': -1}
15100 9999.94 {'PEARLS': -1}
best_bid_volume:  1
SELL 1 at 10002
15200 10000.23 {'PEARLS': -2}
best_ask_volume:  -4
BUY 4 at 10000
15300 10000.11 {'PEARLS': 2}
15400 10000.2 {'PEARLS': 2}
15500 10000.09 {'PEARLS': 2}
15600 10000.22 {'PEARLS': 2}
15700 10000.2 {'PEARLS': 2}
15800 10000.18 {'PEARLS': 2}
15900 10000.26 {'PEARLS': 2}
16000 10000.38 {'PEARLS': 2}
16100 10000.25 {'PEARLS': 2}
16200 10000.36 {'PEARLS': 2}
16300 10000.33 {'PEARLS': 2}
16400 10000.2 {'PEARLS': 2}
best_ask_volume:  -1
BUY 1 at 9998
16500 9999.9 {'PEARLS': 3}
16600 9999.91 {'PEARLS': 3}
16700 9999.92 {'PEARLS': 3}
best_bid_volume:  3
SELL 3 at 10002
16800 10000.21 {'PEARLS': 0}
16900 10000.1 {'PEARLS': 0}
17000 10000.09 {'PEARLS': 0}
17100 10000.08 {'PEARLS': 0}
17200 10000.17 {'PEARLS': 0}
17300 10000.25 {'PEARLS': 0}
best_ask_volume:  -1
BUY 1 at 9998
17400 9999.89 {'PEARLS': 1}
17500 9999.9 {'PEARLS': 1}
17600 9999.91 {'PEARLS': 1}
17700 9999.92 {'PEARLS': 1}
17800 9999.93 {'PEARLS': 1}
17900 9999.93 {'PEARLS': 1}
18000 10000.03 {'PEARLS': 1}
18100 10000.13 {'PEARLS': 1}
18200 10000.11 {'PEARLS': 1}
18300 10000.1 {'PEARLS': 1}
18400 10000.09 {'PEARLS': 1}
18500 10000.08 {'PEARLS': 1}
18600 10000.17 {'PEARLS': 1}
18700 10000.06 {'PEARLS': 1}
best_bid_volume:  9
SELL 9 at 10002
18800 10000.34 {'PEARLS': -8}
18900 10000.31 {'PEARLS': -8}
19000 10000.28 {'PEARLS': -8}
19100 10000.11 {'PEARLS': -8}
19200 9999.91 {'PEARLS': -8}
19300 9999.82 {'PEARLS': -8}
19400 9999.84 {'PEARLS': -8}
19500 9999.76 {'PEARLS': -8}
19600 9999.78 {'PEARLS': -8}
19700 9999.8 {'PEARLS': -8}
19800 9999.73 {'PEARLS': -8}
best_bid_volume:  4
SELL 4 at 10002
19900 10000.09 {'PEARLS': -12}
20000 10000.08 {'PEARLS': -12}
20100 9999.97 {'PEARLS': -12}
20200 10000.07 {'PEARLS': -12}
20300 10000.07 {'PEARLS': -12}
20400 10000.06 {'PEARLS': -12}
20500 10000.05 {'PEARLS': -12}
20600 10000.05 {'PEARLS': -12}
20700 10000.04 {'PEARLS': -12}
20800 9999.94 {'PEARLS': -12}
20900 9999.95 {'PEARLS': -12}
21000 9999.95 {'PEARLS': -12}
21100 9999.96 {'PEARLS': -12}
21200 10000.06 {'PEARLS': -12}
21300 10000.05 {'PEARLS': -12}
21400 10000.05 {'PEARLS': -12}
21500 10000.04 {'PEARLS': -12}
21600 10000.04 {'PEARLS': -12}
best_bid_volume:  1
SELL 1 at 10002
21700 10000.37 {'PEARLS': -13}
21800 10000.24 {'PEARLS': -13}
21900 10000.31 {'PEARLS': -13}
22000 10000.28 {'PEARLS': -13}
best_ask_volume:  -2
BUY 2 at 10000
22100 10000.06 {'PEARLS': -11}
22200 10000.06 {'PEARLS': -11}
22300 9999.96 {'PEARLS': -11}
22400 9999.96 {'PEARLS': -11}
best_bid_volume:  2
SELL 2 at 10002
22500 10000.25 {'PEARLS': -13}
best_bid_volume:  6
SELL 6 at 10002
22600 10000.56 {'PEARLS': -19}
22700 10000.41 {'PEARLS': -19}
22800 10000.37 {'PEARLS': -19}
best_ask_volume:  -3
BUY 3 at 9998
22900 10000.05 {'PEARLS': -16}
best_ask_volume:  -1
BUY 1 at 9998
23000 9999.76 {'PEARLS': -15}
23100 9999.88 {'PEARLS': -15}
23200 9999.79 {'PEARLS': -15}
best_ask_volume:  -1
BUY 1 at 9998
23300 9999.48 {'PEARLS': -14}
23400 9999.53 {'PEARLS': -14}
23500 9999.72 {'PEARLS': -14}
23600 9999.74 {'PEARLS': -14}
23700 9999.63 {'PEARLS': -14}
23800 9999.66 {'PEARLS': -14}
23900 9999.69 {'PEARLS': -14}
24000 9999.72 {'PEARLS': -14}
24100 9999.65 {'PEARLS': -14}
24200 9999.69 {'PEARLS': -14}
24300 9999.81 {'PEARLS': -14}
best_bid_volume:  6
SELL 6 at 10002
24400 10000.12 {'PEARLS': -20}
24500 10000.1 {'PEARLS': -20}
best_ask_volume:  -2
BUY 2 at 9998
24600 9999.76 {'PEARLS': -18}
24700 9999.78 {'PEARLS': -18}
24800 9999.8 {'PEARLS': -18}
24900 9999.82 {'PEARLS': -18}
25000 9999.94 {'PEARLS': -18}
25100 9999.85 {'PEARLS': -18}
25200 9999.86 {'PEARLS': -18}
25300 9999.87 {'PEARLS': -18}
25400 9999.79 {'PEARLS': -18}
25500 9999.91 {'PEARLS': -18}
25600 10000.01 {'PEARLS': -18}
25700 10000.01 {'PEARLS': -18}
25800 10000.01 {'PEARLS': -18}
25900 10000.01 {'PEARLS': -18}
26000 10000.01 {'PEARLS': -18}
26100 9999.86 {'PEARLS': -18}
26200 9999.73 {'PEARLS': -18}
26300 9999.76 {'PEARLS': -18}
26400 9999.78 {'PEARLS': -18}
best_bid_volume:  3
SELL 2 at 10002
26500 10000.14 {'PEARLS': -20}
26600 10000.03 {'PEARLS': -20}
26700 10000.31 {'PEARLS': -20}
best_ask_volume:  -6
BUY 6 at 10000
26800 10000.04 {'PEARLS': -14}
26900 10000.04 {'PEARLS': -14}
best_ask_volume:  -1
BUY 1 at 9998
27000 9999.7 {'PEARLS': -13}
27100 9999.64 {'PEARLS': -13}
27200 9999.57 {'PEARLS': -13}
27300 9999.71 {'PEARLS': -13}
best_bid_volume:  5
SELL 5 at 10000
27400 9999.93 {'PEARLS': -18}
27500 9999.94 {'PEARLS': -18}
27600 9999.85 {'PEARLS': -18}
best_ask_volume:  -1
BUY 1 at 9998
27700 9999.58 {'PEARLS': -17}
27800 9999.62 {'PEARLS': -17}
27900 9999.65 {'PEARLS': -17}
best_ask_volume:  -4
BUY 4 at 9998
28000 9999.4 {'PEARLS': -13}
28100 9999.31 {'PEARLS': -13}
28200 9999.38 {'PEARLS': -13}
28300 9999.44 {'PEARLS': -13}
28400 9999.4 {'PEARLS': -13}
28500 9999.31 {'PEARLS': -13}
28600 9999.38 {'PEARLS': -13}
28700 9999.53 {'PEARLS': -13}
28800 9999.58 {'PEARLS': -13}
28900 9999.62 {'PEARLS': -13}
29000 9999.65 {'PEARLS': -13}
29100 9999.69 {'PEARLS': -13}
29200 9999.81 {'PEARLS': -13}
29300 9999.69 {'PEARLS': -13}
29400 9999.72 {'PEARLS': -13}
29500 9999.74 {'PEARLS': -13}
best_bid_volume:  1
SELL 1 at 10002
29600 10000.05 {'PEARLS': -14}
best_ask_volume:  -1
BUY 1 at 9998
29700 9999.71 {'PEARLS': -13}
29800 9999.74 {'PEARLS': -13}
29900 9999.86 {'PEARLS': -13}
30000 9999.78 {'PEARLS': -13}
30100 9999.71 {'PEARLS': -13}
30200 9999.5 {'PEARLS': -13}
30300 9999.54 {'PEARLS': -13}
30400 9999.49 {'PEARLS': -13}
30500 9999.54 {'PEARLS': -13}
30600 9999.58 {'PEARLS': -13}
30700 9999.62 {'PEARLS': -13}
30800 9999.66 {'PEARLS': -13}
30900 9999.69 {'PEARLS': -13}
31000 9999.86 {'PEARLS': -13}
31100 9999.88 {'PEARLS': -13}
31200 9999.89 {'PEARLS': -13}
31300 9999.9 {'PEARLS': -13}
31400 9999.91 {'PEARLS': -13}
31500 9999.92 {'PEARLS': -13}
31600 9999.93 {'PEARLS': -13}
31700 10000.03 {'PEARLS': -13}
best_ask_volume:  -4
BUY 4 at 9998
31800 9999.69 {'PEARLS': -9}
31900 9999.72 {'PEARLS': -9}
32000 9999.84 {'PEARLS': -9}
32100 9999.67 {'PEARLS': -9}
32200 9999.7 {'PEARLS': -9}
32300 9999.63 {'PEARLS': -9}
32400 9999.57 {'PEARLS': -9}
32500 9999.52 {'PEARLS': -9}
32600 9999.56 {'PEARLS': -9}
32700 9999.61 {'PEARLS': -9}
best_bid_volume:  1
SELL 1 at 10002
32800 9999.93 {'PEARLS': -10}
32900 9999.94 {'PEARLS': -10}
33000 9999.85 {'PEARLS': -10}
best_bid_volume:  1
SELL 1 at 10002
33100 10000.15 {'PEARLS': -11}
33200 10000.13 {'PEARLS': -11}
33300 9999.98 {'PEARLS': -11}
33400 9999.88 {'PEARLS': -11}
33500 9999.9 {'PEARLS': -11}
33600 10000.05 {'PEARLS': -11}
33700 10000.04 {'PEARLS': -11}
33800 10000.13 {'PEARLS': -11}
best_bid_volume:  1
SELL 1 at 10002
33900 10000.46 {'PEARLS': -12}
34000 10000.41 {'PEARLS': -12}
best_bid_volume:  1
SELL 1 at 10002
34100 10000.66 {'PEARLS': -13}
34200 10000.6 {'PEARLS': -13}
34300 10000.54 {'PEARLS': -13}
34400 10000.49 {'PEARLS': -13}
34500 10000.44 {'PEARLS': -13}
34600 10000.26 {'PEARLS': -13}
34700 10000.23 {'PEARLS': -13}
best_ask_volume:  -5
BUY 5 at 9998
34800 9999.88 {'PEARLS': -8}
best_bid_volume:  1
SELL 1 at 10002
34900 10000.22 {'PEARLS': -9}
35000 10000.2 {'PEARLS': -9}
35100 10000.09 {'PEARLS': -9}
35200 10000.08 {'PEARLS': -9}
35300 10000.07 {'PEARLS': -9}
35400 10000.21 {'PEARLS': -9}
35500 10000.19 {'PEARLS': -9}
best_bid_volume:  5
SELL 5 at 10002
35600 10000.5 {'PEARLS': -14}
35700 10000.55 {'PEARLS': -14}
best_bid_volume:  1
SELL 1 at 10002
35800 10000.78 {'PEARLS': -15}
35900 10000.71 {'PEARLS': -15}
36000 10000.55 {'PEARLS': -15}
best_ask_volume:  -1
BUY 1 at 9998
36100 10000.16 {'PEARLS': -14}
best_ask_volume:  -4
BUY 4 at 9998
36200 9999.81 {'PEARLS': -10}
36300 9999.73 {'PEARLS': -10}
best_ask_volume:  -1
BUY 1 at 9998
36400 9999.43 {'PEARLS': -9}
36500 9999.39 {'PEARLS': -9}
36600 9999.35 {'PEARLS': -9}
best_bid_volume:  4
SELL 4 at 10002
36700 9999.74 {'PEARLS': -13}
best_bid_volume:  1
SELL 1 at 10002
36800 10000.1 {'PEARLS': -14}
best_bid_volume:  1
SELL 1 at 10002
36900 10000.38 {'PEARLS': -15}
37000 10000.25 {'PEARLS': -15}
37100 10000.37 {'PEARLS': -15}
37200 10000.33 {'PEARLS': -15}
37300 10000.44 {'PEARLS': -15}
best_bid_volume:  5
SELL 5 at 10002
37400 10000.73 {'PEARLS': -20}
37500 10000.66 {'PEARLS': -20}
37600 10000.93 {'PEARLS': -20}
37700 10000.85 {'PEARLS': -20}
37800 10000.76 {'PEARLS': -20}
37900 10000.69 {'PEARLS': -20}
best_ask_volume:  -3
BUY 3 at 10000
38000 10000.44 {'PEARLS': -17}
38100 10000.25 {'PEARLS': -17}
38200 10000.23 {'PEARLS': -17}
best_ask_volume:  -2
BUY 2 at 9998
38300 9999.87 {'PEARLS': -15}
38400 9999.88 {'PEARLS': -15}
best_bid_volume:  1
SELL 1 at 10002
38500 10000.23 {'PEARLS': -16}
best_bid_volume:  1
SELL 1 at 10002
38600 10000.49 {'PEARLS': -17}
best_bid_volume:  5
SELL 3 at 10002
38700 10000.78 {'PEARLS': -20}
38800 10000.7 {'PEARLS': -20}
38900 10000.64 {'PEARLS': -20}
39000 10000.58 {'PEARLS': -20}
39100 10000.52 {'PEARLS': -20}
39200 10000.38 {'PEARLS': -20}
39300 10000.34 {'PEARLS': -20}
39400 10000.4 {'PEARLS': -20}
39500 10000.37 {'PEARLS': -20}
39600 10000.33 {'PEARLS': -20}
39700 10000.3 {'PEARLS': -20}
39800 10000.27 {'PEARLS': -20}
39900 10000.15 {'PEARLS': -20}
40000 10000.23 {'PEARLS': -20}
40100 10000.3 {'PEARLS': -20}
40200 10000.61 {'PEARLS': -20}
40300 10000.46 {'PEARLS': -20}
best_ask_volume:  -4
BUY 4 at 10000
40400 10000.22 {'PEARLS': -16}
40500 10000.1 {'PEARLS': -16}
40600 10000.09 {'PEARLS': -16}
best_ask_volume:  -7
BUY 7 at 9998
40700 9999.8 {'PEARLS': -9}
40800 9999.82 {'PEARLS': -9}
40900 9999.84 {'PEARLS': -9}
41000 9999.85 {'PEARLS': -9}
41100 10000.01 {'PEARLS': -9}
41200 10000.01 {'PEARLS': -9}
best_ask_volume:  -8
BUY 8 at 9998
41300 9999.72 {'PEARLS': -1}
41400 9999.56 {'PEARLS': -1}
41500 9999.6 {'PEARLS': -1}
41600 9999.78 {'PEARLS': -1}
best_ask_volume:  -5
BUY 5 at 9998
41700 9999.52 {'PEARLS': 4}
41800 9999.56 {'PEARLS': 4}
41900 9999.51 {'PEARLS': 4}
42000 9999.65 {'PEARLS': 4}
42100 9999.68 {'PEARLS': 4}
42200 9999.71 {'PEARLS': 4}
42300 9999.6 {'PEARLS': 4}
best_bid_volume:  4
SELL 4 at 10000
42400 9999.87 {'PEARLS': 0}
best_ask_volume:  -5
BUY 5 at 9998
42500 9999.6 {'PEARLS': 5}
42600 9999.64 {'PEARLS': 5}
42700 9999.53 {'PEARLS': 5}
42800 9999.58 {'PEARLS': 5}
42900 9999.62 {'PEARLS': 5}
43000 9999.65 {'PEARLS': 5}
best_bid_volume:  7
SELL 7 at 10002
43100 9999.97 {'PEARLS': -2}
43200 9999.88 {'PEARLS': -2}
43300 9999.7 {'PEARLS': -2}
43400 9999.73 {'PEARLS': -2}
43500 9999.66 {'PEARLS': -2}
43600 9999.6 {'PEARLS': -2}
43700 9999.49 {'PEARLS': -2}
43800 9999.54 {'PEARLS': -2}
best_ask_volume:  -1
BUY 1 at 9998
43900 9999.25 {'PEARLS': -1}
44000 9999.32 {'PEARLS': -1}
best_bid_volume:  4
SELL 4 at 10002
44100 9999.67 {'PEARLS': -5}
44200 9999.7 {'PEARLS': -5}
44300 9999.83 {'PEARLS': -5}
44400 9999.84 {'PEARLS': -5}
44500 9999.86 {'PEARLS': -5}
44600 9999.87 {'PEARLS': -5}
44700 9999.88 {'PEARLS': -5}
44800 9999.8 {'PEARLS': -5}
44900 9999.72 {'PEARLS': -5}
45000 9999.61 {'PEARLS': -5}
45100 9999.64 {'PEARLS': -5}
best_ask_volume:  -1
BUY 1 at 9998
45200 9999.39 {'PEARLS': -4}
45300 9999.45 {'PEARLS': -4}
best_ask_volume:  -1
BUY 1 at 9998
45400 9999.22 {'PEARLS': -3}
45500 9999.29 {'PEARLS': -3}
45600 9999.36 {'PEARLS': -3}
45700 9999.42 {'PEARLS': -3}
best_bid_volume:  4
SELL 4 at 10002
45800 9999.81 {'PEARLS': -7}
45900 9999.83 {'PEARLS': -7}
46000 9999.75 {'PEARLS': -7}
best_ask_volume:  -5
BUY 5 at 9998
46100 9999.49 {'PEARLS': -2}
46200 9999.54 {'PEARLS': -2}
46300 9999.58 {'PEARLS': -2}
46400 9999.62 {'PEARLS': -2}
46500 9999.66 {'PEARLS': -2}
46600 9999.59 {'PEARLS': -2}
46700 9999.54 {'PEARLS': -2}
46800 9999.58 {'PEARLS': -2}
46900 9999.72 {'PEARLS': -2}
47000 9999.74 {'PEARLS': -2}
47100 9999.62 {'PEARLS': -2}
47200 9999.8 {'PEARLS': -2}
47300 9999.82 {'PEARLS': -2}
47400 9999.84 {'PEARLS': -2}
47500 9999.76 {'PEARLS': -2}
47600 9999.78 {'PEARLS': -2}
47700 9999.8 {'PEARLS': -2}
best_ask_volume:  -1
BUY 1 at 9998
47800 9999.54 {'PEARLS': -1}
best_ask_volume:  -1
BUY 1 at 9998
47900 9999.25 {'PEARLS': 0}
48000 9999.46 {'PEARLS': 0}
48100 9999.61 {'PEARLS': 0}
48200 9999.65 {'PEARLS': 0}
48300 9999.68 {'PEARLS': 0}
48400 9999.71 {'PEARLS': 0}
48500 9999.74 {'PEARLS': 0}
48600 9999.76 {'PEARLS': 0}
48700 9999.69 {'PEARLS': 0}
best_bid_volume:  2
SELL 2 at 10002
48800 10000.05 {'PEARLS': -2}
48900 10000.14 {'PEARLS': -2}
49000 10000.22 {'PEARLS': -2}
49100 10000.2 {'PEARLS': -2}
49200 10000.33 {'PEARLS': -2}
49300 10000.3 {'PEARLS': -2}
49400 10000.27 {'PEARLS': -2}
49500 10000.34 {'PEARLS': -2}
49600 10000.31 {'PEARLS': -2}
49700 10000.28 {'PEARLS': -2}
49800 10000.15 {'PEARLS': -2}
best_ask_volume:  -1
BUY 1 at 9998
49900 9999.85 {'PEARLS': -1}
50000 9999.87 {'PEARLS': -1}
50100 9999.88 {'PEARLS': -1}
50200 9999.89 {'PEARLS': -1}
50300 10000.0 {'PEARLS': -1}
50400 9999.9 {'PEARLS': -1}
best_bid_volume:  4
SELL 4 at 10002
50500 10000.2 {'PEARLS': -5}
best_bid_volume:  4
SELL 4 at 10002
50600 10000.46 {'PEARLS': -9}
50700 10000.42 {'PEARLS': -9}
50800 10000.24 {'PEARLS': -9}
best_ask_volume:  -1
BUY 1 at 9998
50900 9999.88 {'PEARLS': -8}
51000 9999.89 {'PEARLS': -8}
51100 9999.9 {'PEARLS': -8}
51200 9999.91 {'PEARLS': -8}
51300 9999.92 {'PEARLS': -8}
51400 9999.93 {'PEARLS': -8}
51500 9999.93 {'PEARLS': -8}
51600 9999.94 {'PEARLS': -8}
51700 9999.95 {'PEARLS': -8}
51800 9999.86 {'PEARLS': -8}
51900 9999.87 {'PEARLS': -8}
52000 9999.79 {'PEARLS': -8}
best_bid_volume:  3
SELL 3 at 10000
52100 10000.0 {'PEARLS': -11}
52200 10000.0 {'PEARLS': -11}
52300 9999.86 {'PEARLS': -11}
52400 9999.73 {'PEARLS': -11}
best_bid_volume:  6
SELL 6 at 10000
52500 9999.94 {'PEARLS': -17}
52600 9999.95 {'PEARLS': -17}
best_ask_volume:  -2
BUY 2 at 9998
52700 9999.67 {'PEARLS': -15}
best_ask_volume:  -1
BUY 1 at 9998
52800 9999.37 {'PEARLS': -14}
best_ask_volume:  -1
BUY 1 at 9998
52900 9999.09 {'PEARLS': -13}
53000 9999.18 {'PEARLS': -13}
53100 9999.26 {'PEARLS': -13}
53200 9999.33 {'PEARLS': -13}
best_ask_volume:  -1
BUY 1 at 9998
53300 9999.11 {'PEARLS': -12}
53400 9999.19 {'PEARLS': -12}
53500 9999.27 {'PEARLS': -12}
53600 9999.24 {'PEARLS': -12}
53700 9999.46 {'PEARLS': -12}
53800 9999.41 {'PEARLS': -12}
best_ask_volume:  -13
BUY 13 at 9998
53900 9999.18 {'PEARLS': 1}
54000 9999.26 {'PEARLS': 1}
54100 9999.33 {'PEARLS': 1}
54200 9999.4 {'PEARLS': 1}
54300 9999.45 {'PEARLS': 1}
54400 9999.65 {'PEARLS': 1}
54500 9999.68 {'PEARLS': 1}
54600 9999.57 {'PEARLS': 1}
54700 9999.71 {'PEARLS': 1}
54800 9999.88 {'PEARLS': 1}
54900 9999.89 {'PEARLS': 1}
55000 9999.9 {'PEARLS': 1}
best_ask_volume:  -5
BUY 5 at 9998
55100 9999.58 {'PEARLS': 6}
best_bid_volume:  9
SELL 9 at 10002
55200 9999.9 {'PEARLS': -3}
55300 9999.91 {'PEARLS': -3}
55400 9999.82 {'PEARLS': -3}
55500 9999.84 {'PEARLS': -3}
55600 9999.86 {'PEARLS': -3}
55700 9999.96 {'PEARLS': -3}
55800 9999.83 {'PEARLS': -3}
55900 9999.84 {'PEARLS': -3}
best_ask_volume:  -11
BUY 11 at 9998
56000 9999.52 {'PEARLS': 8}
56100 9999.57 {'PEARLS': 8}
56200 9999.61 {'PEARLS': 8}
56300 9999.65 {'PEARLS': 8}
56400 9999.54 {'PEARLS': 8}
56500 9999.72 {'PEARLS': 8}
56600 9999.75 {'PEARLS': 8}
56700 9999.77 {'PEARLS': 8}
56800 9999.8 {'PEARLS': 8}
56900 9999.82 {'PEARLS': 8}
57000 9999.98 {'PEARLS': 8}
57100 9999.98 {'PEARLS': 8}
57200 9999.98 {'PEARLS': 8}
57300 9999.98 {'PEARLS': 8}
best_bid_volume:  1
SELL 1 at 10002
57400 10000.32 {'PEARLS': 7}
57500 10000.19 {'PEARLS': 7}
57600 10000.08 {'PEARLS': 7}
best_ask_volume:  -1
BUY 1 at 9998
57700 9999.74 {'PEARLS': 8}
57800 9999.67 {'PEARLS': 8}
57900 9999.7 {'PEARLS': 8}
best_bid_volume:  1
SELL 1 at 10002
58000 10000.01 {'PEARLS': 7}
58100 10000.15 {'PEARLS': 7}
58200 10000.14 {'PEARLS': 7}
58300 10000.13 {'PEARLS': 7}
best_ask_volume:  -1
BUY 1 at 9998
58400 9999.83 {'PEARLS': 8}
58500 9999.61 {'PEARLS': 8}
best_ask_volume:  -1
BUY 1 at 9998
58600 9999.36 {'PEARLS': 9}
58700 9999.52 {'PEARLS': 9}
58800 9999.56 {'PEARLS': 9}
58900 9999.7 {'PEARLS': 9}
best_ask_volume:  -1
BUY 1 at 9998
59000 9999.39 {'PEARLS': 10}
59100 9999.45 {'PEARLS': 10}
best_ask_volume:  -2
BUY 2 at 9998
59200 9999.17 {'PEARLS': 12}
best_bid_volume:  3
SELL 3 at 10000
59300 9999.44 {'PEARLS': 9}
best_ask_volume:  -13
BUY 11 at 9998
59400 9999.21 {'PEARLS': 20}
59500 9999.28 {'PEARLS': 20}
59600 9999.45 {'PEARLS': 20}
59700 9999.5 {'PEARLS': 20}
59800 9999.64 {'PEARLS': 20}
59900 9999.68 {'PEARLS': 20}
best_bid_volume:  1
SELL 1 at 10002
60000 9999.99 {'PEARLS': 19}
60100 10000.09 {'PEARLS': 19}
best_ask_volume:  -1
BUY 1 at 9998
60200 9999.75 {'PEARLS': 20}
best_bid_volume:  3
SELL 3 at 10000
60300 9999.96 {'PEARLS': 17}
60400 9999.97 {'PEARLS': 17}
60500 10000.16 {'PEARLS': 17}
60600 10000.14 {'PEARLS': 17}
60700 9999.99 {'PEARLS': 17}
60800 9999.89 {'PEARLS': 17}
60900 9999.9 {'PEARLS': 17}
61000 9999.91 {'PEARLS': 17}
61100 9999.92 {'PEARLS': 17}
61200 9999.93 {'PEARLS': 17}
61300 9999.94 {'PEARLS': 17}
61400 9999.94 {'PEARLS': 17}
best_bid_volume:  2
SELL 2 at 10002
61500 10000.23 {'PEARLS': 15}
best_bid_volume:  6
SELL 6 at 10002
61600 10000.54 {'PEARLS': 9}
61700 10000.49 {'PEARLS': 9}
61800 10000.45 {'PEARLS': 9}
61900 10000.4 {'PEARLS': 9}
best_ask_volume:  -1
BUY 1 at 9998
62000 10000.08 {'PEARLS': 10}
62100 10000.07 {'PEARLS': 10}
62200 10000.06 {'PEARLS': 10}
62300 10000.2 {'PEARLS': 10}
62400 10000.18 {'PEARLS': 10}
62500 10000.16 {'PEARLS': 10}
62600 10000.15 {'PEARLS': 10}
62700 10000.13 {'PEARLS': 10}
62800 9999.98 {'PEARLS': 10}
62900 9999.98 {'PEARLS': 10}
63000 9999.98 {'PEARLS': 10}
63100 9999.98 {'PEARLS': 10}
63200 9999.84 {'PEARLS': 10}
63300 9999.86 {'PEARLS': 10}
63400 9999.87 {'PEARLS': 10}
63500 9999.79 {'PEARLS': 10}
best_ask_volume:  -1
BUY 1 at 9998
63600 9999.52 {'PEARLS': 11}
63700 9999.47 {'PEARLS': 11}
63800 9999.62 {'PEARLS': 11}
63900 9999.65 {'PEARLS': 11}
64000 9999.54 {'PEARLS': 11}
64100 9999.59 {'PEARLS': 11}
64200 9999.63 {'PEARLS': 11}
64300 9999.57 {'PEARLS': 11}
64400 9999.61 {'PEARLS': 11}
64500 9999.65 {'PEARLS': 11}
64600 9999.78 {'PEARLS': 11}
64700 9999.8 {'PEARLS': 11}
64800 9999.72 {'PEARLS': 11}
64900 9999.65 {'PEARLS': 11}
65000 9999.69 {'PEARLS': 11}
65100 9999.57 {'PEARLS': 11}
65200 9999.71 {'PEARLS': 11}
best_bid_volume:  5
SELL 5 at 10002
65300 10000.07 {'PEARLS': 6}
best_bid_volume:  1
SELL 1 at 10002
65400 10000.35 {'PEARLS': 5}
best_ask_volume:  -1
BUY 1 at 9998
65500 10000.03 {'PEARLS': 6}
65600 9999.93 {'PEARLS': 6}
65700 10000.08 {'PEARLS': 6}
65800 10000.07 {'PEARLS': 6}
65900 10000.07 {'PEARLS': 6}
66000 10000.06 {'PEARLS': 6}
best_ask_volume:  -2
BUY 2 at 9998
66100 9999.77 {'PEARLS': 8}
66200 9999.79 {'PEARLS': 8}
66300 9999.81 {'PEARLS': 8}
best_ask_volume:  -1
BUY 1 at 9998
66400 9999.5 {'PEARLS': 9}
66500 9999.45 {'PEARLS': 9}
66600 9999.5 {'PEARLS': 9}
66700 9999.41 {'PEARLS': 9}
66800 9999.6 {'PEARLS': 9}
best_ask_volume:  -1
BUY 1 at 9998
66900 9999.36 {'PEARLS': 10}
67000 9999.42 {'PEARLS': 10}
best_bid_volume:  4
SELL 4 at 10002
67100 9999.76 {'PEARLS': 6}
67200 9999.69 {'PEARLS': 6}
67300 9999.72 {'PEARLS': 6}
67400 9999.65 {'PEARLS': 6}
best_ask_volume:  -5
BUY 5 at 9998
67500 9999.4 {'PEARLS': 11}
67600 9999.45 {'PEARLS': 11}
67700 9999.51 {'PEARLS': 11}
best_bid_volume:  1
SELL 1 at 10002
67800 9999.89 {'PEARLS': 10}
best_ask_volume:  -1
BUY 1 at 9998
67900 9999.61 {'PEARLS': 11}
68000 9999.55 {'PEARLS': 11}
68100 9999.6 {'PEARLS': 11}
68200 9999.63 {'PEARLS': 11}
68300 9999.67 {'PEARLS': 11}
68400 9999.7 {'PEARLS': 11}
68500 9999.87 {'PEARLS': 11}
68600 9999.98 {'PEARLS': 11}
68700 9999.89 {'PEARLS': 11}
best_bid_volume:  1
SELL 1 at 10002
68800 10000.18 {'PEARLS': 10}
68900 10000.17 {'PEARLS': 10}
69000 10000.15 {'PEARLS': 10}
69100 10000.23 {'PEARLS': 10}
69200 10000.21 {'PEARLS': 10}
69300 10000.09 {'PEARLS': 10}
69400 10000.08 {'PEARLS': 10}
best_bid_volume:  4
SELL 4 at 10002
69500 10000.36 {'PEARLS': 6}
best_bid_volume:  2
SELL 2 at 10002
69600 10000.66 {'PEARLS': 4}
69700 10000.5 {'PEARLS': 4}
69800 10000.45 {'PEARLS': 4}
69900 10000.41 {'PEARLS': 4}
70000 10000.37 {'PEARLS': 4}
70100 10000.43 {'PEARLS': 4}
70200 10000.25 {'PEARLS': 4}
best_ask_volume:  -3
BUY 3 at 10000
70300 10000.03 {'PEARLS': 7}
70400 10000.03 {'PEARLS': 7}
70500 9999.93 {'PEARLS': 7}
70600 9999.94 {'PEARLS': 7}
70700 9999.94 {'PEARLS': 7}
70800 9999.81 {'PEARLS': 7}
best_ask_volume:  -1
BUY 1 at 9998
70900 9999.54 {'PEARLS': 8}
71000 9999.58 {'PEARLS': 8}
71100 9999.62 {'PEARLS': 8}
71200 9999.66 {'PEARLS': 8}
71300 9999.69 {'PEARLS': 8}
71400 9999.72 {'PEARLS': 8}
71500 9999.89 {'PEARLS': 8}
71600 9999.9 {'PEARLS': 8}
71700 9999.91 {'PEARLS': 8}
71800 9999.92 {'PEARLS': 8}
71900 9999.93 {'PEARLS': 8}
72000 9999.93 {'PEARLS': 8}
72100 9999.8 {'PEARLS': 8}
72200 9999.72 {'PEARLS': 8}
72300 9999.75 {'PEARLS': 8}
72400 9999.77 {'PEARLS': 8}
72500 9999.79 {'PEARLS': 8}
72600 9999.81 {'PEARLS': 8}
72700 9999.83 {'PEARLS': 8}
72800 9999.85 {'PEARLS': 8}
72900 9999.86 {'PEARLS': 8}
73000 9999.87 {'PEARLS': 8}
73100 9999.89 {'PEARLS': 8}
73200 9999.8 {'PEARLS': 8}
73300 9999.82 {'PEARLS': 8}
73400 9999.84 {'PEARLS': 8}
best_ask_volume:  -1
BUY 1 at 9998
73500 9999.57 {'PEARLS': 9}
best_ask_volume:  -1
BUY 1 at 9998
73600 9999.28 {'PEARLS': 10}
best_bid_volume:  1
SELL 1 at 10002
73700 9999.68 {'PEARLS': 9}
best_ask_volume:  -10
BUY 10 at 9998
73800 9999.38 {'PEARLS': 19}
best_bid_volume:  1
SELL 1 at 10002
73900 9999.77 {'PEARLS': 18}
74000 9999.89 {'PEARLS': 18}
74100 9999.9 {'PEARLS': 18}
74200 10000.0 {'PEARLS': 18}
74300 10000.0 {'PEARLS': 18}
74400 10000.0 {'PEARLS': 18}
74500 10000.0 {'PEARLS': 18}
74600 10000.0 {'PEARLS': 18}
74700 10000.0 {'PEARLS': 18}
best_ask_volume:  -1
BUY 1 at 9998
74800 9999.72 {'PEARLS': 19}
best_ask_volume:  -2
BUY 1 at 9998
74900 9999.46 {'PEARLS': 20}
75000 9999.22 {'PEARLS': 20}
75100 9999.3 {'PEARLS': 20}
best_bid_volume:  1
SELL 1 at 10002
75200 9999.65 {'PEARLS': 19}
75300 9999.68 {'PEARLS': 19}
75400 9999.71 {'PEARLS': 19}
75500 9999.74 {'PEARLS': 19}
75600 9999.77 {'PEARLS': 19}
75700 9999.64 {'PEARLS': 19}
75800 9999.54 {'PEARLS': 19}
75900 9999.58 {'PEARLS': 19}
76000 9999.62 {'PEARLS': 19}
best_bid_volume:  4
SELL 4 at 10000
76100 9999.75 {'PEARLS': 15}
76200 9999.77 {'PEARLS': 15}
76300 9999.8 {'PEARLS': 15}
best_ask_volume:  -12
BUY 5 at 9998
76400 9999.53 {'PEARLS': 20}
76500 9999.57 {'PEARLS': 20}
76600 9999.62 {'PEARLS': 20}
76700 9999.65 {'PEARLS': 20}
76800 9999.78 {'PEARLS': 20}
76900 9999.8 {'PEARLS': 20}
77000 9999.82 {'PEARLS': 20}
77100 9999.84 {'PEARLS': 20}
77200 9999.85 {'PEARLS': 20}
77300 9999.87 {'PEARLS': 20}
77400 9999.88 {'PEARLS': 20}
77500 9999.89 {'PEARLS': 20}
77600 9999.62 {'PEARLS': 20}
77700 9999.65 {'PEARLS': 20}
77800 9999.83 {'PEARLS': 20}
77900 9999.84 {'PEARLS': 20}
78000 9999.57 {'PEARLS': 20}
78100 9999.71 {'PEARLS': 20}
best_bid_volume:  1
SELL 1 at 10002
78200 10000.02 {'PEARLS': 19}
78300 10000.12 {'PEARLS': 19}
78400 10000.25 {'PEARLS': 19}
78500 10000.22 {'PEARLS': 19}
78600 10000.2 {'PEARLS': 19}
78700 10000.18 {'PEARLS': 19}
78800 10000.17 {'PEARLS': 19}
best_bid_volume:  8
SELL 8 at 10002
78900 10000.44 {'PEARLS': 11}
79000 10000.39 {'PEARLS': 11}
79100 10000.36 {'PEARLS': 11}
79200 10000.32 {'PEARLS': 11}
79300 10000.29 {'PEARLS': 11}
79400 10000.26 {'PEARLS': 11}
79500 10000.24 {'PEARLS': 11}
79600 10000.22 {'PEARLS': 11}
79700 10000.2 {'PEARLS': 11}
best_bid_volume:  12
SELL 12 at 10002
79800 10000.46 {'PEARLS': -1}
79900 10000.42 {'PEARLS': -1}
80000 10000.47 {'PEARLS': -1}
80100 10000.43 {'PEARLS': -1}
80200 10000.25 {'PEARLS': -1}
80300 10000.22 {'PEARLS': -1}
80400 10000.2 {'PEARLS': -1}
best_ask_volume:  -1
BUY 1 at 9998
80500 9999.9 {'PEARLS': 0}
best_bid_volume:  1
SELL 1 at 10002
80600 10000.19 {'PEARLS': -1}
best_ask_volume:  -1
BUY 1 at 9998
80700 9999.84 {'PEARLS': 0}
best_ask_volume:  -1
BUY 1 at 9998
80800 9999.57 {'PEARLS': 1}
80900 9999.71 {'PEARLS': 1}
81000 9999.83 {'PEARLS': 1}
81100 9999.85 {'PEARLS': 1}
81200 9999.86 {'PEARLS': 1}
81300 9999.87 {'PEARLS': 1}
81400 9999.89 {'PEARLS': 1}
81500 9999.9 {'PEARLS': 1}
best_bid_volume:  1
SELL 1 at 10002
81600 10000.19 {'PEARLS': 0}
81700 10000.17 {'PEARLS': 0}
81800 10000.3 {'PEARLS': 0}
81900 10000.27 {'PEARLS': 0}
82000 10000.25 {'PEARLS': 0}
82100 10000.22 {'PEARLS': 0}
82200 10000.3 {'PEARLS': 0}
82300 10000.27 {'PEARLS': 0}
82400 10000.39 {'PEARLS': 0}
82500 10000.49 {'PEARLS': 0}
82600 10000.44 {'PEARLS': 0}
best_bid_volume:  1
SELL 1 at 10002
82700 10000.69 {'PEARLS': -1}
82800 10000.62 {'PEARLS': -1}
82900 10000.56 {'PEARLS': -1}
83000 10000.41 {'PEARLS': -1}
83100 10000.52 {'PEARLS': -1}
best_ask_volume:  -1
BUY 1 at 9998
83200 10000.14 {'PEARLS': 0}
83300 10000.27 {'PEARLS': 0}
83400 10000.1 {'PEARLS': 0}
best_bid_volume:  1
SELL 1 at 10002
83500 10000.37 {'PEARLS': -1}
83600 10000.24 {'PEARLS': -1}
83700 10000.22 {'PEARLS': -1}
best_bid_volume:  1
SELL 1 at 10002
83800 10000.53 {'PEARLS': -2}
83900 10000.48 {'PEARLS': -2}
84000 10000.29 {'PEARLS': -2}
84100 10000.26 {'PEARLS': -2}
best_bid_volume:  1
SELL 1 at 10002
84200 10000.53 {'PEARLS': -3}
84300 10000.38 {'PEARLS': -3}
84400 10000.34 {'PEARLS': -3}
84500 10000.22 {'PEARLS': -3}
84600 10000.1 {'PEARLS': -3}
84700 10000.09 {'PEARLS': -3}
84800 10000.18 {'PEARLS': -3}
best_bid_volume:  1
SELL 1 at 10002
84900 10000.45 {'PEARLS': -4}
85000 10000.4 {'PEARLS': -4}
85100 10000.37 {'PEARLS': -4}
85200 10000.24 {'PEARLS': -4}
85300 10000.12 {'PEARLS': -4}
85400 9999.96 {'PEARLS': -4}
85500 9999.97 {'PEARLS': -4}
85600 10000.07 {'PEARLS': -4}
85700 9999.96 {'PEARLS': -4}
85800 9999.97 {'PEARLS': -4}
best_bid_volume:  1
SELL 1 at 10002
85900 10000.26 {'PEARLS': -5}
86000 10000.23 {'PEARLS': -5}
86100 10000.21 {'PEARLS': -5}
86200 10000.19 {'PEARLS': -5}
best_ask_volume:  -2
BUY 2 at 9998
86300 9999.84 {'PEARLS': -3}
86400 9999.95 {'PEARLS': -3}
86500 9999.95 {'PEARLS': -3}
86600 10000.05 {'PEARLS': -3}
86700 9999.91 {'PEARLS': -3}
86800 9999.91 {'PEARLS': -3}
best_ask_volume:  -2
BUY 2 at 9998
86900 9999.64 {'PEARLS': -1}
87000 9999.58 {'PEARLS': -1}
87100 9999.43 {'PEARLS': -1}
best_ask_volume:  -1
BUY 1 at 9998
87200 9999.2 {'PEARLS': 0}
87300 9999.27 {'PEARLS': 0}
87400 9999.34 {'PEARLS': 0}
87500 9999.55 {'PEARLS': 0}
87600 9999.59 {'PEARLS': 0}
87700 9999.63 {'PEARLS': 0}
87800 9999.66 {'PEARLS': 0}
87900 9999.7 {'PEARLS': 0}
88000 9999.73 {'PEARLS': 0}
88100 9999.85 {'PEARLS': 0}
88200 9999.86 {'PEARLS': 0}
88300 9999.87 {'PEARLS': 0}
88400 9999.89 {'PEARLS': 0}
88500 9999.8 {'PEARLS': 0}
best_bid_volume:  1
SELL 1 at 10002
88600 10000.11 {'PEARLS': -1}
best_bid_volume:  1
SELL 1 at 10002
88700 10000.38 {'PEARLS': -2}
88800 10000.35 {'PEARLS': -2}
88900 10000.31 {'PEARLS': -2}
best_bid_volume:  4
SELL 4 at 10002
89000 10000.57 {'PEARLS': -6}
89100 10000.51 {'PEARLS': -6}
89200 10000.47 {'PEARLS': -6}
89300 10000.42 {'PEARLS': -6}
89400 10000.38 {'PEARLS': -6}
89500 10000.34 {'PEARLS': -6}
89600 10000.31 {'PEARLS': -6}
89700 10000.38 {'PEARLS': -6}
89800 10000.2 {'PEARLS': -6}
89900 10000.37 {'PEARLS': -6}
90000 10000.43 {'PEARLS': -6}
90100 10000.39 {'PEARLS': -6}
90200 10000.35 {'PEARLS': -6}
90300 10000.41 {'PEARLS': -6}
90400 10000.52 {'PEARLS': -6}
90500 10000.47 {'PEARLS': -6}
90600 10000.42 {'PEARLS': -6}
90700 10000.38 {'PEARLS': -6}
best_ask_volume:  -4
BUY 4 at 9998
90800 10000.06 {'PEARLS': -2}
90900 10000.06 {'PEARLS': -2}
91000 9999.91 {'PEARLS': -2}
91100 9999.92 {'PEARLS': -2}
91200 9999.92 {'PEARLS': -2}
91300 9999.74 {'PEARLS': -2}
best_ask_volume:  -2
BUY 2 at 9998
91400 9999.48 {'PEARLS': 0}
best_bid_volume:  1
SELL 1 at 10002
91500 9999.86 {'PEARLS': -1}
91600 9999.88 {'PEARLS': -1}
best_ask_volume:  -1
BUY 1 at 9998
91700 9999.55 {'PEARLS': 0}
91800 9999.6 {'PEARLS': 0}
best_ask_volume:  -3
BUY 3 at 9998
91900 9999.35 {'PEARLS': 3}
92000 9999.55 {'PEARLS': 3}
92100 9999.69 {'PEARLS': 3}
92200 9999.72 {'PEARLS': 3}
92300 9999.75 {'PEARLS': 3}
best_bid_volume:  1
SELL 1 at 10002
92400 10000.11 {'PEARLS': 2}
92500 10000.1 {'PEARLS': 2}
92600 9999.99 {'PEARLS': 2}
92700 9999.99 {'PEARLS': 2}
92800 9999.99 {'PEARLS': 2}
92900 9999.99 {'PEARLS': 2}
93000 9999.85 {'PEARLS': 2}
93100 9999.77 {'PEARLS': 2}
93200 9999.79 {'PEARLS': 2}
best_bid_volume:  3
SELL 3 at 10002
93300 10000.1 {'PEARLS': -1}
93400 9999.99 {'PEARLS': -1}
93500 9999.99 {'PEARLS': -1}
93600 9999.85 {'PEARLS': -1}
93700 9999.67 {'PEARLS': -1}
93800 9999.71 {'PEARLS': -1}
93900 9999.73 {'PEARLS': -1}
best_bid_volume:  1
SELL 1 at 10002
94000 10000.05 {'PEARLS': -2}
94100 10000.04 {'PEARLS': -2}
94200 10000.04 {'PEARLS': -2}
94300 10000.13 {'PEARLS': -2}
94400 9999.97 {'PEARLS': -2}
94500 10000.07 {'PEARLS': -2}
94600 10000.06 {'PEARLS': -2}
94700 10000.06 {'PEARLS': -2}
94800 10000.05 {'PEARLS': -2}
94900 10000.05 {'PEARLS': -2}
best_bid_volume:  1
SELL 1 at 10002
95000 10000.33 {'PEARLS': -3}
95100 10000.3 {'PEARLS': -3}
best_ask_volume:  -1
BUY 1 at 9998
95200 9999.98 {'PEARLS': -2}
95300 10000.08 {'PEARLS': -2}
95400 10000.07 {'PEARLS': -2}
95500 10000.07 {'PEARLS': -2}
95600 10000.15 {'PEARLS': -2}
95700 10000.14 {'PEARLS': -2}
best_ask_volume:  -1
BUY 1 at 9998
95800 9999.84 {'PEARLS': -1}
best_ask_volume:  -1
BUY 1 at 9998
95900 9999.57 {'PEARLS': 0}
best_ask_volume:  -1
BUY 1 at 9998
96000 9999.28 {'PEARLS': 1}
96100 9999.35 {'PEARLS': 1}
96200 9999.31 {'PEARLS': 1}
96300 9999.38 {'PEARLS': 1}
best_bid_volume:  1
SELL 1 at 10002
96400 9999.77 {'PEARLS': 0}
96500 9999.79 {'PEARLS': 0}
96600 9999.96 {'PEARLS': 0}
best_bid_volume:  1
SELL 1 at 10002
96700 10000.29 {'PEARLS': -1}
96800 10000.27 {'PEARLS': -1}
96900 10000.24 {'PEARLS': -1}
97000 10000.22 {'PEARLS': -1}
97100 10000.29 {'PEARLS': -1}
97200 10000.26 {'PEARLS': -1}
97300 10000.14 {'PEARLS': -1}
97400 10000.23 {'PEARLS': -1}
97500 10000.2 {'PEARLS': -1}
97600 10000.18 {'PEARLS': -1}
97700 10000.17 {'PEARLS': -1}
97800 10000.15 {'PEARLS': -1}
97900 10000.14 {'PEARLS': -1}
98000 10000.27 {'PEARLS': -1}
best_ask_volume:  -1
BUY 1 at 9998
98100 9999.96 {'PEARLS': 0}
98200 10000.05 {'PEARLS': 0}
best_ask_volume:  -5
BUY 5 at 9998
98300 9999.76 {'PEARLS': 5}
98400 9999.79 {'PEARLS': 5}
98500 9999.95 {'PEARLS': 5}
98600 9999.95 {'PEARLS': 5}
best_bid_volume:  4
SELL 4 at 10002
98700 10000.24 {'PEARLS': 1}
98800 10000.22 {'PEARLS': 1}
best_ask_volume:  -1
BUY 1 at 9998
98900 9999.91 {'PEARLS': 2}
99000 9999.92 {'PEARLS': 2}
99100 9999.93 {'PEARLS': 2}
99200 10000.03 {'PEARLS': 2}
best_ask_volume:  -3
BUY 3 at 9998
99300 9999.74 {'PEARLS': 5}
99400 9999.62 {'PEARLS': 5}
best_ask_volume:  -5
BUY 5 at 9998
99500 9999.33 {'PEARLS': 10}
99600 9999.39 {'PEARLS': 10}
99700 9999.59 {'PEARLS': 10}
best_bid_volume:  1
SELL 1 at 10002
99800 9999.92 {'PEARLS': 9}
99900 10000.02 {'PEARLS': 9}
100000 10000.02 {'PEARLS': 9}
100100 10000.16 {'PEARLS': 9}
100200 10000.14 {'PEARLS': 9}
100300 10000.13 {'PEARLS': 9}
100400 10000.12 {'PEARLS': 9}
best_ask_volume:  -9
BUY 9 at 9998
100500 9999.82 {'PEARLS': 18}
100600 9999.84 {'PEARLS': 18}
best_ask_volume:  -1
BUY 1 at 9998
100700 9999.57 {'PEARLS': 19}
100800 9999.61 {'PEARLS': 19}
100900 9999.55 {'PEARLS': 19}
101000 9999.45 {'PEARLS': 19}
101100 9999.6 {'PEARLS': 19}
101200 9999.64 {'PEARLS': 19}
101300 9999.67 {'PEARLS': 19}
101400 9999.7 {'PEARLS': 19}
best_ask_volume:  -2
BUY 1 at 9998
101500 9999.4 {'PEARLS': 20}
101600 9999.55 {'PEARLS': 20}
101700 9999.5 {'PEARLS': 20}
best_bid_volume:  1
SELL 1 at 10002
101800 9999.83 {'PEARLS': 19}
101900 9999.75 {'PEARLS': 19}
102000 9999.78 {'PEARLS': 19}
102100 9999.8 {'PEARLS': 19}
102200 9999.63 {'PEARLS': 19}
102300 9999.66 {'PEARLS': 19}
102400 9999.84 {'PEARLS': 19}
102500 9999.85 {'PEARLS': 19}
102600 9999.87 {'PEARLS': 19}
102700 10000.02 {'PEARLS': 19}
102800 10000.16 {'PEARLS': 19}
102900 10000.15 {'PEARLS': 19}
103000 10000.04 {'PEARLS': 19}
103100 10000.03 {'PEARLS': 19}
103200 9999.84 {'PEARLS': 19}
103300 9999.86 {'PEARLS': 19}
103400 9999.87 {'PEARLS': 19}
103500 9999.88 {'PEARLS': 19}
103600 9999.89 {'PEARLS': 19}
best_ask_volume:  -4
BUY 1 at 9998
103700 9999.62 {'PEARLS': 20}
103800 9999.32 {'PEARLS': 20}
103900 9999.39 {'PEARLS': 20}
104000 9999.54 {'PEARLS': 20}
104100 9999.3 {'PEARLS': 20}
104200 9999.36 {'PEARLS': 20}
104300 9999.42 {'PEARLS': 20}
104400 9999.48 {'PEARLS': 20}
104500 9999.34 {'PEARLS': 20}
104600 9999.4 {'PEARLS': 20}
104700 9999.46 {'PEARLS': 20}
104800 9999.51 {'PEARLS': 20}
104900 9999.7 {'PEARLS': 20}
105000 9999.82 {'PEARLS': 20}
105100 9999.84 {'PEARLS': 20}
best_bid_volume:  1
SELL 1 at 10002
105200 10000.19 {'PEARLS': 19}
105300 10000.17 {'PEARLS': 19}
105400 10000.15 {'PEARLS': 19}
105500 10000.14 {'PEARLS': 19}
105600 10000.13 {'PEARLS': 19}
105700 10000.11 {'PEARLS': 19}
105800 9999.96 {'PEARLS': 19}
105900 9999.96 {'PEARLS': 19}
best_bid_volume:  1
SELL 1 at 10002
106000 10000.3 {'PEARLS': 18}
106100 10000.37 {'PEARLS': 18}
106200 10000.24 {'PEARLS': 18}
106300 10000.21 {'PEARLS': 18}
106400 10000.19 {'PEARLS': 18}
106500 10000.18 {'PEARLS': 18}
106600 10000.3 {'PEARLS': 18}
106700 10000.13 {'PEARLS': 18}
106800 10000.12 {'PEARLS': 18}
106900 10000.2 {'PEARLS': 18}
107000 10000.33 {'PEARLS': 18}
107100 10000.39 {'PEARLS': 18}
best_bid_volume:  4
SELL 4 at 10002
107200 10000.64 {'PEARLS': 14}
107300 10000.58 {'PEARLS': 14}
107400 10000.43 {'PEARLS': 14}
best_bid_volume:  10
SELL 10 at 10002
107500 10000.72 {'PEARLS': 4}
107600 10000.65 {'PEARLS': 4}
107700 10000.45 {'PEARLS': 4}
107800 10000.4 {'PEARLS': 4}
107900 10000.37 {'PEARLS': 4}
108000 10000.19 {'PEARLS': 4}
108100 10000.27 {'PEARLS': 4}
108200 10000.24 {'PEARLS': 4}
108300 10000.22 {'PEARLS': 4}
best_bid_volume:  9
SELL 9 at 10002
108400 10000.53 {'PEARLS': -5}
108500 10000.62 {'PEARLS': -5}
108600 10000.56 {'PEARLS': -5}
best_ask_volume:  -1
BUY 1 at 9998
108700 10000.22 {'PEARLS': -4}
108800 10000.2 {'PEARLS': -4}
108900 10000.18 {'PEARLS': -4}
109000 10000.07 {'PEARLS': -4}
109100 10000.16 {'PEARLS': -4}
109200 10000.05 {'PEARLS': -4}
109300 10000.04 {'PEARLS': -4}
best_bid_volume:  1
SELL 1 at 10002
109400 10000.33 {'PEARLS': -5}
109500 10000.2 {'PEARLS': -5}
109600 10000.32 {'PEARLS': -5}
109700 10000.44 {'PEARLS': -5}
109800 10000.39 {'PEARLS': -5}
109900 10000.36 {'PEARLS': -5}
110000 10000.32 {'PEARLS': -5}
110100 10000.29 {'PEARLS': -5}
110200 10000.26 {'PEARLS': -5}
110300 10000.24 {'PEARLS': -5}
110400 10000.12 {'PEARLS': -5}
110500 10000.11 {'PEARLS': -5}
110600 10000.1 {'PEARLS': -5}
best_ask_volume:  -1
BUY 1 at 9998
110700 9999.8 {'PEARLS': -4}
best_bid_volume:  1
SELL 1 at 10002
110800 10000.11 {'PEARLS': -5}
110900 10000.1 {'PEARLS': -5}
111000 9999.95 {'PEARLS': -5}
111100 9999.95 {'PEARLS': -5}
111200 9999.96 {'PEARLS': -5}
111300 10000.05 {'PEARLS': -5}
111400 9999.95 {'PEARLS': -5}
best_ask_volume:  -1
BUY 1 at 9998
111500 9999.63 {'PEARLS': -4}
best_bid_volume:  5
SELL 5 at 10002
111600 9999.95 {'PEARLS': -9}
111700 9999.86 {'PEARLS': -9}
111800 9999.87 {'PEARLS': -9}
111900 9999.88 {'PEARLS': -9}
112000 9999.89 {'PEARLS': -9}
112100 9999.9 {'PEARLS': -9}
112200 9999.91 {'PEARLS': -9}
112300 9999.92 {'PEARLS': -9}
112400 9999.93 {'PEARLS': -9}
112500 9999.94 {'PEARLS': -9}
112600 10000.04 {'PEARLS': -9}
112700 10000.03 {'PEARLS': -9}
112800 10000.03 {'PEARLS': -9}
112900 9999.88 {'PEARLS': -9}
113000 9999.9 {'PEARLS': -9}
113100 9999.91 {'PEARLS': -9}
113200 9999.77 {'PEARLS': -9}
113300 9999.79 {'PEARLS': -9}
113400 9999.72 {'PEARLS': -9}
best_bid_volume:  1
SELL 1 at 10002
113500 10000.08 {'PEARLS': -10}
113600 10000.17 {'PEARLS': -10}
113700 10000.01 {'PEARLS': -10}
113800 9999.91 {'PEARLS': -10}
113900 9999.92 {'PEARLS': -10}
114000 9999.93 {'PEARLS': -10}
114100 9999.93 {'PEARLS': -10}
114200 9999.94 {'PEARLS': -10}
114300 9999.95 {'PEARLS': -10}
114400 9999.95 {'PEARLS': -10}
114500 9999.96 {'PEARLS': -10}
114600 9999.96 {'PEARLS': -10}
114700 9999.96 {'PEARLS': -10}
114800 9999.97 {'PEARLS': -10}
114900 9999.97 {'PEARLS': -10}
115000 9999.88 {'PEARLS': -10}
115100 9999.79 {'PEARLS': -10}
115200 9999.81 {'PEARLS': -10}
115300 9999.93 {'PEARLS': -10}
best_bid_volume:  11
SELL 10 at 10002
115400 10000.22 {'PEARLS': -20}
115500 10000.29 {'PEARLS': -20}
best_ask_volume:  -4
BUY 4 at 9998
115600 9999.98 {'PEARLS': -16}
115700 9999.98 {'PEARLS': -16}
115800 10000.08 {'PEARLS': -16}
115900 10000.07 {'PEARLS': -16}
116000 10000.21 {'PEARLS': -16}
116100 10000.09 {'PEARLS': -16}
116200 10000.08 {'PEARLS': -16}
116300 10000.22 {'PEARLS': -16}
best_ask_volume:  -1
BUY 1 at 9998
116400 9999.91 {'PEARLS': -15}
best_ask_volume:  -1
BUY 1 at 9998
116500 9999.63 {'PEARLS': -14}
116600 9999.67 {'PEARLS': -14}
116700 9999.7 {'PEARLS': -14}
116800 9999.73 {'PEARLS': -14}
116900 9999.76 {'PEARLS': -14}
117000 9999.78 {'PEARLS': -14}
117100 9999.8 {'PEARLS': -14}
117200 9999.72 {'PEARLS': -14}
117300 9999.75 {'PEARLS': -14}
117400 9999.77 {'PEARLS': -14}
117500 9999.7 {'PEARLS': -14}
117600 9999.63 {'PEARLS': -14}
117700 9999.76 {'PEARLS': -14}
117800 9999.79 {'PEARLS': -14}
117900 9999.71 {'PEARLS': -14}
best_ask_volume:  -1
BUY 1 at 9998
118000 9999.45 {'PEARLS': -13}
118100 9999.51 {'PEARLS': -13}
best_bid_volume:  1
SELL 1 at 10002
118200 9999.89 {'PEARLS': -14}
118300 9999.8 {'PEARLS': -14}
best_bid_volume:  2
SELL 2 at 10002
118400 10000.15 {'PEARLS': -16}
118500 10000.14 {'PEARLS': -16}
118600 10000.27 {'PEARLS': -16}
118700 10000.34 {'PEARLS': -16}
118800 10000.31 {'PEARLS': -16}
118900 10000.28 {'PEARLS': -16}
best_bid_volume:  3
SELL 3 at 10002
119000 10000.54 {'PEARLS': -19}
best_ask_volume:  -1
BUY 1 at 9998
119100 10000.2 {'PEARLS': -18}
best_bid_volume:  1
SELL 1 at 10002
119200 10000.51 {'PEARLS': -19}
119300 10000.46 {'PEARLS': -19}
119400 10000.42 {'PEARLS': -19}
119500 10000.38 {'PEARLS': -19}
119600 10000.34 {'PEARLS': -19}
119700 10000.31 {'PEARLS': -19}
119800 10000.28 {'PEARLS': -19}
119900 10000.25 {'PEARLS': -19}
120000 10000.14 {'PEARLS': -19}
120100 10000.12 {'PEARLS': -19}
120200 10000.11 {'PEARLS': -19}
best_bid_volume:  4
SELL 1 at 10002
120300 10000.43 {'PEARLS': -20}
120400 10000.25 {'PEARLS': -20}
120500 10000.37 {'PEARLS': -20}
120600 10000.33 {'PEARLS': -20}
120700 10000.4 {'PEARLS': -20}
best_ask_volume:  -1
BUY 1 at 9998
120800 10000.07 {'PEARLS': -19}
120900 10000.07 {'PEARLS': -19}
best_bid_volume:  1
SELL 1 at 10002
121000 10000.35 {'PEARLS': -20}
121100 10000.31 {'PEARLS': -20}
121200 10000.28 {'PEARLS': -20}
121300 10000.26 {'PEARLS': -20}
121400 10000.23 {'PEARLS': -20}
121500 10000.21 {'PEARLS': -20}
121600 10000.52 {'PEARLS': -20}
121700 10000.38 {'PEARLS': -20}
121800 10000.34 {'PEARLS': -20}
121900 10000.17 {'PEARLS': -20}
122000 10000.44 {'PEARLS': -20}
122100 10000.3 {'PEARLS': -20}
122200 10000.37 {'PEARLS': -20}
122300 10000.33 {'PEARLS': -20}
122400 10000.3 {'PEARLS': -20}
122500 10000.27 {'PEARLS': -20}
122600 10000.15 {'PEARLS': -20}
122700 10000.23 {'PEARLS': -20}
122800 10000.54 {'PEARLS': -20}
122900 10000.49 {'PEARLS': -20}
123000 10000.3 {'PEARLS': -20}
123100 10000.27 {'PEARLS': -20}
123200 10000.58 {'PEARLS': -20}
best_ask_volume:  -1
BUY 1 at 9998
123300 10000.24 {'PEARLS': -19}
123400 10000.22 {'PEARLS': -19}
123500 10000.2 {'PEARLS': -19}
123600 10000.27 {'PEARLS': -19}
123700 10000.25 {'PEARLS': -19}
123800 10000.22 {'PEARLS': -19}
123900 10000.2 {'PEARLS': -19}
124000 10000.18 {'PEARLS': -19}
best_bid_volume:  1
SELL 1 at 10002
124100 10000.5 {'PEARLS': -20}
best_ask_volume:  -3
BUY 3 at 9998
124200 10000.12 {'PEARLS': -17}
best_ask_volume:  -5
BUY 5 at 9998
124300 9999.82 {'PEARLS': -12}
124400 9999.98 {'PEARLS': -12}
124500 9999.98 {'PEARLS': -12}
124600 9999.98 {'PEARLS': -12}
124700 9999.99 {'PEARLS': -12}
124800 9999.99 {'PEARLS': -12}
124900 9999.99 {'PEARLS': -12}
125000 9999.99 {'PEARLS': -12}
125100 9999.99 {'PEARLS': -12}
best_ask_volume:  -5
BUY 5 at 9998
125200 9999.71 {'PEARLS': -7}
125300 9999.83 {'PEARLS': -7}
125400 9999.99 {'PEARLS': -7}
125500 9999.99 {'PEARLS': -7}
best_ask_volume:  -1
BUY 1 at 9998
125600 9999.66 {'PEARLS': -6}
125700 9999.59 {'PEARLS': -6}
125800 9999.73 {'PEARLS': -6}
125900 9999.66 {'PEARLS': -6}
best_bid_volume:  2
SELL 2 at 10000
126000 9999.88 {'PEARLS': -8}
126100 9999.89 {'PEARLS': -8}
126200 9999.9 {'PEARLS': -8}
126300 10000.01 {'PEARLS': -8}
126400 10000.01 {'PEARLS': -8}
best_ask_volume:  -5
BUY 5 at 9998
126500 9999.72 {'PEARLS': -3}
126600 9999.84 {'PEARLS': -3}
126700 9999.95 {'PEARLS': -3}
best_ask_volume:  -2
BUY 2 at 9998
126800 9999.67 {'PEARLS': -1}
best_bid_volume:  1
SELL 1 at 10002
126900 9999.99 {'PEARLS': -2}
127000 9999.85 {'PEARLS': -2}
best_bid_volume:  2
SELL 2 at 10002
127100 10000.15 {'PEARLS': -4}
best_ask_volume:  -1
BUY 1 at 9998
127200 9999.85 {'PEARLS': -3}
127300 10000.0 {'PEARLS': -3}
127400 10000.0 {'PEARLS': -3}
best_bid_volume:  1
SELL 1 at 10002
127500 10000.29 {'PEARLS': -4}
127600 10000.17 {'PEARLS': -4}
127700 10000.25 {'PEARLS': -4}
127800 10000.32 {'PEARLS': -4}
best_ask_volume:  -5
BUY 5 at 10000
127900 10000.1 {'PEARLS': 1}
128000 10000.09 {'PEARLS': 1}
best_bid_volume:  2
SELL 2 at 10002
128100 10000.41 {'PEARLS': -1}
best_ask_volume:  -2
BUY 2 at 10000
128200 10000.28 {'PEARLS': 1}
128300 10000.25 {'PEARLS': 1}
128400 10000.23 {'PEARLS': 1}
best_bid_volume:  1
SELL 1 at 10002
128500 10000.49 {'PEARLS': 0}
128600 10000.44 {'PEARLS': 0}
128700 10000.5 {'PEARLS': 0}
128800 10000.45 {'PEARLS': 0}
128900 10000.55 {'PEARLS': 0}
129000 10000.5 {'PEARLS': 0}
129100 10000.45 {'PEARLS': 0}
129200 10000.41 {'PEARLS': 0}
129300 10000.23 {'PEARLS': 0}
129400 10000.35 {'PEARLS': 0}
best_ask_volume:  -1
BUY 1 at 9998
129500 9999.98 {'PEARLS': 1}
best_ask_volume:  -1
BUY 1 at 9998
129600 9999.7 {'PEARLS': 2}
129700 9999.82 {'PEARLS': 2}
129800 9999.65 {'PEARLS': 2}
129900 9999.68 {'PEARLS': 2}
130000 9999.71 {'PEARLS': 2}
130100 9999.74 {'PEARLS': 2}
130200 9999.67 {'PEARLS': 2}
130300 9999.7 {'PEARLS': 2}
130400 9999.73 {'PEARLS': 2}
best_bid_volume:  5
SELL 5 at 10002
130500 10000.04 {'PEARLS': -3}
130600 9999.94 {'PEARLS': -3}
best_bid_volume:  1
SELL 1 at 10002
130700 10000.23 {'PEARLS': -4}
130800 10000.21 {'PEARLS': -4}
130900 10000.29 {'PEARLS': -4}
131000 10000.26 {'PEARLS': -4}
131100 10000.23 {'PEARLS': -4}
131200 10000.21 {'PEARLS': -4}
131300 10000.19 {'PEARLS': -4}
131400 10000.17 {'PEARLS': -4}
131500 10000.16 {'PEARLS': -4}
131600 10000.14 {'PEARLS': -4}
131700 10000.32 {'PEARLS': -4}
131800 10000.29 {'PEARLS': -4}
131900 10000.4 {'PEARLS': -4}
132000 10000.37 {'PEARLS': -4}
132100 10000.33 {'PEARLS': -4}
best_bid_volume:  1
SELL 1 at 10002
132200 10000.58 {'PEARLS': -5}
132300 10000.53 {'PEARLS': -5}
best_ask_volume:  -3
BUY 3 at 9998
132400 10000.15 {'PEARLS': -2}
132500 10000.13 {'PEARLS': -2}
132600 10000.26 {'PEARLS': -2}
132700 10000.38 {'PEARLS': -2}
132800 10000.34 {'PEARLS': -2}
132900 10000.31 {'PEARLS': -2}
133000 10000.28 {'PEARLS': -2}
best_ask_volume:  -1
BUY 1 at 9998
133100 9999.97 {'PEARLS': -1}
133200 9999.97 {'PEARLS': -1}
133300 10000.07 {'PEARLS': -1}
133400 10000.06 {'PEARLS': -1}
133500 10000.25 {'PEARLS': -1}
133600 10000.37 {'PEARLS': -1}
133700 10000.24 {'PEARLS': -1}
133800 10000.21 {'PEARLS': -1}
133900 10000.19 {'PEARLS': -1}
134000 10000.18 {'PEARLS': -1}
134100 10000.16 {'PEARLS': -1}
134200 10000.14 {'PEARLS': -1}
134300 10000.27 {'PEARLS': -1}
134400 10000.15 {'PEARLS': -1}
134500 10000.14 {'PEARLS': -1}
134600 9999.98 {'PEARLS': -1}
134700 9999.98 {'PEARLS': -1}
134800 10000.08 {'PEARLS': -1}
134900 9999.98 {'PEARLS': -1}
135000 9999.88 {'PEARLS': -1}
best_bid_volume:  3
SELL 3 at 10002
135100 10000.18 {'PEARLS': -4}
best_bid_volume:  1
SELL 1 at 10002
135200 10000.45 {'PEARLS': -5}
135300 10000.31 {'PEARLS': -5}
135400 10000.28 {'PEARLS': -5}
135500 10000.16 {'PEARLS': -5}
135600 10000.14 {'PEARLS': -5}
135700 10000.13 {'PEARLS': -5}
135800 10000.12 {'PEARLS': -5}
135900 10000.01 {'PEARLS': -5}
best_bid_volume:  4
SELL 4 at 10002
136000 10000.3 {'PEARLS': -9}
136100 10000.17 {'PEARLS': -9}
136200 10000.16 {'PEARLS': -9}
136300 10000.14 {'PEARLS': -9}
136400 10000.13 {'PEARLS': -9}
136500 10000.12 {'PEARLS': -9}
136600 10000.01 {'PEARLS': -9}
136700 10000.01 {'PEARLS': -9}
136800 10000.01 {'PEARLS': -9}
136900 10000.01 {'PEARLS': -9}
137000 10000.15 {'PEARLS': -9}
best_bid_volume:  1
SELL 1 at 10002
137100 10000.47 {'PEARLS': -10}
best_bid_volume:  1
SELL 1 at 10002
137200 10000.71 {'PEARLS': -11}
137300 10000.64 {'PEARLS': -11}
137400 10000.58 {'PEARLS': -11}
137500 10000.53 {'PEARLS': -11}
best_ask_volume:  -2
BUY 2 at 9998
137600 10000.19 {'PEARLS': -9}
137700 10000.08 {'PEARLS': -9}
137800 10000.07 {'PEARLS': -9}
137900 10000.06 {'PEARLS': -9}
138000 10000.06 {'PEARLS': -9}
best_ask_volume:  -8
BUY 8 at 9998
138100 9999.72 {'PEARLS': -1}
138200 9999.74 {'PEARLS': -1}
best_ask_volume:  -1
BUY 1 at 9998
138300 9999.48 {'PEARLS': 0}
138400 9999.53 {'PEARLS': 0}
best_bid_volume:  9
SELL 9 at 10002
138500 9999.86 {'PEARLS': -9}
138600 9999.88 {'PEARLS': -9}
138700 9999.89 {'PEARLS': -9}
138800 9999.8 {'PEARLS': -9}
138900 9999.82 {'PEARLS': -9}
139000 9999.84 {'PEARLS': -9}
139100 9999.85 {'PEARLS': -9}
139200 10000.06 {'PEARLS': -9}
139300 10000.05 {'PEARLS': -9}
139400 10000.05 {'PEARLS': -9}
best_ask_volume:  -1
BUY 1 at 9998
139500 9999.76 {'PEARLS': -8}
139600 9999.78 {'PEARLS': -8}
139700 9999.8 {'PEARLS': -8}
139800 9999.82 {'PEARLS': -8}
139900 9999.84 {'PEARLS': -8}
140000 9999.85 {'PEARLS': -8}
140100 9999.87 {'PEARLS': -8}
140200 9999.97 {'PEARLS': -8}
140300 9999.98 {'PEARLS': -8}
140400 10000.12 {'PEARLS': -8}
140500 10000.21 {'PEARLS': -8}
best_ask_volume:  -1
BUY 1 at 9998
140600 9999.9 {'PEARLS': -7}
140700 9999.91 {'PEARLS': -7}
140800 9999.92 {'PEARLS': -7}
best_ask_volume:  -1
BUY 1 at 9998
140900 9999.64 {'PEARLS': -6}
141000 9999.67 {'PEARLS': -6}
best_ask_volume:  -1
BUY 1 at 9998
141100 9999.42 {'PEARLS': -5}
141200 9999.48 {'PEARLS': -5}
141300 9999.53 {'PEARLS': -5}
best_bid_volume:  3
SELL 3 at 10000
141400 9999.67 {'PEARLS': -8}
best_ask_volume:  -1
BUY 1 at 9998
141500 9999.36 {'PEARLS': -7}
141600 9999.42 {'PEARLS': -7}
141700 9999.38 {'PEARLS': -7}
best_bid_volume:  1
SELL 1 at 10002
141800 9999.78 {'PEARLS': -8}
141900 9999.8 {'PEARLS': -8}
142000 9999.91 {'PEARLS': -8}
142100 9999.92 {'PEARLS': -8}
142200 9999.79 {'PEARLS': -8}
142300 9999.81 {'PEARLS': -8}
142400 9999.82 {'PEARLS': -8}
142500 9999.84 {'PEARLS': -8}
best_ask_volume:  -1
BUY 1 at 9998
142600 9999.52 {'PEARLS': -7}
142700 9999.57 {'PEARLS': -7}
142800 9999.61 {'PEARLS': -7}
142900 9999.79 {'PEARLS': -7}
143000 9999.81 {'PEARLS': -7}
143100 9999.83 {'PEARLS': -7}
143200 9999.84 {'PEARLS': -7}
143300 9999.86 {'PEARLS': -7}
143400 10000.02 {'PEARLS': -7}
143500 10000.01 {'PEARLS': -7}
143600 10000.11 {'PEARLS': -7}
143700 10000.1 {'PEARLS': -7}
143800 10000.09 {'PEARLS': -7}
143900 10000.17 {'PEARLS': -7}
144000 10000.35 {'PEARLS': -7}
144100 10000.22 {'PEARLS': -7}
144200 10000.2 {'PEARLS': -7}
144300 10000.28 {'PEARLS': -7}
144400 10000.11 {'PEARLS': -7}
144500 10000.1 {'PEARLS': -7}
144600 10000.09 {'PEARLS': -7}
144700 10000.17 {'PEARLS': -7}
144800 10000.16 {'PEARLS': -7}
best_bid_volume:  1
SELL 1 at 10002
144900 10000.48 {'PEARLS': -8}
145000 10000.43 {'PEARLS': -8}
145100 10000.39 {'PEARLS': -8}
145200 10000.5 {'PEARLS': -8}
145300 10000.45 {'PEARLS': -8}
145400 10000.41 {'PEARLS': -8}
145500 10000.37 {'PEARLS': -8}
145600 10000.24 {'PEARLS': -8}
145700 10000.07 {'PEARLS': -8}
145800 9999.97 {'PEARLS': -8}
145900 10000.12 {'PEARLS': -8}
best_bid_volume:  2
SELL 2 at 10002
146000 10000.44 {'PEARLS': -10}
146100 10000.4 {'PEARLS': -10}
146200 10000.22 {'PEARLS': -10}
146300 10000.1 {'PEARLS': -10}
146400 10000.09 {'PEARLS': -10}
146500 10000.18 {'PEARLS': -10}
best_ask_volume:  -2
BUY 2 at 9998
146600 9999.87 {'PEARLS': -8}
146700 9999.89 {'PEARLS': -8}
146800 9999.9 {'PEARLS': -8}
146900 10000.05 {'PEARLS': -8}
147000 10000.04 {'PEARLS': -8}
best_bid_volume:  1
SELL 1 at 10002
147100 10000.33 {'PEARLS': -9}
147200 10000.44 {'PEARLS': -9}
147300 10000.4 {'PEARLS': -9}
147400 10000.36 {'PEARLS': -9}
147500 10000.32 {'PEARLS': -9}
147600 10000.29 {'PEARLS': -9}
147700 10000.27 {'PEARLS': -9}
best_bid_volume:  1
SELL 1 at 10002
147800 10000.57 {'PEARLS': -10}
147900 10000.52 {'PEARLS': -10}
148000 10000.47 {'PEARLS': -10}
best_bid_volume:  4
SELL 4 at 10002
148100 10000.76 {'PEARLS': -14}
best_ask_volume:  -1
BUY 1 at 9998
148200 10000.35 {'PEARLS': -13}
best_ask_volume:  -4
BUY 4 at 9998
148300 10000.03 {'PEARLS': -9}
best_bid_volume:  5
SELL 5 at 10002
148400 10000.32 {'PEARLS': -14}
148500 10000.29 {'PEARLS': -14}
148600 10000.35 {'PEARLS': -14}
148700 10000.32 {'PEARLS': -14}
148800 10000.29 {'PEARLS': -14}
148900 10000.17 {'PEARLS': -14}
149000 10000.15 {'PEARLS': -14}
149100 10000.04 {'PEARLS': -14}
149200 10000.13 {'PEARLS': -14}
149300 10000.22 {'PEARLS': -14}
149400 10000.29 {'PEARLS': -14}
149500 10000.26 {'PEARLS': -14}
149600 10000.09 {'PEARLS': -14}
149700 10000.23 {'PEARLS': -14}
149800 10000.35 {'PEARLS': -14}
149900 10000.22 {'PEARLS': -14}
150000 10000.2 {'PEARLS': -14}
150100 10000.32 {'PEARLS': -14}
150200 10000.2 {'PEARLS': -14}
150300 10000.27 {'PEARLS': -14}
best_bid_volume:  1
SELL 1 at 10002
150400 10000.53 {'PEARLS': -15}
150500 10000.58 {'PEARLS': -15}
best_bid_volume:  1
SELL 1 at 10002
150600 10000.86 {'PEARLS': -16}
best_bid_volume:  1
SELL 1 at 10002
150700 10001.11 {'PEARLS': -17}
150800 10001.0 {'PEARLS': -17}
150900 10001.05 {'PEARLS': -17}
151000 10000.81 {'PEARLS': -17}
151100 10000.83 {'PEARLS': -17}
151200 10000.6 {'PEARLS': -17}
151300 10000.64 {'PEARLS': -17}
151400 10000.58 {'PEARLS': -17}
best_ask_volume:  -1
BUY 1 at 9998
151500 10000.24 {'PEARLS': -16}
151600 10000.22 {'PEARLS': -16}
151700 10000.2 {'PEARLS': -16}
151800 10000.18 {'PEARLS': -16}
151900 10000.16 {'PEARLS': -16}
152000 10000.15 {'PEARLS': -16}
152100 10000.37 {'PEARLS': -16}
best_bid_volume:  1
SELL 1 at 10002
152200 10000.62 {'PEARLS': -17}
152300 10000.66 {'PEARLS': -17}
152400 10000.59 {'PEARLS': -17}
best_ask_volume:  -1
BUY 1 at 9998
152500 10000.25 {'PEARLS': -16}
152600 10000.23 {'PEARLS': -16}
152700 10000.3 {'PEARLS': -16}
152800 10000.27 {'PEARLS': -16}
152900 10000.15 {'PEARLS': -16}
153000 10000.14 {'PEARLS': -16}
best_ask_volume:  -1
BUY 1 at 9998
153100 9999.84 {'PEARLS': -15}
153200 9999.85 {'PEARLS': -15}
best_bid_volume:  2
SELL 2 at 10002
153300 10000.2 {'PEARLS': -17}
best_ask_volume:  -1
BUY 1 at 9998
153400 9999.9 {'PEARLS': -16}
153500 9999.91 {'PEARLS': -16}
153600 10000.06 {'PEARLS': -16}
153700 10000.05 {'PEARLS': -16}
153800 10000.05 {'PEARLS': -16}
153900 10000.04 {'PEARLS': -16}
154000 10000.04 {'PEARLS': -16}
154100 10000.03 {'PEARLS': -16}
154200 10000.03 {'PEARLS': -16}
154300 10000.03 {'PEARLS': -16}
154400 9999.88 {'PEARLS': -16}
154500 9999.89 {'PEARLS': -16}
154600 9999.9 {'PEARLS': -16}
154700 10000.06 {'PEARLS': -16}
154800 10000.05 {'PEARLS': -16}
154900 10000.05 {'PEARLS': -16}
155000 9999.95 {'PEARLS': -16}
155100 9999.95 {'PEARLS': -16}
best_bid_volume:  5
SELL 4 at 10002
155200 10000.24 {'PEARLS': -20}
155300 10000.31 {'PEARLS': -20}
best_ask_volume:  -3
BUY 3 at 9998
155400 10000.0 {'PEARLS': -17}
155500 10000.0 {'PEARLS': -17}
155600 10000.0 {'PEARLS': -17}
155700 10000.0 {'PEARLS': -17}
155800 10000.09 {'PEARLS': -17}
155900 10000.09 {'PEARLS': -17}
156000 9999.98 {'PEARLS': -17}
best_bid_volume:  3
SELL 3 at 10002
156100 10000.27 {'PEARLS': -20}
156200 10000.58 {'PEARLS': -20}
156300 10000.52 {'PEARLS': -20}
156400 10000.47 {'PEARLS': -20}
156500 10000.52 {'PEARLS': -20}
156600 10000.38 {'PEARLS': -20}
156700 10000.44 {'PEARLS': -20}
156800 10000.49 {'PEARLS': -20}
156900 10000.59 {'PEARLS': -20}
best_ask_volume:  -1
BUY 1 at 9998
157000 10000.2 {'PEARLS': -19}
157100 10000.42 {'PEARLS': -19}
157200 10000.28 {'PEARLS': -19}
157300 10000.25 {'PEARLS': -19}
157400 10000.33 {'PEARLS': -19}
157500 10000.29 {'PEARLS': -19}
157600 10000.27 {'PEARLS': -19}
157700 10000.24 {'PEARLS': -19}
157800 10000.22 {'PEARLS': -19}
157900 10000.1 {'PEARLS': -19}
158000 10000.19 {'PEARLS': -19}
best_ask_volume:  -1
BUY 1 at 9998
158100 9999.84 {'PEARLS': -18}
158200 9999.76 {'PEARLS': -18}
158300 9999.68 {'PEARLS': -18}
158400 9999.81 {'PEARLS': -18}
158500 9999.83 {'PEARLS': -18}
best_bid_volume:  1
SELL 1 at 10002
158600 10000.18 {'PEARLS': -19}
158700 10000.16 {'PEARLS': -19}
best_ask_volume:  -1
BUY 1 at 9998
158800 9999.81 {'PEARLS': -18}
158900 9999.83 {'PEARLS': -18}
159000 9999.85 {'PEARLS': -18}
best_ask_volume:  -4
BUY 4 at 9998
159100 9999.58 {'PEARLS': -14}
159200 9999.52 {'PEARLS': -14}
159300 9999.42 {'PEARLS': -14}
159400 9999.48 {'PEARLS': -14}
best_ask_volume:  -1
BUY 1 at 9998
159500 9999.24 {'PEARLS': -13}
159600 9999.31 {'PEARLS': -13}
159700 9999.38 {'PEARLS': -13}
159800 9999.44 {'PEARLS': -13}
best_bid_volume:  6
SELL 6 at 10002
159900 9999.78 {'PEARLS': -19}
160000 9999.8 {'PEARLS': -19}
160100 10000.06 {'PEARLS': -19}
160200 10000.24 {'PEARLS': -19}
160300 10000.22 {'PEARLS': -19}
160400 10000.2 {'PEARLS': -19}
160500 10000.18 {'PEARLS': -19}
160600 10000.07 {'PEARLS': -19}
160700 10000.06 {'PEARLS': -19}
160800 10000.05 {'PEARLS': -19}
160900 10000.05 {'PEARLS': -19}
161000 9999.95 {'PEARLS': -19}
161100 9999.95 {'PEARLS': -19}
161200 9999.86 {'PEARLS': -19}
161300 9999.88 {'PEARLS': -19}
161400 9999.79 {'PEARLS': -19}
161500 9999.81 {'PEARLS': -19}
161600 9999.69 {'PEARLS': -19}
best_bid_volume:  1
SELL 1 at 10002
161700 10000.05 {'PEARLS': -20}
161800 10000.05 {'PEARLS': -20}
161900 10000.18 {'PEARLS': -20}
162000 10000.17 {'PEARLS': -20}
162100 10000.15 {'PEARLS': -20}
162200 10000.14 {'PEARLS': -20}
162300 10000.27 {'PEARLS': -20}
162400 10000.15 {'PEARLS': -20}
162500 10000.23 {'PEARLS': -20}
162600 10000.21 {'PEARLS': -20}
162700 10000.19 {'PEARLS': -20}
162800 10000.17 {'PEARLS': -20}
162900 10000.15 {'PEARLS': -20}
163000 10000.14 {'PEARLS': -20}
best_ask_volume:  -6
BUY 6 at 10000
163100 10000.03 {'PEARLS': -14}
163200 9999.93 {'PEARLS': -14}
163300 9999.94 {'PEARLS': -14}
163400 9999.94 {'PEARLS': -14}
163500 9999.95 {'PEARLS': -14}
163600 9999.95 {'PEARLS': -14}
best_bid_volume:  2
SELL 2 at 10002
163700 10000.29 {'PEARLS': -16}
163800 10000.12 {'PEARLS': -16}
163900 10000.01 {'PEARLS': -16}
164000 10000.2 {'PEARLS': -16}
164100 10000.18 {'PEARLS': -16}
best_bid_volume:  1
SELL 1 at 10002
164200 10000.5 {'PEARLS': -17}
164300 10000.45 {'PEARLS': -17}
164400 10000.41 {'PEARLS': -17}
164500 10000.37 {'PEARLS': -17}
164600 10000.43 {'PEARLS': -17}
best_ask_volume:  -1
BUY 1 at 9998
164700 10000.1 {'PEARLS': -16}
164800 10000.09 {'PEARLS': -16}
164900 10000.08 {'PEARLS': -16}
165000 10000.08 {'PEARLS': -16}
best_ask_volume:  -1
BUY 1 at 9998
165100 9999.78 {'PEARLS': -15}
165200 9999.8 {'PEARLS': -15}
best_bid_volume:  1
SELL 1 at 10002
165300 10000.11 {'PEARLS': -16}
165400 10000.0 {'PEARLS': -16}
165500 10000.0 {'PEARLS': -16}
165600 10000.0 {'PEARLS': -16}
165700 9999.76 {'PEARLS': -16}
165800 9999.79 {'PEARLS': -16}
165900 9999.9 {'PEARLS': -16}
166000 9999.91 {'PEARLS': -16}
166100 9999.92 {'PEARLS': -16}
166200 9999.93 {'PEARLS': -16}
best_bid_volume:  1
SELL 1 at 10002
166300 10000.27 {'PEARLS': -17}
166400 10000.24 {'PEARLS': -17}
166500 10000.31 {'PEARLS': -17}
166600 10000.28 {'PEARLS': -17}
166700 10000.16 {'PEARLS': -17}
166800 10000.15 {'PEARLS': -17}
166900 10000.04 {'PEARLS': -17}
167000 10000.03 {'PEARLS': -17}
167100 9999.94 {'PEARLS': -17}
167200 9999.94 {'PEARLS': -17}
167300 9999.8 {'PEARLS': -17}
167400 9999.68 {'PEARLS': -17}
167500 9999.62 {'PEARLS': -17}
167600 9999.56 {'PEARLS': -17}
167700 9999.6 {'PEARLS': -17}
167800 9999.73 {'PEARLS': -17}
167900 9999.76 {'PEARLS': -17}
168000 9999.78 {'PEARLS': -17}
168100 9999.8 {'PEARLS': -17}
168200 9999.82 {'PEARLS': -17}
168300 9999.84 {'PEARLS': -17}
168400 9999.85 {'PEARLS': -17}
168500 9999.96 {'PEARLS': -17}
168600 9999.97 {'PEARLS': -17}
168700 10000.06 {'PEARLS': -17}
168800 9999.92 {'PEARLS': -17}
168900 10000.07 {'PEARLS': -17}
169000 10000.06 {'PEARLS': -17}
best_ask_volume:  -1
BUY 1 at 9998
169100 9999.77 {'PEARLS': -16}
169200 9999.79 {'PEARLS': -16}
169300 9999.81 {'PEARLS': -16}
169400 9999.73 {'PEARLS': -16}
best_bid_volume:  2
SELL 2 at 10002
169500 10000.04 {'PEARLS': -18}
169600 10000.04 {'PEARLS': -18}
169700 10000.04 {'PEARLS': -18}
169800 10000.13 {'PEARLS': -18}
169900 10000.12 {'PEARLS': -18}
170000 10000.1 {'PEARLS': -18}
best_ask_volume:  -5
BUY 5 at 9998
170100 9999.76 {'PEARLS': -13}
170200 9999.78 {'PEARLS': -13}
best_ask_volume:  -1
BUY 1 at 9998
170300 9999.52 {'PEARLS': -12}
170400 9999.37 {'PEARLS': -12}
170500 9999.58 {'PEARLS': -12}
170600 9999.62 {'PEARLS': -12}
170700 9999.56 {'PEARLS': -12}
170800 9999.6 {'PEARLS': -12}
170900 9999.73 {'PEARLS': -12}
171000 9999.76 {'PEARLS': -12}
171100 9999.78 {'PEARLS': -12}
171200 9999.8 {'PEARLS': -12}
171300 9999.82 {'PEARLS': -12}
171400 9999.98 {'PEARLS': -12}
171500 9999.98 {'PEARLS': -12}
171600 9999.98 {'PEARLS': -12}
best_ask_volume:  -1
BUY 1 at 9998
171700 9999.7 {'PEARLS': -11}
best_bid_volume:  2
SELL 2 at 10002
171800 10000.06 {'PEARLS': -13}
171900 10000.06 {'PEARLS': -13}
172000 10000.15 {'PEARLS': -13}
172100 10000.13 {'PEARLS': -13}
172200 10000.12 {'PEARLS': -13}
172300 10000.2 {'PEARLS': -13}
172400 10000.18 {'PEARLS': -13}
172500 10000.02 {'PEARLS': -13}
172600 10000.02 {'PEARLS': -13}
172700 10000.02 {'PEARLS': -13}
172800 9999.92 {'PEARLS': -13}
172900 9999.93 {'PEARLS': -13}
best_ask_volume:  -2
BUY 2 at 9998
173000 9999.6 {'PEARLS': -11}
173100 9999.78 {'PEARLS': -11}
173200 9999.66 {'PEARLS': -11}
173300 9999.6 {'PEARLS': -11}
173400 9999.64 {'PEARLS': -11}
173500 9999.67 {'PEARLS': -11}
173600 9999.61 {'PEARLS': -11}
173700 9999.74 {'PEARLS': -11}
173800 9999.76 {'PEARLS': -11}
173900 9999.79 {'PEARLS': -11}
174000 9999.81 {'PEARLS': -11}
174100 9999.83 {'PEARLS': -11}
174200 9999.84 {'PEARLS': -11}
174300 9999.76 {'PEARLS': -11}
174400 9999.78 {'PEARLS': -11}
best_bid_volume:  1
SELL 1 at 10002
174500 10000.09 {'PEARLS': -12}
best_bid_volume:  1
SELL 1 at 10002
174600 10000.37 {'PEARLS': -13}
174700 10000.19 {'PEARLS': -13}
174800 10000.08 {'PEARLS': -13}
174900 10000.07 {'PEARLS': -13}
175000 10000.06 {'PEARLS': -13}
175100 10000.06 {'PEARLS': -13}
175200 9999.91 {'PEARLS': -13}
best_ask_volume:  -4
BUY 4 at 9998
175300 9999.63 {'PEARLS': -9}
175400 9999.67 {'PEARLS': -9}
175500 9999.7 {'PEARLS': -9}
175600 9999.73 {'PEARLS': -9}
175700 9999.75 {'PEARLS': -9}
175800 9999.78 {'PEARLS': -9}
175900 9999.8 {'PEARLS': -9}
176000 9999.67 {'PEARLS': -9}
176100 9999.8 {'PEARLS': -9}
176200 9999.82 {'PEARLS': -9}
176300 9999.84 {'PEARLS': -9}
176400 10000.0 {'PEARLS': -9}
176500 10000.09 {'PEARLS': -9}
best_ask_volume:  -4
BUY 4 at 9998
176600 9999.8 {'PEARLS': -5}
best_ask_volume:  -1
BUY 1 at 9998
176700 9999.53 {'PEARLS': -4}
176800 9999.67 {'PEARLS': -4}
176900 9999.7 {'PEARLS': -4}
177000 9999.73 {'PEARLS': -4}
177100 9999.76 {'PEARLS': -4}
177200 9999.68 {'PEARLS': -4}
177300 9999.71 {'PEARLS': -4}
best_ask_volume:  -1
BUY 1 at 9998
177400 9999.41 {'PEARLS': -3}
177500 9999.46 {'PEARLS': -3}
177600 9999.42 {'PEARLS': -3}
177700 9999.48 {'PEARLS': -3}
177800 9999.53 {'PEARLS': -3}
177900 9999.57 {'PEARLS': -3}
178000 9999.61 {'PEARLS': -3}
178100 9999.65 {'PEARLS': -3}
178200 9999.68 {'PEARLS': -3}
178300 9999.57 {'PEARLS': -3}
178400 9999.61 {'PEARLS': -3}
178500 9999.65 {'PEARLS': -3}
178600 9999.68 {'PEARLS': -3}
178700 9999.81 {'PEARLS': -3}
178800 9999.92 {'PEARLS': -3}
178900 9999.93 {'PEARLS': -3}
179000 10000.08 {'PEARLS': -3}
179100 9999.97 {'PEARLS': -3}
179200 9999.98 {'PEARLS': -3}
179300 9999.98 {'PEARLS': -3}
179400 9999.98 {'PEARLS': -3}
179500 10000.17 {'PEARLS': -3}
best_bid_volume:  1
SELL 1 at 10002
179600 10000.44 {'PEARLS': -4}
179700 10000.4 {'PEARLS': -4}
179800 10000.36 {'PEARLS': -4}
179900 10000.33 {'PEARLS': -4}
best_bid_volume:  4
SELL 4 at 10002
180000 10000.58 {'PEARLS': -8}
best_ask_volume:  -1
BUY 1 at 9998
180100 10000.24 {'PEARLS': -7}
180200 10000.22 {'PEARLS': -7}
180300 10000.2 {'PEARLS': -7}
best_ask_volume:  -1
BUY 1 at 9998
180400 9999.85 {'PEARLS': -6}
180500 9999.86 {'PEARLS': -6}
180600 9999.87 {'PEARLS': -6}
best_bid_volume:  1
SELL 1 at 10002
180700 10000.17 {'PEARLS': -7}
180800 10000.15 {'PEARLS': -7}
180900 10000.14 {'PEARLS': -7}
181000 10000.13 {'PEARLS': -7}
181100 10000.26 {'PEARLS': -7}
181200 10000.23 {'PEARLS': -7}
181300 10000.21 {'PEARLS': -7}
181400 10000.19 {'PEARLS': -7}
181500 10000.17 {'PEARLS': -7}
181600 10000.16 {'PEARLS': -7}
best_bid_volume:  3
SELL 3 at 10002
181700 10000.43 {'PEARLS': -10}
181800 10000.48 {'PEARLS': -10}
181900 10000.34 {'PEARLS': -10}
182000 10000.31 {'PEARLS': -10}
182100 10000.18 {'PEARLS': -10}
182200 10000.17 {'PEARLS': -10}
182300 10000.29 {'PEARLS': -10}
best_ask_volume:  -2
BUY 2 at 10000
182400 10000.03 {'PEARLS': -8}
182500 10000.02 {'PEARLS': -8}
best_bid_volume:  1
SELL 1 at 10002
182600 10000.31 {'PEARLS': -9}
182700 10000.28 {'PEARLS': -9}
182800 10000.25 {'PEARLS': -9}
best_ask_volume:  -5
BUY 5 at 10000
182900 10000.04 {'PEARLS': -4}
183000 10000.03 {'PEARLS': -4}
best_bid_volume:  1
SELL 1 at 10002
183100 10000.32 {'PEARLS': -5}
183200 10000.43 {'PEARLS': -5}
best_ask_volume:  -4
BUY 4 at 9998
183300 10000.1 {'PEARLS': -1}
183400 10000.09 {'PEARLS': -1}
best_ask_volume:  -2
BUY 2 at 9998
183500 9999.8 {'PEARLS': 1}
183600 9999.82 {'PEARLS': 1}
183700 9999.69 {'PEARLS': 1}
183800 9999.72 {'PEARLS': 1}
183900 9999.75 {'PEARLS': 1}
184000 9999.77 {'PEARLS': 1}
184100 9999.7 {'PEARLS': 1}
184200 9999.58 {'PEARLS': 1}
184300 9999.62 {'PEARLS': 1}
184400 9999.66 {'PEARLS': 1}
184500 9999.69 {'PEARLS': 1}
184600 9999.72 {'PEARLS': 1}
184700 9999.65 {'PEARLS': 1}
184800 9999.69 {'PEARLS': 1}
184900 9999.81 {'PEARLS': 1}
185000 9999.92 {'PEARLS': 1}
185100 9999.93 {'PEARLS': 1}
185200 9999.94 {'PEARLS': 1}
185300 9999.94 {'PEARLS': 1}
185400 9999.95 {'PEARLS': 1}
185500 10000.1 {'PEARLS': 1}
185600 10000.09 {'PEARLS': 1}
185700 9999.98 {'PEARLS': 1}
185800 10000.13 {'PEARLS': 1}
185900 10000.02 {'PEARLS': 1}
186000 10000.02 {'PEARLS': 1}
186100 10000.02 {'PEARLS': 1}
186200 9999.92 {'PEARLS': 1}
186300 9999.83 {'PEARLS': 1}
186400 9999.94 {'PEARLS': 1}
best_ask_volume:  -1
BUY 1 at 9998
186500 9999.66 {'PEARLS': 2}
186600 9999.7 {'PEARLS': 2}
186700 9999.72 {'PEARLS': 2}
best_ask_volume:  -2
BUY 2 at 9998
186800 9999.47 {'PEARLS': 4}
186900 9999.52 {'PEARLS': 4}
187000 9999.56 {'PEARLS': 4}
187100 9999.6 {'PEARLS': 4}
187200 9999.55 {'PEARLS': 4}
best_ask_volume:  -2
BUY 2 at 9998
187300 9999.26 {'PEARLS': 6}
187400 9999.18 {'PEARLS': 6}
187500 9999.12 {'PEARLS': 6}
187600 9999.3 {'PEARLS': 6}
best_bid_volume:  10
SELL 10 at 10002
187700 9999.65 {'PEARLS': -4}
187800 9999.68 {'PEARLS': -4}
187900 9999.86 {'PEARLS': -4}
188000 9999.97 {'PEARLS': -4}
188100 9999.97 {'PEARLS': -4}
188200 9999.97 {'PEARLS': -4}
best_ask_volume:  -1
BUY 1 at 9998
188300 9999.69 {'PEARLS': -3}
188400 9999.72 {'PEARLS': -3}
188500 9999.75 {'PEARLS': -3}
188600 9999.77 {'PEARLS': -3}
188700 9999.79 {'PEARLS': -3}
188800 9999.81 {'PEARLS': -3}
188900 9999.97 {'PEARLS': -3}
best_ask_volume:  -5
BUY 5 at 9998
189000 9999.69 {'PEARLS': 2}
189100 9999.72 {'PEARLS': 2}
189200 9999.75 {'PEARLS': 2}
189300 9999.77 {'PEARLS': 2}
189400 9999.79 {'PEARLS': 2}
189500 9999.81 {'PEARLS': 2}
189600 9999.83 {'PEARLS': 2}
best_bid_volume:  8
SELL 8 at 10002
189700 10000.18 {'PEARLS': -6}
best_ask_volume:  -1
BUY 1 at 9998
189800 9999.88 {'PEARLS': -5}
best_ask_volume:  -1
BUY 1 at 9998
189900 9999.55 {'PEARLS': -4}
190000 9999.5 {'PEARLS': -4}
best_ask_volume:  -1
BUY 1 at 9998
190100 9999.26 {'PEARLS': -3}
190200 9999.19 {'PEARLS': -3}
best_ask_volume:  -1
BUY 1 at 9998
190300 9998.93 {'PEARLS': -2}
190400 9999.04 {'PEARLS': -2}
190500 9999.22 {'PEARLS': -2}
190600 9999.3 {'PEARLS': -2}
190700 9999.36 {'PEARLS': -2}
190800 9999.42 {'PEARLS': -2}
190900 9999.38 {'PEARLS': -2}
191000 9999.3 {'PEARLS': -2}
191100 9999.37 {'PEARLS': -2}
191200 9999.43 {'PEARLS': -2}
191300 9999.48 {'PEARLS': -2}
191400 9999.63 {'PEARLS': -2}
191500 9999.8 {'PEARLS': -2}
191600 9999.92 {'PEARLS': -2}
191700 9999.93 {'PEARLS': -2}
191800 9999.93 {'PEARLS': -2}
191900 9999.8 {'PEARLS': -2}
192000 9999.82 {'PEARLS': -2}
192100 9999.83 {'PEARLS': -2}
192200 9999.85 {'PEARLS': -2}
192300 9999.86 {'PEARLS': -2}
192400 9999.88 {'PEARLS': -2}
192500 9999.89 {'PEARLS': -2}
192600 9999.9 {'PEARLS': -2}
192700 9999.91 {'PEARLS': -2}
192800 9999.82 {'PEARLS': -2}
192900 9999.84 {'PEARLS': -2}
193000 10000.09 {'PEARLS': -2}
193100 9999.85 {'PEARLS': -2}
193200 9999.86 {'PEARLS': -2}
193300 9999.73 {'PEARLS': -2}
193400 9999.66 {'PEARLS': -2}
193500 9999.69 {'PEARLS': -2}
193600 9999.72 {'PEARLS': -2}
193700 9999.75 {'PEARLS': -2}
193800 9999.77 {'PEARLS': -2}
193900 9999.89 {'PEARLS': -2}
194000 9999.9 {'PEARLS': -2}
194100 9999.91 {'PEARLS': -2}
194200 9999.82 {'PEARLS': -2}
best_bid_volume:  1
SELL 1 at 10002
194300 10000.13 {'PEARLS': -3}
194400 10000.11 {'PEARLS': -3}
best_bid_volume:  7
SELL 7 at 10002
194500 10000.39 {'PEARLS': -10}
194600 10000.35 {'PEARLS': -10}
194700 10000.32 {'PEARLS': -10}
194800 10000.29 {'PEARLS': -10}
194900 10000.26 {'PEARLS': -10}
195000 10000.24 {'PEARLS': -10}
best_bid_volume:  1
SELL 1 at 10002
195100 10000.5 {'PEARLS': -11}
195200 10000.45 {'PEARLS': -11}
best_ask_volume:  -9
BUY 9 at 9998
195300 10000.08 {'PEARLS': -2}
195400 10000.07 {'PEARLS': -2}
195500 10000.2 {'PEARLS': -2}
best_bid_volume:  1
SELL 1 at 10002
195600 10000.47 {'PEARLS': -3}
195700 10000.52 {'PEARLS': -3}
195800 10000.57 {'PEARLS': -3}
195900 10000.42 {'PEARLS': -3}
196000 10000.38 {'PEARLS': -3}
196100 10000.34 {'PEARLS': -3}
196200 10000.31 {'PEARLS': -3}
196300 10000.18 {'PEARLS': -3}
196400 10000.26 {'PEARLS': -3}
best_ask_volume:  -6
BUY 6 at 10000
196500 10000.14 {'PEARLS': 3}
196600 10000.13 {'PEARLS': 3}
196700 10000.12 {'PEARLS': 3}
196800 10000.2 {'PEARLS': 3}
196900 10000.37 {'PEARLS': 3}
197000 10000.34 {'PEARLS': 3}
best_ask_volume:  -1
BUY 1 at 9998
197100 10000.02 {'PEARLS': 4}
best_bid_volume:  1
SELL 1 at 10002
197200 10000.3 {'PEARLS': 3}
197300 10000.27 {'PEARLS': 3}
197400 10000.34 {'PEARLS': 3}
best_ask_volume:  -1
BUY 1 at 9998
197500 10000.02 {'PEARLS': 4}
197600 10000.12 {'PEARLS': 4}
197700 10000.01 {'PEARLS': 4}
197800 9999.87 {'PEARLS': 4}
197900 9999.88 {'PEARLS': 4}
198000 9999.89 {'PEARLS': 4}
198100 9999.9 {'PEARLS': 4}
198200 9999.82 {'PEARLS': 4}
198300 9999.74 {'PEARLS': 4}
198400 9999.67 {'PEARLS': 4}
198500 9999.84 {'PEARLS': 4}
198600 9999.76 {'PEARLS': 4}
198700 9999.78 {'PEARLS': 4}
198800 9999.95 {'PEARLS': 4}
198900 9999.95 {'PEARLS': 4}
199000 9999.86 {'PEARLS': 4}
199100 9999.88 {'PEARLS': 4}
199200 9999.89 {'PEARLS': 4}
199300 9999.9 {'PEARLS': 4}
199400 9999.91 {'PEARLS': 4}
best_bid_volume:  4
SELL 4 at 10002
199500 10000.25 {'PEARLS': 0}
best_ask_volume:  -2
BUY 2 at 9998
199600 9999.94 {'PEARLS': 2}
199700 9999.95 {'PEARLS': 2}
best_bid_volume:  1
SELL 1 at 10002
199800 10000.24 {'PEARLS': 1}
199900 10000.21 {'PEARLS': 1}


Submission logs:
